#
# There is insufficient memory for the Java Runtime Environment to continue.
# Native memory allocation (malloc) failed to allocate 554896 bytes. Error detail: Chunk::new
# Possible reasons:
#   The system is out of physical RAM or swap space
#   This process is running with CompressedOops enabled, and the Java Heap may be blocking the growth of the native heap
# Possible solutions:
#   Reduce memory load on the system
#   Increase physical memory or swap space
#   Check if swap backing store is full
#   Decrease Java heap size (-Xmx/-Xms)
#   Decrease number of Java threads
#   Decrease Java thread stack sizes (-Xss)
#   Set larger code cache with -XX:ReservedCodeCacheSize=
#   JVM is running with Unscaled Compressed Oops mode in which the Java heap is
#     placed in the first 4GB address space. The Java Heap base address is the
#     maximum limit for the native heap growth. Please use -XX:HeapBaseMinAddress
#     to set the Java Heap base and to place the Java Heap above 4GB virtual address.
# This output file may be truncated or incomplete.
#
#  Out of Memory Error (arena.cpp:150), pid=15380, tid=16372
#
# JRE version: OpenJDK Runtime Environment (22.0.2+9) (build 22.0.2+9-70)
# Java VM: OpenJDK 64-Bit Server VM (22.0.2+9-70, mixed mode, sharing, tiered, compressed oops, compressed class ptrs, g1 gc, windows-amd64)
# No core dump will be written. Minidumps are not enabled by default on client versions of Windows
#

---------------  S U M M A R Y ------------

Command Line: --add-opens=java.base/java.util=ALL-UNNAMED --add-opens=java.base/java.lang=ALL-UNNAMED --add-opens=java.base/java.lang.invoke=ALL-UNNAMED --add-opens=java.prefs/java.util.prefs=ALL-UNNAMED --add-opens=java.base/java.nio.charset=ALL-UNNAMED --add-opens=java.base/java.net=ALL-UNNAMED --add-opens=java.base/java.util.concurrent.atomic=ALL-UNNAMED -XX:MaxMetaspaceSize=384m -XX:+HeapDumpOnOutOfMemoryError -Xms256m -Xmx512m -Dfile.encoding=windows-1252 -Duser.country=US -Duser.language=en -Duser.variant -javaagent:C:\Users\ASUS\.gradle\wrapper\dists\gradle-8.7-bin\bhs2wmbdwecv87pi65oeuq5iu\gradle-8.7\lib\agents\gradle-instrumentation-agent-8.7.jar org.gradle.launcher.daemon.bootstrap.GradleDaemon 8.7

Host: Intel(R) Core(TM) i5-7300HQ CPU @ 2.50GHz, 4 cores, 7G,  Windows 10 , 64 bit Build 19041 (10.0.19041.2546)
Time: Tue Dec 10 23:58:13 2024 SE Asia Standard Time elapsed time: 7.750704 seconds (0d 0h 0m 7s)

---------------  T H R E A D  ---------------

Current thread (0x000002211941c830):  JavaThread "C2 CompilerThread1" daemon [_thread_in_native, id=16372, stack(0x000000b987e00000,0x000000b987f00000) (1024K)]


Current CompileTask:
C2:7750 5336       4       org.objectweb.asm.SymbolTable::addConstantMemberReference (147 bytes)

Stack: [0x000000b987e00000,0x000000b987f00000]
Native frames: (J=compiled Java code, j=interpreted, Vv=VM code, C=native code)
V  [jvm.dll+0x6e26e9]  (no source info available)
V  [jvm.dll+0x875753]  (no source info available)
V  [jvm.dll+0x877b7e]  (no source info available)
V  [jvm.dll+0x878253]  (no source info available)
V  [jvm.dll+0x27fc86]  (no source info available)
V  [jvm.dll+0xc3d0f]  (no source info available)
V  [jvm.dll+0xc3f6b]  (no source info available)
V  [jvm.dll+0x3bb442]  (no source info available)
V  [jvm.dll+0x387d4b]  (no source info available)
V  [jvm.dll+0x3871ba]  (no source info available)
V  [jvm.dll+0x2477f8]  (no source info available)
V  [jvm.dll+0x246e9f]  (no source info available)
V  [jvm.dll+0x1c4e80]  (no source info available)
V  [jvm.dll+0x2568f3]  (no source info available)
V  [jvm.dll+0x254baa]  (no source info available)
V  [jvm.dll+0x3f57a6]  (no source info available)
V  [jvm.dll+0x81dc0b]  (no source info available)
V  [jvm.dll+0x6e0d85]  (no source info available)
C  [ucrtbase.dll+0x21bb2]  (no source info available)
C  [KERNEL32.DLL+0x17614]  (no source info available)
C  [ntdll.dll+0x526a1]  (no source info available)


---------------  P R O C E S S  ---------------

Threads class SMR info:
_java_thread_list=0x000002211e35e250, length=39, elements={
0x0000022162d1ed60, 0x000002217cf8eea0, 0x000002217cf8fd70, 0x000002217cf913c0,
0x000002217cf92e30, 0x000002217cf93890, 0x000002217cf942f0, 0x000002217cf95080,
0x000002217cfb6b40, 0x00000221191ae3d0, 0x00000221193f57c0, 0x000002211adab7f0,
0x000002211af9f500, 0x000002211ade1c50, 0x000002211adcd440, 0x000002211af2ed30,
0x000002211ac29d60, 0x000002211ac26f70, 0x000002211ac29040, 0x000002211ac27c90,
0x000002211ac296d0, 0x000002211ac27600, 0x000002211ac28320, 0x000002211ac289b0,
0x000002211ccc7580, 0x000002211ccc4790, 0x000002211ccc4e20, 0x000002211ccc6ef0,
0x000002211ccc61d0, 0x000002211ccc7c10, 0x000002211ccc54b0, 0x000002211ccc5b40,
0x000002211ccc33e0, 0x000002211ccc8fc0, 0x000002211ccc82a0, 0x000002211ccc9650,
0x000002211ccc2d50, 0x000002211ccca370, 0x000002211941c830
}

Java Threads: ( => current thread )
  0x0000022162d1ed60 JavaThread "main"                              [_thread_blocked, id=6036, stack(0x000000b986b00000,0x000000b986c00000) (1024K)]
  0x000002217cf8eea0 JavaThread "Reference Handler"          daemon [_thread_blocked, id=13688, stack(0x000000b987400000,0x000000b987500000) (1024K)]
  0x000002217cf8fd70 JavaThread "Finalizer"                  daemon [_thread_blocked, id=15212, stack(0x000000b987500000,0x000000b987600000) (1024K)]
  0x000002217cf913c0 JavaThread "Signal Dispatcher"          daemon [_thread_blocked, id=3284, stack(0x000000b987600000,0x000000b987700000) (1024K)]
  0x000002217cf92e30 JavaThread "Attach Listener"            daemon [_thread_blocked, id=11576, stack(0x000000b987700000,0x000000b987800000) (1024K)]
  0x000002217cf93890 JavaThread "Service Thread"             daemon [_thread_blocked, id=6364, stack(0x000000b987800000,0x000000b987900000) (1024K)]
  0x000002217cf942f0 JavaThread "Monitor Deflation Thread"   daemon [_thread_blocked, id=11780, stack(0x000000b987900000,0x000000b987a00000) (1024K)]
  0x000002217cf95080 JavaThread "C2 CompilerThread0"         daemon [_thread_blocked, id=13044, stack(0x000000b987a00000,0x000000b987b00000) (1024K)]
  0x000002217cfb6b40 JavaThread "C1 CompilerThread0"         daemon [_thread_blocked, id=7776, stack(0x000000b987b00000,0x000000b987c00000) (1024K)]
  0x00000221191ae3d0 JavaThread "Common-Cleaner"             daemon [_thread_blocked, id=14424, stack(0x000000b987c00000,0x000000b987d00000) (1024K)]
  0x00000221193f57c0 JavaThread "Notification Thread"        daemon [_thread_blocked, id=15612, stack(0x000000b987d00000,0x000000b987e00000) (1024K)]
  0x000002211adab7f0 JavaThread "Daemon health stats"               [_thread_blocked, id=3296, stack(0x000000b988200000,0x000000b988300000) (1024K)]
  0x000002211af9f500 JavaThread "Incoming local TCP Connector on port 53389"        [_thread_in_native, id=16964, stack(0x000000b988300000,0x000000b988400000) (1024K)]
  0x000002211ade1c50 JavaThread "Daemon periodic checks"            [_thread_blocked, id=15236, stack(0x000000b988400000,0x000000b988500000) (1024K)]
  0x000002211adcd440 JavaThread "Daemon"                            [_thread_blocked, id=11008, stack(0x000000b988500000,0x000000b988600000) (1024K)]
  0x000002211af2ed30 JavaThread "Handler for socket connection from /127.0.0.1:53389 to /127.0.0.1:53390"        [_thread_in_native, id=5500, stack(0x000000b988600000,0x000000b988700000) (1024K)]
  0x000002211ac29d60 JavaThread "Cancel handler"                    [_thread_blocked, id=7636, stack(0x000000b988700000,0x000000b988800000) (1024K)]
  0x000002211ac26f70 JavaThread "Daemon worker"                     [_thread_in_vm, id=12592, stack(0x000000b988800000,0x000000b988900000) (1024K)]
  0x000002211ac29040 JavaThread "Asynchronous log dispatcher for DefaultDaemonConnection: socket connection from /127.0.0.1:53389 to /127.0.0.1:53390"        [_thread_blocked, id=14656, stack(0x000000b988900000,0x000000b988a00000) (1024K)]
  0x000002211ac27c90 JavaThread "Stdin handler"                     [_thread_blocked, id=14048, stack(0x000000b988a00000,0x000000b988b00000) (1024K)]
  0x000002211ac296d0 JavaThread "Daemon client event forwarder"        [_thread_blocked, id=8564, stack(0x000000b988b00000,0x000000b988c00000) (1024K)]
  0x000002211ac27600 JavaThread "Cache worker for journal cache (C:\Users\ASUS\.gradle\caches\journal-1)"        [_thread_blocked, id=4916, stack(0x000000b988c00000,0x000000b988d00000) (1024K)]
  0x000002211ac28320 JavaThread "File lock request listener"        [_thread_in_native, id=13072, stack(0x000000b988d00000,0x000000b988e00000) (1024K)]
  0x000002211ac289b0 JavaThread "Cache worker for file hash cache (C:\Users\ASUS\.gradle\caches\8.7\fileHashes)"        [_thread_blocked, id=3428, stack(0x000000b988e00000,0x000000b988f00000) (1024K)]
  0x000002211ccc7580 JavaThread "Cache worker for file hash cache (D:\codegym\thi_module_3\exam\demo\.gradle\8.7\fileHashes)"        [_thread_blocked, id=14504, stack(0x000000b988f00000,0x000000b989000000) (1024K)]
  0x000002211ccc4790 JavaThread "File watcher server"        daemon [_thread_in_native, id=12388, stack(0x000000b989000000,0x000000b989100000) (1024K)]
  0x000002211ccc4e20 JavaThread "File watcher consumer"      daemon [_thread_blocked, id=6644, stack(0x000000b989100000,0x000000b989200000) (1024K)]
  0x000002211ccc6ef0 JavaThread "jar transforms"                    [_thread_blocked, id=16000, stack(0x000000b989200000,0x000000b989300000) (1024K)]
  0x000002211ccc61d0 JavaThread "jar transforms Thread 2"           [_thread_blocked, id=2856, stack(0x000000b989300000,0x000000b989400000) (1024K)]
  0x000002211ccc7c10 JavaThread "jar transforms Thread 3"           [_thread_blocked, id=15308, stack(0x000000b989400000,0x000000b989500000) (1024K)]
  0x000002211ccc54b0 JavaThread "jar transforms Thread 4"           [_thread_blocked, id=8840, stack(0x000000b989500000,0x000000b989600000) (1024K)]
  0x000002211ccc5b40 JavaThread "Cache worker for checksums cache (D:\codegym\thi_module_3\exam\demo\.gradle\8.7\checksums)"        [_thread_blocked, id=13116, stack(0x000000b989600000,0x000000b989700000) (1024K)]
  0x000002211ccc33e0 JavaThread "Cache worker for cache directory md-supplier (C:\Users\ASUS\.gradle\caches\8.7\md-supplier)"        [_thread_blocked, id=4336, stack(0x000000b989700000,0x000000b989800000) (1024K)]
  0x000002211ccc8fc0 JavaThread "Cache worker for cache directory md-rule (C:\Users\ASUS\.gradle\caches\8.7\md-rule)"        [_thread_blocked, id=12940, stack(0x000000b989800000,0x000000b989900000) (1024K)]
  0x000002211ccc82a0 JavaThread "Cache worker for file content cache (C:\Users\ASUS\.gradle\caches\8.7\fileContent)"        [_thread_blocked, id=15780, stack(0x000000b989900000,0x000000b989a00000) (1024K)]
  0x000002211ccc9650 JavaThread "Unconstrained build operations"        [_thread_blocked, id=11312, stack(0x000000b989a00000,0x000000b989b00000) (1024K)]
  0x000002211ccc2d50 JavaThread "Unconstrained build operations Thread 2"        [_thread_blocked, id=9032, stack(0x000000b989b00000,0x000000b989c00000) (1024K)]
  0x000002211ccca370 JavaThread "Unconstrained build operations Thread 3"        [_thread_blocked, id=11512, stack(0x000000b989c00000,0x000000b989d00000) (1024K)]
=>0x000002211941c830 JavaThread "C2 CompilerThread1"         daemon [_thread_in_native, id=16372, stack(0x000000b987e00000,0x000000b987f00000) (1024K)]
Total: 39

Other Threads:
  0x000002217cf74520 VMThread "VM Thread"                           [id=9044, stack(0x000000b987300000,0x000000b987400000) (1024K)]
  0x000002217cf62330 WatcherThread "VM Periodic Task Thread"        [id=10508, stack(0x000000b987200000,0x000000b987300000) (1024K)]
  0x0000022162d4a5a0 WorkerThread "GC Thread#0"                     [id=7500, stack(0x000000b986d00000,0x000000b986e00000) (1024K)]
  0x0000022119737f70 WorkerThread "GC Thread#1"                     [id=13352, stack(0x000000b987f00000,0x000000b988000000) (1024K)]
  0x0000022119a534d0 WorkerThread "GC Thread#2"                     [id=4376, stack(0x000000b988000000,0x000000b988100000) (1024K)]
  0x0000022119759a90 WorkerThread "GC Thread#3"                     [id=10672, stack(0x000000b988100000,0x000000b988200000) (1024K)]
  0x0000022162d503b0 ConcurrentGCThread "G1 Main Marker"            [id=4412, stack(0x000000b986e00000,0x000000b986f00000) (1024K)]
  0x0000022162d50e80 WorkerThread "G1 Conc#0"                       [id=16016, stack(0x000000b986f00000,0x000000b987000000) (1024K)]
  0x000002217ce325b0 ConcurrentGCThread "G1 Refine#0"               [id=8148, stack(0x000000b987000000,0x000000b987100000) (1024K)]
  0x000002217ce32f40 ConcurrentGCThread "G1 Service"                [id=4868, stack(0x000000b987100000,0x000000b987200000) (1024K)]
Total: 10

Threads with active compile tasks:
C2 CompilerThread1  7773 5336       4       org.objectweb.asm.SymbolTable::addConstantMemberReference (147 bytes)
Total: 1

VM state: not at safepoint (normal execution)

VM Mutex/Monitor currently owned by a thread:  ([mutex/lock_event])
[0x00007fff2e55ab00] Metaspace_lock - owner thread: 0x000002211ac26f70

Heap address: 0x00000000e0000000, size: 512 MB, Compressed Oops mode: 32-bit

CDS archive(s) mapped at: [0x0000022100000000-0x0000022100c60000-0x0000022100c60000), size 12976128, SharedBaseAddress: 0x0000022100000000, ArchiveRelocationMode: 1.
Compressed class space mapped at: 0x0000022101000000-0x0000022115000000, reserved size: 335544320
Narrow klass base: 0x0000022100000000, Narrow klass shift: 0, Narrow klass range: 0x15000000

GC Precious Log:
 CardTable entry size: 512
 Card Set container configuration: InlinePtr #cards 5 size 8 Array Of Cards #cards 12 size 40 Howl #buckets 4 coarsen threshold 1843 Howl Bitmap #cards 512 size 80 coarsen threshold 460 Card regions per heap region 1 cards per card region 2048
 CPUs: 4 total, 4 available
 Memory: 8076M
 Large Page Support: Disabled
 NUMA Support: Disabled
 Compressed Oops: Enabled (32-bit)
 Heap Region Size: 1M
 Heap Min Capacity: 256M
 Heap Initial Capacity: 256M
 Heap Max Capacity: 512M
 Pre-touch: Disabled
 Parallel Workers: 4
 Concurrent Workers: 1
 Concurrent Refinement Workers: 4
 Periodic GC: Disabled

Heap:
 garbage-first heap   total reserved 524288K, committed 262144K, used 192948K [0x00000000e0000000, 0x0000000100000000)
  region size 1024K, 144 young (147456K), 16 survivors (16384K)
 Metaspace       used 46502K, committed 48128K, reserved 393216K
  class space    used 6794K, committed 7552K, reserved 327680K

Heap Regions: E=young(eden), S=young(survivor), O=old, HS=humongous(starts), HC=humongous(continues), CS=collection set, F=free, TAMS=top-at-mark-start, PB=parsable bottom
|   0|0x00000000e0000000, 0x00000000e0100000, 0x00000000e0100000|100%| O|  |TAMS 0x00000000e0000000| PB 0x00000000e0000000| Untracked |  0
|   1|0x00000000e0100000, 0x00000000e0200000, 0x00000000e0200000|100%| O|  |TAMS 0x00000000e0100000| PB 0x00000000e0100000| Untracked |  0
|   2|0x00000000e0200000, 0x00000000e0300000, 0x00000000e0300000|100%|HS|  |TAMS 0x00000000e0200000| PB 0x00000000e0200000| Complete |  0
|   3|0x00000000e0300000, 0x00000000e0400000, 0x00000000e0400000|100%|HC|  |TAMS 0x00000000e0300000| PB 0x00000000e0300000| Complete |  0
|   4|0x00000000e0400000, 0x00000000e0500000, 0x00000000e0500000|100%|HC|  |TAMS 0x00000000e0400000| PB 0x00000000e0400000| Complete |  0
|   5|0x00000000e0500000, 0x00000000e0600000, 0x00000000e0600000|100%|HC|  |TAMS 0x00000000e0500000| PB 0x00000000e0500000| Complete |  0
|   6|0x00000000e0600000, 0x00000000e0700000, 0x00000000e0700000|100%| O|  |TAMS 0x00000000e0600000| PB 0x00000000e0600000| Untracked |  0
|   7|0x00000000e0700000, 0x00000000e0800000, 0x00000000e0800000|100%| O|  |TAMS 0x00000000e0700000| PB 0x00000000e0700000| Untracked |  0
|   8|0x00000000e0800000, 0x00000000e0900000, 0x00000000e0900000|100%| O|  |TAMS 0x00000000e0800000| PB 0x00000000e0800000| Untracked |  0
|   9|0x00000000e0900000, 0x00000000e0a00000, 0x00000000e0a00000|100%| O|  |TAMS 0x00000000e0900000| PB 0x00000000e0900000| Untracked |  0
|  10|0x00000000e0a00000, 0x00000000e0b00000, 0x00000000e0b00000|100%| O|  |TAMS 0x00000000e0a00000| PB 0x00000000e0a00000| Untracked |  0
|  11|0x00000000e0b00000, 0x00000000e0c00000, 0x00000000e0c00000|100%| O|  |TAMS 0x00000000e0b00000| PB 0x00000000e0b00000| Untracked |  0
|  12|0x00000000e0c00000, 0x00000000e0d00000, 0x00000000e0d00000|100%| O|  |TAMS 0x00000000e0c00000| PB 0x00000000e0c00000| Untracked |  0
|  13|0x00000000e0d00000, 0x00000000e0e00000, 0x00000000e0e00000|100%|HS|  |TAMS 0x00000000e0d00000| PB 0x00000000e0d00000| Complete |  0
|  14|0x00000000e0e00000, 0x00000000e0f00000, 0x00000000e0f00000|100%|HC|  |TAMS 0x00000000e0e00000| PB 0x00000000e0e00000| Complete |  0
|  15|0x00000000e0f00000, 0x00000000e1000000, 0x00000000e1000000|100%|HC|  |TAMS 0x00000000e0f00000| PB 0x00000000e0f00000| Complete |  0
|  16|0x00000000e1000000, 0x00000000e1100000, 0x00000000e1100000|100%|HC|  |TAMS 0x00000000e1000000| PB 0x00000000e1000000| Complete |  0
|  17|0x00000000e1100000, 0x00000000e1200000, 0x00000000e1200000|100%|HC|  |TAMS 0x00000000e1100000| PB 0x00000000e1100000| Complete |  0
|  18|0x00000000e1200000, 0x00000000e1300000, 0x00000000e1300000|100%|HS|  |TAMS 0x00000000e1200000| PB 0x00000000e1200000| Complete |  0
|  19|0x00000000e1300000, 0x00000000e1400000, 0x00000000e1400000|100%|HC|  |TAMS 0x00000000e1300000| PB 0x00000000e1300000| Complete |  0
|  20|0x00000000e1400000, 0x00000000e1500000, 0x00000000e1500000|100%|HC|  |TAMS 0x00000000e1400000| PB 0x00000000e1400000| Complete |  0
|  21|0x00000000e1500000, 0x00000000e1600000, 0x00000000e1600000|100%|HS|  |TAMS 0x00000000e1500000| PB 0x00000000e1500000| Complete |  0
|  22|0x00000000e1600000, 0x00000000e1700000, 0x00000000e1700000|100%|HC|  |TAMS 0x00000000e1600000| PB 0x00000000e1600000| Complete |  0
|  23|0x00000000e1700000, 0x00000000e1800000, 0x00000000e1800000|100%|HC|  |TAMS 0x00000000e1700000| PB 0x00000000e1700000| Complete |  0
|  24|0x00000000e1800000, 0x00000000e1900000, 0x00000000e1900000|100%| O|  |TAMS 0x00000000e1800000| PB 0x00000000e1800000| Untracked |  0
|  25|0x00000000e1900000, 0x00000000e1a00000, 0x00000000e1a00000|100%| O|  |TAMS 0x00000000e1900000| PB 0x00000000e1900000| Untracked |  0
|  26|0x00000000e1a00000, 0x00000000e1a6d130, 0x00000000e1b00000| 42%| O|  |TAMS 0x00000000e1a00000| PB 0x00000000e1a00000| Untracked |  0
|  27|0x00000000e1b00000, 0x00000000e1c00000, 0x00000000e1c00000|100%|HS|  |TAMS 0x00000000e1b00000| PB 0x00000000e1b00000| Complete |  0
|  28|0x00000000e1c00000, 0x00000000e1d00000, 0x00000000e1d00000|100%|HS|  |TAMS 0x00000000e1c00000| PB 0x00000000e1c00000| Complete |  0
|  29|0x00000000e1d00000, 0x00000000e1e00000, 0x00000000e1e00000|100%|HC|  |TAMS 0x00000000e1d00000| PB 0x00000000e1d00000| Complete |  0
|  30|0x00000000e1e00000, 0x00000000e1f00000, 0x00000000e1f00000|100%|HS|  |TAMS 0x00000000e1e00000| PB 0x00000000e1e00000| Complete |  0
|  31|0x00000000e1f00000, 0x00000000e2000000, 0x00000000e2000000|100%|HC|  |TAMS 0x00000000e1f00000| PB 0x00000000e1f00000| Complete |  0
|  32|0x00000000e2000000, 0x00000000e2100000, 0x00000000e2100000|100%|HS|  |TAMS 0x00000000e2000000| PB 0x00000000e2000000| Complete |  0
|  33|0x00000000e2100000, 0x00000000e2200000, 0x00000000e2200000|100%|HC|  |TAMS 0x00000000e2100000| PB 0x00000000e2100000| Complete |  0
|  34|0x00000000e2200000, 0x00000000e2300000, 0x00000000e2300000|100%|HC|  |TAMS 0x00000000e2200000| PB 0x00000000e2200000| Complete |  0
|  35|0x00000000e2300000, 0x00000000e2400000, 0x00000000e2400000|100%|HC|  |TAMS 0x00000000e2300000| PB 0x00000000e2300000| Complete |  0
|  36|0x00000000e2400000, 0x00000000e2500000, 0x00000000e2500000|100%|HC|  |TAMS 0x00000000e2400000| PB 0x00000000e2400000| Complete |  0
|  37|0x00000000e2500000, 0x00000000e2600000, 0x00000000e2600000|100%|HS|  |TAMS 0x00000000e2500000| PB 0x00000000e2500000| Complete |  0
|  38|0x00000000e2600000, 0x00000000e2700000, 0x00000000e2700000|100%|HC|  |TAMS 0x00000000e2600000| PB 0x00000000e2600000| Complete |  0
|  39|0x00000000e2700000, 0x00000000e2800000, 0x00000000e2800000|100%|HC|  |TAMS 0x00000000e2700000| PB 0x00000000e2700000| Complete |  0
|  40|0x00000000e2800000, 0x00000000e2900000, 0x00000000e2900000|100%|HS|  |TAMS 0x00000000e2800000| PB 0x00000000e2800000| Complete |  0
|  41|0x00000000e2900000, 0x00000000e2a00000, 0x00000000e2a00000|100%|HC|  |TAMS 0x00000000e2900000| PB 0x00000000e2900000| Complete |  0
|  42|0x00000000e2a00000, 0x00000000e2b00000, 0x00000000e2b00000|100%|HC|  |TAMS 0x00000000e2a00000| PB 0x00000000e2a00000| Complete |  0
|  43|0x00000000e2b00000, 0x00000000e2c00000, 0x00000000e2c00000|100%|HC|  |TAMS 0x00000000e2b00000| PB 0x00000000e2b00000| Complete |  0
|  44|0x00000000e2c00000, 0x00000000e2d00000, 0x00000000e2d00000|100%|HC|  |TAMS 0x00000000e2c00000| PB 0x00000000e2c00000| Complete |  0
|  45|0x00000000e2d00000, 0x00000000e2e00000, 0x00000000e2e00000|100%|HS|  |TAMS 0x00000000e2d00000| PB 0x00000000e2d00000| Complete |  0
|  46|0x00000000e2e00000, 0x00000000e2f00000, 0x00000000e2f00000|100%|HS|  |TAMS 0x00000000e2e00000| PB 0x00000000e2e00000| Complete |  0
|  47|0x00000000e2f00000, 0x00000000e2f00000, 0x00000000e3000000|  0%| F|  |TAMS 0x00000000e2f00000| PB 0x00000000e2f00000| Untracked |  0
|  48|0x00000000e3000000, 0x00000000e3000000, 0x00000000e3100000|  0%| F|  |TAMS 0x00000000e3000000| PB 0x00000000e3000000| Untracked |  0
|  49|0x00000000e3100000, 0x00000000e3100000, 0x00000000e3200000|  0%| F|  |TAMS 0x00000000e3100000| PB 0x00000000e3100000| Untracked |  0
|  50|0x00000000e3200000, 0x00000000e3200000, 0x00000000e3300000|  0%| F|  |TAMS 0x00000000e3200000| PB 0x00000000e3200000| Untracked |  0
|  51|0x00000000e3300000, 0x00000000e3300000, 0x00000000e3400000|  0%| F|  |TAMS 0x00000000e3300000| PB 0x00000000e3300000| Untracked |  0
|  52|0x00000000e3400000, 0x00000000e3400000, 0x00000000e3500000|  0%| F|  |TAMS 0x00000000e3400000| PB 0x00000000e3400000| Untracked |  0
|  53|0x00000000e3500000, 0x00000000e3500000, 0x00000000e3600000|  0%| F|  |TAMS 0x00000000e3500000| PB 0x00000000e3500000| Untracked |  0
|  54|0x00000000e3600000, 0x00000000e3600000, 0x00000000e3700000|  0%| F|  |TAMS 0x00000000e3600000| PB 0x00000000e3600000| Untracked |  0
|  55|0x00000000e3700000, 0x00000000e3700000, 0x00000000e3800000|  0%| F|  |TAMS 0x00000000e3700000| PB 0x00000000e3700000| Untracked |  0
|  56|0x00000000e3800000, 0x00000000e3800000, 0x00000000e3900000|  0%| F|  |TAMS 0x00000000e3800000| PB 0x00000000e3800000| Untracked |  0
|  57|0x00000000e3900000, 0x00000000e3900000, 0x00000000e3a00000|  0%| F|  |TAMS 0x00000000e3900000| PB 0x00000000e3900000| Untracked |  0
|  58|0x00000000e3a00000, 0x00000000e3a00000, 0x00000000e3b00000|  0%| F|  |TAMS 0x00000000e3a00000| PB 0x00000000e3a00000| Untracked |  0
|  59|0x00000000e3b00000, 0x00000000e3b00000, 0x00000000e3c00000|  0%| F|  |TAMS 0x00000000e3b00000| PB 0x00000000e3b00000| Untracked |  0
|  60|0x00000000e3c00000, 0x00000000e3c00000, 0x00000000e3d00000|  0%| F|  |TAMS 0x00000000e3c00000| PB 0x00000000e3c00000| Untracked |  0
|  61|0x00000000e3d00000, 0x00000000e3d00000, 0x00000000e3e00000|  0%| F|  |TAMS 0x00000000e3d00000| PB 0x00000000e3d00000| Untracked |  0
|  62|0x00000000e3e00000, 0x00000000e3e00000, 0x00000000e3f00000|  0%| F|  |TAMS 0x00000000e3e00000| PB 0x00000000e3e00000| Untracked |  0
|  63|0x00000000e3f00000, 0x00000000e3f00000, 0x00000000e4000000|  0%| F|  |TAMS 0x00000000e3f00000| PB 0x00000000e3f00000| Untracked |  0
|  64|0x00000000e4000000, 0x00000000e4000000, 0x00000000e4100000|  0%| F|  |TAMS 0x00000000e4000000| PB 0x00000000e4000000| Untracked |  0
|  65|0x00000000e4100000, 0x00000000e4100000, 0x00000000e4200000|  0%| F|  |TAMS 0x00000000e4100000| PB 0x00000000e4100000| Untracked |  0
|  66|0x00000000e4200000, 0x00000000e4200000, 0x00000000e4300000|  0%| F|  |TAMS 0x00000000e4200000| PB 0x00000000e4200000| Untracked |  0
|  67|0x00000000e4300000, 0x00000000e4300000, 0x00000000e4400000|  0%| F|  |TAMS 0x00000000e4300000| PB 0x00000000e4300000| Untracked |  0
|  68|0x00000000e4400000, 0x00000000e4400000, 0x00000000e4500000|  0%| F|  |TAMS 0x00000000e4400000| PB 0x00000000e4400000| Untracked |  0
|  69|0x00000000e4500000, 0x00000000e4500000, 0x00000000e4600000|  0%| F|  |TAMS 0x00000000e4500000| PB 0x00000000e4500000| Untracked |  0
|  70|0x00000000e4600000, 0x00000000e4600000, 0x00000000e4700000|  0%| F|  |TAMS 0x00000000e4600000| PB 0x00000000e4600000| Untracked |  0
|  71|0x00000000e4700000, 0x00000000e4700000, 0x00000000e4800000|  0%| F|  |TAMS 0x00000000e4700000| PB 0x00000000e4700000| Untracked |  0
|  72|0x00000000e4800000, 0x00000000e4800000, 0x00000000e4900000|  0%| F|  |TAMS 0x00000000e4800000| PB 0x00000000e4800000| Untracked |  0
|  73|0x00000000e4900000, 0x00000000e4900000, 0x00000000e4a00000|  0%| F|  |TAMS 0x00000000e4900000| PB 0x00000000e4900000| Untracked |  0
|  74|0x00000000e4a00000, 0x00000000e4a00000, 0x00000000e4b00000|  0%| F|  |TAMS 0x00000000e4a00000| PB 0x00000000e4a00000| Untracked |  0
|  75|0x00000000e4b00000, 0x00000000e4b00000, 0x00000000e4c00000|  0%| F|  |TAMS 0x00000000e4b00000| PB 0x00000000e4b00000| Untracked |  0
|  76|0x00000000e4c00000, 0x00000000e4c00000, 0x00000000e4d00000|  0%| F|  |TAMS 0x00000000e4c00000| PB 0x00000000e4c00000| Untracked |  0
|  77|0x00000000e4d00000, 0x00000000e4d00000, 0x00000000e4e00000|  0%| F|  |TAMS 0x00000000e4d00000| PB 0x00000000e4d00000| Untracked |  0
|  78|0x00000000e4e00000, 0x00000000e4e00000, 0x00000000e4f00000|  0%| F|  |TAMS 0x00000000e4e00000| PB 0x00000000e4e00000| Untracked |  0
|  79|0x00000000e4f00000, 0x00000000e4f00000, 0x00000000e5000000|  0%| F|  |TAMS 0x00000000e4f00000| PB 0x00000000e4f00000| Untracked |  0
|  80|0x00000000e5000000, 0x00000000e5000000, 0x00000000e5100000|  0%| F|  |TAMS 0x00000000e5000000| PB 0x00000000e5000000| Untracked |  0
|  81|0x00000000e5100000, 0x00000000e5100000, 0x00000000e5200000|  0%| F|  |TAMS 0x00000000e5100000| PB 0x00000000e5100000| Untracked |  0
|  82|0x00000000e5200000, 0x00000000e5200000, 0x00000000e5300000|  0%| F|  |TAMS 0x00000000e5200000| PB 0x00000000e5200000| Untracked |  0
|  83|0x00000000e5300000, 0x00000000e5300000, 0x00000000e5400000|  0%| F|  |TAMS 0x00000000e5300000| PB 0x00000000e5300000| Untracked |  0
|  84|0x00000000e5400000, 0x00000000e5400000, 0x00000000e5500000|  0%| F|  |TAMS 0x00000000e5400000| PB 0x00000000e5400000| Untracked |  0
|  85|0x00000000e5500000, 0x00000000e5500000, 0x00000000e5600000|  0%| F|  |TAMS 0x00000000e5500000| PB 0x00000000e5500000| Untracked |  0
|  86|0x00000000e5600000, 0x00000000e5600000, 0x00000000e5700000|  0%| F|  |TAMS 0x00000000e5600000| PB 0x00000000e5600000| Untracked |  0
|  87|0x00000000e5700000, 0x00000000e5700000, 0x00000000e5800000|  0%| F|  |TAMS 0x00000000e5700000| PB 0x00000000e5700000| Untracked |  0
|  88|0x00000000e5800000, 0x00000000e5800000, 0x00000000e5900000|  0%| F|  |TAMS 0x00000000e5800000| PB 0x00000000e5800000| Untracked |  0
|  89|0x00000000e5900000, 0x00000000e5900000, 0x00000000e5a00000|  0%| F|  |TAMS 0x00000000e5900000| PB 0x00000000e5900000| Untracked |  0
|  90|0x00000000e5a00000, 0x00000000e5a00000, 0x00000000e5b00000|  0%| F|  |TAMS 0x00000000e5a00000| PB 0x00000000e5a00000| Untracked |  0
|  91|0x00000000e5b00000, 0x00000000e5b00000, 0x00000000e5c00000|  0%| F|  |TAMS 0x00000000e5b00000| PB 0x00000000e5b00000| Untracked |  0
|  92|0x00000000e5c00000, 0x00000000e5c00000, 0x00000000e5d00000|  0%| F|  |TAMS 0x00000000e5c00000| PB 0x00000000e5c00000| Untracked |  0
|  93|0x00000000e5d00000, 0x00000000e5d00000, 0x00000000e5e00000|  0%| F|  |TAMS 0x00000000e5d00000| PB 0x00000000e5d00000| Untracked |  0
|  94|0x00000000e5e00000, 0x00000000e5e00000, 0x00000000e5f00000|  0%| F|  |TAMS 0x00000000e5e00000| PB 0x00000000e5e00000| Untracked |  0
|  95|0x00000000e5f00000, 0x00000000e5f00000, 0x00000000e6000000|  0%| F|  |TAMS 0x00000000e5f00000| PB 0x00000000e5f00000| Untracked |  0
|  96|0x00000000e6000000, 0x00000000e6000000, 0x00000000e6100000|  0%| F|  |TAMS 0x00000000e6000000| PB 0x00000000e6000000| Untracked |  0
|  97|0x00000000e6100000, 0x00000000e6100000, 0x00000000e6200000|  0%| F|  |TAMS 0x00000000e6100000| PB 0x00000000e6100000| Untracked |  0
|  98|0x00000000e6200000, 0x00000000e6200000, 0x00000000e6300000|  0%| F|  |TAMS 0x00000000e6200000| PB 0x00000000e6200000| Untracked |  0
|  99|0x00000000e6300000, 0x00000000e6300000, 0x00000000e6400000|  0%| F|  |TAMS 0x00000000e6300000| PB 0x00000000e6300000| Untracked |  0
| 100|0x00000000e6400000, 0x00000000e6400000, 0x00000000e6500000|  0%| F|  |TAMS 0x00000000e6400000| PB 0x00000000e6400000| Untracked |  0
| 101|0x00000000e6500000, 0x00000000e6500000, 0x00000000e6600000|  0%| F|  |TAMS 0x00000000e6500000| PB 0x00000000e6500000| Untracked |  0
| 102|0x00000000e6600000, 0x00000000e6600000, 0x00000000e6700000|  0%| F|  |TAMS 0x00000000e6600000| PB 0x00000000e6600000| Untracked |  0
| 103|0x00000000e6700000, 0x00000000e6700000, 0x00000000e6800000|  0%| F|  |TAMS 0x00000000e6700000| PB 0x00000000e6700000| Untracked |  0
| 104|0x00000000e6800000, 0x00000000e6800000, 0x00000000e6900000|  0%| F|  |TAMS 0x00000000e6800000| PB 0x00000000e6800000| Untracked |  0
| 105|0x00000000e6900000, 0x00000000e6900000, 0x00000000e6a00000|  0%| F|  |TAMS 0x00000000e6900000| PB 0x00000000e6900000| Untracked |  0
| 106|0x00000000e6a00000, 0x00000000e6a00000, 0x00000000e6b00000|  0%| F|  |TAMS 0x00000000e6a00000| PB 0x00000000e6a00000| Untracked |  0
| 107|0x00000000e6b00000, 0x00000000e6b00000, 0x00000000e6c00000|  0%| F|  |TAMS 0x00000000e6b00000| PB 0x00000000e6b00000| Untracked |  0
| 108|0x00000000e6c00000, 0x00000000e6c00000, 0x00000000e6d00000|  0%| F|  |TAMS 0x00000000e6c00000| PB 0x00000000e6c00000| Untracked |  0
| 109|0x00000000e6d00000, 0x00000000e6d00000, 0x00000000e6e00000|  0%| F|  |TAMS 0x00000000e6d00000| PB 0x00000000e6d00000| Untracked |  0
| 110|0x00000000e6e00000, 0x00000000e6e00000, 0x00000000e6f00000|  0%| F|  |TAMS 0x00000000e6e00000| PB 0x00000000e6e00000| Untracked |  0
| 111|0x00000000e6f00000, 0x00000000e6f00000, 0x00000000e7000000|  0%| F|  |TAMS 0x00000000e6f00000| PB 0x00000000e6f00000| Untracked |  0
| 112|0x00000000e7000000, 0x00000000e7080000, 0x00000000e7100000| 50%| E|  |TAMS 0x00000000e7000000| PB 0x00000000e7000000| Complete |  0
| 113|0x00000000e7100000, 0x00000000e7200000, 0x00000000e7200000|100%| E|CS|TAMS 0x00000000e7100000| PB 0x00000000e7100000| Complete |  0
| 114|0x00000000e7200000, 0x00000000e7300000, 0x00000000e7300000|100%| E|CS|TAMS 0x00000000e7200000| PB 0x00000000e7200000| Complete |  0
| 115|0x00000000e7300000, 0x00000000e7400000, 0x00000000e7400000|100%| E|CS|TAMS 0x00000000e7300000| PB 0x00000000e7300000| Complete |  0
| 116|0x00000000e7400000, 0x00000000e7500000, 0x00000000e7500000|100%| E|CS|TAMS 0x00000000e7400000| PB 0x00000000e7400000| Complete |  0
| 117|0x00000000e7500000, 0x00000000e7600000, 0x00000000e7600000|100%| E|CS|TAMS 0x00000000e7500000| PB 0x00000000e7500000| Complete |  0
| 118|0x00000000e7600000, 0x00000000e7700000, 0x00000000e7700000|100%| E|CS|TAMS 0x00000000e7600000| PB 0x00000000e7600000| Complete |  0
| 119|0x00000000e7700000, 0x00000000e7800000, 0x00000000e7800000|100%| E|CS|TAMS 0x00000000e7700000| PB 0x00000000e7700000| Complete |  0
| 120|0x00000000e7800000, 0x00000000e7900000, 0x00000000e7900000|100%| E|CS|TAMS 0x00000000e7800000| PB 0x00000000e7800000| Complete |  0
| 121|0x00000000e7900000, 0x00000000e7a00000, 0x00000000e7a00000|100%| E|CS|TAMS 0x00000000e7900000| PB 0x00000000e7900000| Complete |  0
| 122|0x00000000e7a00000, 0x00000000e7b00000, 0x00000000e7b00000|100%| E|CS|TAMS 0x00000000e7a00000| PB 0x00000000e7a00000| Complete |  0
| 123|0x00000000e7b00000, 0x00000000e7c00000, 0x00000000e7c00000|100%| E|CS|TAMS 0x00000000e7b00000| PB 0x00000000e7b00000| Complete |  0
| 124|0x00000000e7c00000, 0x00000000e7d00000, 0x00000000e7d00000|100%| E|CS|TAMS 0x00000000e7c00000| PB 0x00000000e7c00000| Complete |  0
| 125|0x00000000e7d00000, 0x00000000e7e00000, 0x00000000e7e00000|100%| E|CS|TAMS 0x00000000e7d00000| PB 0x00000000e7d00000| Complete |  0
| 126|0x00000000e7e00000, 0x00000000e7f00000, 0x00000000e7f00000|100%| E|CS|TAMS 0x00000000e7e00000| PB 0x00000000e7e00000| Complete |  0
| 127|0x00000000e7f00000, 0x00000000e8000000, 0x00000000e8000000|100%| E|CS|TAMS 0x00000000e7f00000| PB 0x00000000e7f00000| Complete |  0
| 128|0x00000000e8000000, 0x00000000e8100000, 0x00000000e8100000|100%| E|CS|TAMS 0x00000000e8000000| PB 0x00000000e8000000| Complete |  0
| 129|0x00000000e8100000, 0x00000000e8200000, 0x00000000e8200000|100%| E|CS|TAMS 0x00000000e8100000| PB 0x00000000e8100000| Complete |  0
| 130|0x00000000e8200000, 0x00000000e8300000, 0x00000000e8300000|100%| E|CS|TAMS 0x00000000e8200000| PB 0x00000000e8200000| Complete |  0
| 131|0x00000000e8300000, 0x00000000e8400000, 0x00000000e8400000|100%| E|CS|TAMS 0x00000000e8300000| PB 0x00000000e8300000| Complete |  0
| 132|0x00000000e8400000, 0x00000000e8500000, 0x00000000e8500000|100%| S|CS|TAMS 0x00000000e8400000| PB 0x00000000e8400000| Complete |  0
| 133|0x00000000e8500000, 0x00000000e8600000, 0x00000000e8600000|100%| S|CS|TAMS 0x00000000e8500000| PB 0x00000000e8500000| Complete |  0
| 134|0x00000000e8600000, 0x00000000e8700000, 0x00000000e8700000|100%| S|CS|TAMS 0x00000000e8600000| PB 0x00000000e8600000| Complete |  0
| 135|0x00000000e8700000, 0x00000000e8800000, 0x00000000e8800000|100%| S|CS|TAMS 0x00000000e8700000| PB 0x00000000e8700000| Complete |  0
| 136|0x00000000e8800000, 0x00000000e8900000, 0x00000000e8900000|100%| S|CS|TAMS 0x00000000e8800000| PB 0x00000000e8800000| Complete |  0
| 137|0x00000000e8900000, 0x00000000e8a00000, 0x00000000e8a00000|100%| S|CS|TAMS 0x00000000e8900000| PB 0x00000000e8900000| Complete |  0
| 138|0x00000000e8a00000, 0x00000000e8b00000, 0x00000000e8b00000|100%| S|CS|TAMS 0x00000000e8a00000| PB 0x00000000e8a00000| Complete |  0
| 139|0x00000000e8b00000, 0x00000000e8c00000, 0x00000000e8c00000|100%| S|CS|TAMS 0x00000000e8b00000| PB 0x00000000e8b00000| Complete |  0
| 140|0x00000000e8c00000, 0x00000000e8d00000, 0x00000000e8d00000|100%| S|CS|TAMS 0x00000000e8c00000| PB 0x00000000e8c00000| Complete |  0
| 141|0x00000000e8d00000, 0x00000000e8e00000, 0x00000000e8e00000|100%| S|CS|TAMS 0x00000000e8d00000| PB 0x00000000e8d00000| Complete |  0
| 142|0x00000000e8e00000, 0x00000000e8f00000, 0x00000000e8f00000|100%| S|CS|TAMS 0x00000000e8e00000| PB 0x00000000e8e00000| Complete |  0
| 143|0x00000000e8f00000, 0x00000000e9000000, 0x00000000e9000000|100%| S|CS|TAMS 0x00000000e8f00000| PB 0x00000000e8f00000| Complete |  0
| 144|0x00000000e9000000, 0x00000000e9100000, 0x00000000e9100000|100%| E|CS|TAMS 0x00000000e9000000| PB 0x00000000e9000000| Complete |  0
| 145|0x00000000e9100000, 0x00000000e9200000, 0x00000000e9200000|100%| E|CS|TAMS 0x00000000e9100000| PB 0x00000000e9100000| Complete |  0
| 146|0x00000000e9200000, 0x00000000e9300000, 0x00000000e9300000|100%| E|CS|TAMS 0x00000000e9200000| PB 0x00000000e9200000| Complete |  0
| 147|0x00000000e9300000, 0x00000000e9400000, 0x00000000e9400000|100%| E|CS|TAMS 0x00000000e9300000| PB 0x00000000e9300000| Complete |  0
| 148|0x00000000e9400000, 0x00000000e9500000, 0x00000000e9500000|100%| E|CS|TAMS 0x00000000e9400000| PB 0x00000000e9400000| Complete |  0
| 149|0x00000000e9500000, 0x00000000e9600000, 0x00000000e9600000|100%| E|CS|TAMS 0x00000000e9500000| PB 0x00000000e9500000| Complete |  0
| 150|0x00000000e9600000, 0x00000000e9700000, 0x00000000e9700000|100%| E|CS|TAMS 0x00000000e9600000| PB 0x00000000e9600000| Complete |  0
| 151|0x00000000e9700000, 0x00000000e9800000, 0x00000000e9800000|100%| E|CS|TAMS 0x00000000e9700000| PB 0x00000000e9700000| Complete |  0
| 152|0x00000000e9800000, 0x00000000e9900000, 0x00000000e9900000|100%| E|CS|TAMS 0x00000000e9800000| PB 0x00000000e9800000| Complete |  0
| 153|0x00000000e9900000, 0x00000000e9a00000, 0x00000000e9a00000|100%| E|CS|TAMS 0x00000000e9900000| PB 0x00000000e9900000| Complete |  0
| 154|0x00000000e9a00000, 0x00000000e9b00000, 0x00000000e9b00000|100%| E|CS|TAMS 0x00000000e9a00000| PB 0x00000000e9a00000| Complete |  0
| 155|0x00000000e9b00000, 0x00000000e9c00000, 0x00000000e9c00000|100%| E|CS|TAMS 0x00000000e9b00000| PB 0x00000000e9b00000| Complete |  0
| 156|0x00000000e9c00000, 0x00000000e9d00000, 0x00000000e9d00000|100%| S|CS|TAMS 0x00000000e9c00000| PB 0x00000000e9c00000| Complete |  0
| 157|0x00000000e9d00000, 0x00000000e9e00000, 0x00000000e9e00000|100%| S|CS|TAMS 0x00000000e9d00000| PB 0x00000000e9d00000| Complete |  0
| 158|0x00000000e9e00000, 0x00000000e9f00000, 0x00000000e9f00000|100%| S|CS|TAMS 0x00000000e9e00000| PB 0x00000000e9e00000| Complete |  0
| 159|0x00000000e9f00000, 0x00000000ea000000, 0x00000000ea000000|100%| S|CS|TAMS 0x00000000e9f00000| PB 0x00000000e9f00000| Complete |  0
| 160|0x00000000ea000000, 0x00000000ea100000, 0x00000000ea100000|100%| E|CS|TAMS 0x00000000ea000000| PB 0x00000000ea000000| Complete |  0
| 161|0x00000000ea100000, 0x00000000ea200000, 0x00000000ea200000|100%| E|CS|TAMS 0x00000000ea100000| PB 0x00000000ea100000| Complete |  0
| 162|0x00000000ea200000, 0x00000000ea300000, 0x00000000ea300000|100%| E|CS|TAMS 0x00000000ea200000| PB 0x00000000ea200000| Complete |  0
| 163|0x00000000ea300000, 0x00000000ea400000, 0x00000000ea400000|100%| E|CS|TAMS 0x00000000ea300000| PB 0x00000000ea300000| Complete |  0
| 164|0x00000000ea400000, 0x00000000ea500000, 0x00000000ea500000|100%| E|CS|TAMS 0x00000000ea400000| PB 0x00000000ea400000| Complete |  0
| 165|0x00000000ea500000, 0x00000000ea600000, 0x00000000ea600000|100%| E|CS|TAMS 0x00000000ea500000| PB 0x00000000ea500000| Complete |  0
| 166|0x00000000ea600000, 0x00000000ea700000, 0x00000000ea700000|100%| E|CS|TAMS 0x00000000ea600000| PB 0x00000000ea600000| Complete |  0
| 167|0x00000000ea700000, 0x00000000ea800000, 0x00000000ea800000|100%| E|  |TAMS 0x00000000ea700000| PB 0x00000000ea700000| Complete |  0
| 168|0x00000000ea800000, 0x00000000ea900000, 0x00000000ea900000|100%| E|CS|TAMS 0x00000000ea800000| PB 0x00000000ea800000| Complete |  0
| 169|0x00000000ea900000, 0x00000000eaa00000, 0x00000000eaa00000|100%| E|CS|TAMS 0x00000000ea900000| PB 0x00000000ea900000| Complete |  0
| 170|0x00000000eaa00000, 0x00000000eab00000, 0x00000000eab00000|100%| E|CS|TAMS 0x00000000eaa00000| PB 0x00000000eaa00000| Complete |  0
| 171|0x00000000eab00000, 0x00000000eac00000, 0x00000000eac00000|100%| E|CS|TAMS 0x00000000eab00000| PB 0x00000000eab00000| Complete |  0
| 172|0x00000000eac00000, 0x00000000ead00000, 0x00000000ead00000|100%| E|CS|TAMS 0x00000000eac00000| PB 0x00000000eac00000| Complete |  0
| 173|0x00000000ead00000, 0x00000000eae00000, 0x00000000eae00000|100%| E|CS|TAMS 0x00000000ead00000| PB 0x00000000ead00000| Complete |  0
| 174|0x00000000eae00000, 0x00000000eaf00000, 0x00000000eaf00000|100%| E|CS|TAMS 0x00000000eae00000| PB 0x00000000eae00000| Complete |  0
| 175|0x00000000eaf00000, 0x00000000eb000000, 0x00000000eb000000|100%| E|CS|TAMS 0x00000000eaf00000| PB 0x00000000eaf00000| Complete |  0
| 176|0x00000000eb000000, 0x00000000eb100000, 0x00000000eb100000|100%| E|CS|TAMS 0x00000000eb000000| PB 0x00000000eb000000| Complete |  0
| 177|0x00000000eb100000, 0x00000000eb200000, 0x00000000eb200000|100%| E|CS|TAMS 0x00000000eb100000| PB 0x00000000eb100000| Complete |  0
| 178|0x00000000eb200000, 0x00000000eb300000, 0x00000000eb300000|100%| E|CS|TAMS 0x00000000eb200000| PB 0x00000000eb200000| Complete |  0
| 179|0x00000000eb300000, 0x00000000eb400000, 0x00000000eb400000|100%| E|CS|TAMS 0x00000000eb300000| PB 0x00000000eb300000| Complete |  0
| 180|0x00000000eb400000, 0x00000000eb500000, 0x00000000eb500000|100%| E|CS|TAMS 0x00000000eb400000| PB 0x00000000eb400000| Complete |  0
| 181|0x00000000eb500000, 0x00000000eb600000, 0x00000000eb600000|100%| E|CS|TAMS 0x00000000eb500000| PB 0x00000000eb500000| Complete |  0
| 182|0x00000000eb600000, 0x00000000eb700000, 0x00000000eb700000|100%| E|CS|TAMS 0x00000000eb600000| PB 0x00000000eb600000| Complete |  0
| 183|0x00000000eb700000, 0x00000000eb800000, 0x00000000eb800000|100%| E|CS|TAMS 0x00000000eb700000| PB 0x00000000eb700000| Complete |  0
| 184|0x00000000eb800000, 0x00000000eb900000, 0x00000000eb900000|100%| E|CS|TAMS 0x00000000eb800000| PB 0x00000000eb800000| Complete |  0
| 185|0x00000000eb900000, 0x00000000eba00000, 0x00000000eba00000|100%| E|CS|TAMS 0x00000000eb900000| PB 0x00000000eb900000| Complete |  0
| 186|0x00000000eba00000, 0x00000000ebb00000, 0x00000000ebb00000|100%| E|CS|TAMS 0x00000000eba00000| PB 0x00000000eba00000| Complete |  0
| 187|0x00000000ebb00000, 0x00000000ebc00000, 0x00000000ebc00000|100%| E|CS|TAMS 0x00000000ebb00000| PB 0x00000000ebb00000| Complete |  0
| 188|0x00000000ebc00000, 0x00000000ebd00000, 0x00000000ebd00000|100%| E|CS|TAMS 0x00000000ebc00000| PB 0x00000000ebc00000| Complete |  0
| 189|0x00000000ebd00000, 0x00000000ebe00000, 0x00000000ebe00000|100%| E|CS|TAMS 0x00000000ebd00000| PB 0x00000000ebd00000| Complete |  0
| 190|0x00000000ebe00000, 0x00000000ebf00000, 0x00000000ebf00000|100%| E|CS|TAMS 0x00000000ebe00000| PB 0x00000000ebe00000| Complete |  0
| 191|0x00000000ebf00000, 0x00000000ec000000, 0x00000000ec000000|100%| E|CS|TAMS 0x00000000ebf00000| PB 0x00000000ebf00000| Complete |  0
| 192|0x00000000ec000000, 0x00000000ec100000, 0x00000000ec100000|100%| E|CS|TAMS 0x00000000ec000000| PB 0x00000000ec000000| Complete |  0
| 193|0x00000000ec100000, 0x00000000ec200000, 0x00000000ec200000|100%| E|CS|TAMS 0x00000000ec100000| PB 0x00000000ec100000| Complete |  0
| 194|0x00000000ec200000, 0x00000000ec300000, 0x00000000ec300000|100%| E|CS|TAMS 0x00000000ec200000| PB 0x00000000ec200000| Complete |  0
| 195|0x00000000ec300000, 0x00000000ec400000, 0x00000000ec400000|100%| E|CS|TAMS 0x00000000ec300000| PB 0x00000000ec300000| Complete |  0
| 196|0x00000000ec400000, 0x00000000ec500000, 0x00000000ec500000|100%| E|CS|TAMS 0x00000000ec400000| PB 0x00000000ec400000| Complete |  0
| 197|0x00000000ec500000, 0x00000000ec600000, 0x00000000ec600000|100%| E|CS|TAMS 0x00000000ec500000| PB 0x00000000ec500000| Complete |  0
| 198|0x00000000ec600000, 0x00000000ec700000, 0x00000000ec700000|100%| E|CS|TAMS 0x00000000ec600000| PB 0x00000000ec600000| Complete |  0
| 199|0x00000000ec700000, 0x00000000ec800000, 0x00000000ec800000|100%| E|CS|TAMS 0x00000000ec700000| PB 0x00000000ec700000| Complete |  0
| 200|0x00000000ec800000, 0x00000000ec900000, 0x00000000ec900000|100%| E|CS|TAMS 0x00000000ec800000| PB 0x00000000ec800000| Complete |  0
| 201|0x00000000ec900000, 0x00000000eca00000, 0x00000000eca00000|100%| E|CS|TAMS 0x00000000ec900000| PB 0x00000000ec900000| Complete |  0
| 202|0x00000000eca00000, 0x00000000ecb00000, 0x00000000ecb00000|100%| E|CS|TAMS 0x00000000eca00000| PB 0x00000000eca00000| Complete |  0
| 203|0x00000000ecb00000, 0x00000000ecc00000, 0x00000000ecc00000|100%| E|CS|TAMS 0x00000000ecb00000| PB 0x00000000ecb00000| Complete |  0
| 204|0x00000000ecc00000, 0x00000000ecd00000, 0x00000000ecd00000|100%| E|CS|TAMS 0x00000000ecc00000| PB 0x00000000ecc00000| Complete |  0
| 205|0x00000000ecd00000, 0x00000000ece00000, 0x00000000ece00000|100%| E|CS|TAMS 0x00000000ecd00000| PB 0x00000000ecd00000| Complete |  0
| 206|0x00000000ece00000, 0x00000000ecf00000, 0x00000000ecf00000|100%| E|CS|TAMS 0x00000000ece00000| PB 0x00000000ece00000| Complete |  0
| 207|0x00000000ecf00000, 0x00000000ed000000, 0x00000000ed000000|100%| E|CS|TAMS 0x00000000ecf00000| PB 0x00000000ecf00000| Complete |  0
| 208|0x00000000ed000000, 0x00000000ed100000, 0x00000000ed100000|100%| E|CS|TAMS 0x00000000ed000000| PB 0x00000000ed000000| Complete |  0
| 209|0x00000000ed100000, 0x00000000ed200000, 0x00000000ed200000|100%| E|CS|TAMS 0x00000000ed100000| PB 0x00000000ed100000| Complete |  0
| 210|0x00000000ed200000, 0x00000000ed300000, 0x00000000ed300000|100%| E|CS|TAMS 0x00000000ed200000| PB 0x00000000ed200000| Complete |  0
| 211|0x00000000ed300000, 0x00000000ed400000, 0x00000000ed400000|100%| E|CS|TAMS 0x00000000ed300000| PB 0x00000000ed300000| Complete |  0
| 212|0x00000000ed400000, 0x00000000ed500000, 0x00000000ed500000|100%| E|CS|TAMS 0x00000000ed400000| PB 0x00000000ed400000| Complete |  0
| 213|0x00000000ed500000, 0x00000000ed600000, 0x00000000ed600000|100%| E|CS|TAMS 0x00000000ed500000| PB 0x00000000ed500000| Complete |  0
| 214|0x00000000ed600000, 0x00000000ed700000, 0x00000000ed700000|100%| E|CS|TAMS 0x00000000ed600000| PB 0x00000000ed600000| Complete |  0
| 215|0x00000000ed700000, 0x00000000ed800000, 0x00000000ed800000|100%| E|CS|TAMS 0x00000000ed700000| PB 0x00000000ed700000| Complete |  0
| 216|0x00000000ed800000, 0x00000000ed900000, 0x00000000ed900000|100%| E|CS|TAMS 0x00000000ed800000| PB 0x00000000ed800000| Complete |  0
| 217|0x00000000ed900000, 0x00000000eda00000, 0x00000000eda00000|100%| E|CS|TAMS 0x00000000ed900000| PB 0x00000000ed900000| Complete |  0
| 218|0x00000000eda00000, 0x00000000edb00000, 0x00000000edb00000|100%| E|CS|TAMS 0x00000000eda00000| PB 0x00000000eda00000| Complete |  0
| 219|0x00000000edb00000, 0x00000000edc00000, 0x00000000edc00000|100%| E|CS|TAMS 0x00000000edb00000| PB 0x00000000edb00000| Complete |  0
| 220|0x00000000edc00000, 0x00000000edd00000, 0x00000000edd00000|100%| E|CS|TAMS 0x00000000edc00000| PB 0x00000000edc00000| Complete |  0
| 221|0x00000000edd00000, 0x00000000ede00000, 0x00000000ede00000|100%| E|CS|TAMS 0x00000000edd00000| PB 0x00000000edd00000| Complete |  0
| 222|0x00000000ede00000, 0x00000000edf00000, 0x00000000edf00000|100%| E|CS|TAMS 0x00000000ede00000| PB 0x00000000ede00000| Complete |  0
| 223|0x00000000edf00000, 0x00000000ee000000, 0x00000000ee000000|100%| E|CS|TAMS 0x00000000edf00000| PB 0x00000000edf00000| Complete |  0
| 224|0x00000000ee000000, 0x00000000ee100000, 0x00000000ee100000|100%| E|CS|TAMS 0x00000000ee000000| PB 0x00000000ee000000| Complete |  0
| 225|0x00000000ee100000, 0x00000000ee200000, 0x00000000ee200000|100%| E|CS|TAMS 0x00000000ee100000| PB 0x00000000ee100000| Complete |  0
| 226|0x00000000ee200000, 0x00000000ee300000, 0x00000000ee300000|100%| E|CS|TAMS 0x00000000ee200000| PB 0x00000000ee200000| Complete |  0
| 227|0x00000000ee300000, 0x00000000ee400000, 0x00000000ee400000|100%| E|CS|TAMS 0x00000000ee300000| PB 0x00000000ee300000| Complete |  0
| 228|0x00000000ee400000, 0x00000000ee500000, 0x00000000ee500000|100%| E|CS|TAMS 0x00000000ee400000| PB 0x00000000ee400000| Complete |  0
| 229|0x00000000ee500000, 0x00000000ee600000, 0x00000000ee600000|100%| E|CS|TAMS 0x00000000ee500000| PB 0x00000000ee500000| Complete |  0
| 230|0x00000000ee600000, 0x00000000ee700000, 0x00000000ee700000|100%| E|CS|TAMS 0x00000000ee600000| PB 0x00000000ee600000| Complete |  0
| 231|0x00000000ee700000, 0x00000000ee800000, 0x00000000ee800000|100%| E|CS|TAMS 0x00000000ee700000| PB 0x00000000ee700000| Complete |  0
| 232|0x00000000ee800000, 0x00000000ee900000, 0x00000000ee900000|100%| E|CS|TAMS 0x00000000ee800000| PB 0x00000000ee800000| Complete |  0
| 233|0x00000000ee900000, 0x00000000eea00000, 0x00000000eea00000|100%| E|CS|TAMS 0x00000000ee900000| PB 0x00000000ee900000| Complete |  0
| 234|0x00000000eea00000, 0x00000000eeb00000, 0x00000000eeb00000|100%| E|CS|TAMS 0x00000000eea00000| PB 0x00000000eea00000| Complete |  0
| 235|0x00000000eeb00000, 0x00000000eec00000, 0x00000000eec00000|100%| E|CS|TAMS 0x00000000eeb00000| PB 0x00000000eeb00000| Complete |  0
| 236|0x00000000eec00000, 0x00000000eed00000, 0x00000000eed00000|100%| E|CS|TAMS 0x00000000eec00000| PB 0x00000000eec00000| Complete |  0
| 237|0x00000000eed00000, 0x00000000eee00000, 0x00000000eee00000|100%| E|CS|TAMS 0x00000000eed00000| PB 0x00000000eed00000| Complete |  0
| 238|0x00000000eee00000, 0x00000000eef00000, 0x00000000eef00000|100%| E|CS|TAMS 0x00000000eee00000| PB 0x00000000eee00000| Complete |  0
| 239|0x00000000eef00000, 0x00000000ef000000, 0x00000000ef000000|100%| E|CS|TAMS 0x00000000eef00000| PB 0x00000000eef00000| Complete |  0
| 240|0x00000000ef000000, 0x00000000ef100000, 0x00000000ef100000|100%| E|CS|TAMS 0x00000000ef000000| PB 0x00000000ef000000| Complete |  0
| 241|0x00000000ef100000, 0x00000000ef200000, 0x00000000ef200000|100%| E|CS|TAMS 0x00000000ef100000| PB 0x00000000ef100000| Complete |  0
| 242|0x00000000ef200000, 0x00000000ef300000, 0x00000000ef300000|100%| E|CS|TAMS 0x00000000ef200000| PB 0x00000000ef200000| Complete |  0
| 243|0x00000000ef300000, 0x00000000ef400000, 0x00000000ef400000|100%| E|CS|TAMS 0x00000000ef300000| PB 0x00000000ef300000| Complete |  0
| 244|0x00000000ef400000, 0x00000000ef500000, 0x00000000ef500000|100%| E|CS|TAMS 0x00000000ef400000| PB 0x00000000ef400000| Complete |  0
| 245|0x00000000ef500000, 0x00000000ef600000, 0x00000000ef600000|100%| E|CS|TAMS 0x00000000ef500000| PB 0x00000000ef500000| Complete |  0
| 246|0x00000000ef600000, 0x00000000ef700000, 0x00000000ef700000|100%| E|CS|TAMS 0x00000000ef600000| PB 0x00000000ef600000| Complete |  0
| 247|0x00000000ef700000, 0x00000000ef800000, 0x00000000ef800000|100%| E|CS|TAMS 0x00000000ef700000| PB 0x00000000ef700000| Complete |  0
| 248|0x00000000ef800000, 0x00000000ef900000, 0x00000000ef900000|100%| E|CS|TAMS 0x00000000ef800000| PB 0x00000000ef800000| Complete |  0
| 249|0x00000000ef900000, 0x00000000efa00000, 0x00000000efa00000|100%| E|CS|TAMS 0x00000000ef900000| PB 0x00000000ef900000| Complete |  0
| 250|0x00000000efa00000, 0x00000000efb00000, 0x00000000efb00000|100%| E|CS|TAMS 0x00000000efa00000| PB 0x00000000efa00000| Complete |  0
| 251|0x00000000efb00000, 0x00000000efc00000, 0x00000000efc00000|100%| E|CS|TAMS 0x00000000efb00000| PB 0x00000000efb00000| Complete |  0
| 252|0x00000000efc00000, 0x00000000efd00000, 0x00000000efd00000|100%| E|CS|TAMS 0x00000000efc00000| PB 0x00000000efc00000| Complete |  0
| 253|0x00000000efd00000, 0x00000000efe00000, 0x00000000efe00000|100%| E|CS|TAMS 0x00000000efd00000| PB 0x00000000efd00000| Complete |  0
| 254|0x00000000efe00000, 0x00000000eff00000, 0x00000000eff00000|100%| E|CS|TAMS 0x00000000efe00000| PB 0x00000000efe00000| Complete |  0
| 255|0x00000000eff00000, 0x00000000f0000000, 0x00000000f0000000|100%| E|CS|TAMS 0x00000000eff00000| PB 0x00000000eff00000| Complete |  0

Card table byte_map: [0x000002217a070000,0x000002217a170000] _byte_map_base: 0x0000022179970000

Marking Bits: (CMBitMap*) 0x0000022162d4bad0
 Bits: [0x000002217a170000, 0x000002217a970000)

Polling page: 0x00000221624f0000

Metaspace:

Usage:
  Non-class:     38.78 MB used.
      Class:      6.64 MB used.
       Both:     45.41 MB used.

Virtual space:
  Non-class space:       64.00 MB reserved,      39.62 MB ( 62%) committed,  1 nodes.
      Class space:      320.00 MB reserved,       7.38 MB (  2%) committed,  1 nodes.
             Both:      384.00 MB reserved,      47.00 MB ( 12%) committed. 

Chunk freelists:
   Non-Class:  8.14 MB
       Class:  8.49 MB
        Both:  16.63 MB

MaxMetaspaceSize: 384.00 MB
CompressedClassSpaceSize: 320.00 MB
Initial GC threshold: 21.00 MB
Current GC threshold: 58.88 MB
CDS: on
 - commit_granule_bytes: 65536.
 - commit_granule_words: 8192.
 - virtual_space_node_default_size: 8388608.
 - enlarge_chunks_in_place: 1.
 - use_allocation_guard: 0.


Internal statistics:

num_allocs_failed_limit: 6.
num_arena_births: 2710.
num_arena_deaths: 0.
num_vsnodes_births: 2.
num_vsnodes_deaths: 0.
num_space_committed: 752.
num_space_uncommitted: 0.
num_chunks_returned_to_freelist: 6.
num_chunks_taken_from_freelist: 4707.
num_chunk_merges: 6.
num_chunk_splits: 3092.
num_chunks_enlarged: 1977.
num_inconsistent_stats: 0.

CodeHeap 'non-profiled nmethods': size=120000Kb used=3064Kb max_used=3064Kb free=116935Kb
 bounds [0x0000022172b40000, 0x0000022172e40000, 0x000002217a070000]
CodeHeap 'profiled nmethods': size=120000Kb used=9606Kb max_used=9606Kb free=110393Kb
 bounds [0x000002216b070000, 0x000002216b9e0000, 0x00000221725a0000]
CodeHeap 'non-nmethods': size=5760Kb used=2732Kb max_used=2784Kb free=3027Kb
 bounds [0x00000221725a0000, 0x0000022172870000, 0x0000022172b40000]
 total_blobs=5755 nmethods=4894 adapters=765
 compilation: enabled
              stopped_count=0, restarted_count=0
 full_count=0

Compilation events (20 events):
Event: 7.718 Thread 0x000002217cf95080 nmethod 5328 0x0000022172e37a90 code [0x0000022172e37d00, 0x0000022172e38620]
Event: 7.718 Thread 0x000002211941c830 nmethod 5320 0x0000022172e38d90 code [0x0000022172e39020, 0x0000022172e39a98]
Event: 7.719 Thread 0x000002217cf95080 5323       4       org.objectweb.asm.Frame::getAbstractTypeFromDescriptor (462 bytes)
Event: 7.719 Thread 0x000002217cfb6b40 5334       3       java.net.URL::openConnection (9 bytes)
Event: 7.719 Thread 0x000002217cfb6b40 nmethod 5334 0x000002216b9cf710 code [0x000002216b9cf8c0, 0x000002216b9cfaa0]
Event: 7.720 Thread 0x000002211941c830 5335       4       com.google.common.collect.MapMakerInternalMap::rehash (49 bytes)
Event: 7.720 Thread 0x000002211941c830 nmethod 5335 0x0000022172e3a490 code [0x0000022172e3a600, 0x0000022172e3a6a8]
Event: 7.723 Thread 0x000002211941c830 5336       4       org.objectweb.asm.SymbolTable::addConstantMemberReference (147 bytes)
Event: 7.723 Thread 0x000002217cfb6b40 5337       3       org.objectweb.asm.MethodWriter::visitCode (1 bytes)
Event: 7.723 Thread 0x000002217cfb6b40 nmethod 5337 0x000002216b9cfb90 code [0x000002216b9cfd20, 0x000002216b9cfe28]
Event: 7.725 Thread 0x000002217cfb6b40 5339       3       org.objectweb.asm.SymbolTable::addConstantMethodHandle (197 bytes)
Event: 7.725 Thread 0x000002217cfb6b40 nmethod 5339 0x000002216b9cfe90 code [0x000002216b9d0120, 0x000002216b9d0a70]
Event: 7.726 Thread 0x000002217cfb6b40 5340       3       java.lang.invoke.DirectMethodHandle$Special::<init> (16 bytes)
Event: 7.726 Thread 0x000002217cfb6b40 nmethod 5340 0x000002216b9d1010 code [0x000002216b9d11c0, 0x000002216b9d1360]
Event: 7.726 Thread 0x000002217cfb6b40 5341       3       java.util.concurrent.ConcurrentHashMap$Traverser::<init> (36 bytes)
Event: 7.727 Thread 0x000002217cfb6b40 nmethod 5341 0x000002216b9d1410 code [0x000002216b9d15c0, 0x000002216b9d17c0]
Event: 7.735 Thread 0x000002217cf95080 nmethod 5323 0x0000022172e3a790 code [0x0000022172e3aa20, 0x0000022172e3b970]
Event: 7.735 Thread 0x000002217cf95080 5338       4       org.objectweb.asm.ByteVector::putInt (74 bytes)
Event: 7.736 Thread 0x000002217cf95080 nmethod 5338 0x0000022172e3c910 code [0x0000022172e3caa0, 0x0000022172e3cc28]
Event: 7.736 Thread 0x000002217cf95080 5344       4       jdk.internal.org.objectweb.asm.MethodWriter::computeAllFrames (510 bytes)

GC Heap History (10 events):
Event: 0.597 GC heap before
{Heap before GC invocations=0 (full 0):
 garbage-first heap   total reserved 524288K, committed 262144K, used 13312K [0x00000000e0000000, 0x0000000100000000)
  region size 1024K, 14 young (14336K), 0 survivors (0K)
 Metaspace       used 1062K, committed 1152K, reserved 393216K
  class space    used 86K, committed 128K, reserved 327680K
}
Event: 0.599 GC heap after
{Heap after GC invocations=1 (full 0):
 garbage-first heap   total reserved 524288K, committed 262144K, used 3502K [0x00000000e0000000, 0x0000000100000000)
  region size 1024K, 2 young (2048K), 2 survivors (2048K)
 Metaspace       used 1062K, committed 1152K, reserved 393216K
  class space    used 86K, committed 128K, reserved 327680K
}
Event: 1.054 GC heap before
{Heap before GC invocations=1 (full 0):
 garbage-first heap   total reserved 524288K, committed 262144K, used 28078K [0x00000000e0000000, 0x0000000100000000)
  region size 1024K, 23 young (23552K), 2 survivors (2048K)
 Metaspace       used 4019K, committed 4224K, reserved 393216K
  class space    used 501K, committed 640K, reserved 327680K
}
Event: 1.057 GC heap after
{Heap after GC invocations=2 (full 0):
 garbage-first heap   total reserved 524288K, committed 262144K, used 10972K [0x00000000e0000000, 0x0000000100000000)
  region size 1024K, 3 young (3072K), 3 survivors (3072K)
 Metaspace       used 4019K, committed 4224K, reserved 393216K
  class space    used 501K, committed 640K, reserved 327680K
}
Event: 1.350 GC heap before
{Heap before GC invocations=2 (full 0):
 garbage-first heap   total reserved 524288K, committed 262144K, used 37596K [0x00000000e0000000, 0x0000000100000000)
  region size 1024K, 29 young (29696K), 3 survivors (3072K)
 Metaspace       used 4189K, committed 4416K, reserved 393216K
  class space    used 512K, committed 640K, reserved 327680K
}
Event: 1.354 GC heap after
{Heap after GC invocations=3 (full 0):
 garbage-first heap   total reserved 524288K, committed 262144K, used 15514K [0x00000000e0000000, 0x0000000100000000)
  region size 1024K, 4 young (4096K), 4 survivors (4096K)
 Metaspace       used 4189K, committed 4416K, reserved 393216K
  class space    used 512K, committed 640K, reserved 327680K
}
Event: 3.250 GC heap before
{Heap before GC invocations=3 (full 0):
 garbage-first heap   total reserved 524288K, committed 262144K, used 112794K [0x00000000e0000000, 0x0000000100000000)
  region size 1024K, 100 young (102400K), 4 survivors (4096K)
 Metaspace       used 20817K, committed 21504K, reserved 393216K
  class space    used 3079K, committed 3392K, reserved 327680K
}
Event: 3.261 GC heap after
{Heap after GC invocations=4 (full 0):
 garbage-first heap   total reserved 524288K, committed 262144K, used 22933K [0x00000000e0000000, 0x0000000100000000)
  region size 1024K, 12 young (12288K), 12 survivors (12288K)
 Metaspace       used 20817K, committed 21504K, reserved 393216K
  class space    used 3079K, committed 3392K, reserved 327680K
}
Event: 4.696 GC heap before
{Heap before GC invocations=5 (full 0):
 garbage-first heap   total reserved 524288K, committed 262144K, used 130453K [0x00000000e0000000, 0x0000000100000000)
  region size 1024K, 108 young (110592K), 12 survivors (12288K)
 Metaspace       used 34802K, committed 36096K, reserved 393216K
  class space    used 5206K, committed 5824K, reserved 327680K
}
Event: 4.710 GC heap after
{Heap after GC invocations=6 (full 0):
 garbage-first heap   total reserved 524288K, committed 262144K, used 43444K [0x00000000e0000000, 0x0000000100000000)
  region size 1024K, 16 young (16384K), 16 survivors (16384K)
 Metaspace       used 34802K, committed 36096K, reserved 393216K
  class space    used 5206K, committed 5824K, reserved 327680K
}

Dll operation events (15 events):
Event: 0.009 Loaded shared library C:\Users\ASUS\.jdks\openjdk-22.0.2\bin\java.dll
Event: 0.043 Loaded shared library C:\Users\ASUS\.jdks\openjdk-22.0.2\bin\jsvml.dll
Event: 0.109 Loaded shared library C:\Users\ASUS\.jdks\openjdk-22.0.2\bin\zip.dll
Event: 0.112 Loaded shared library C:\Users\ASUS\.jdks\openjdk-22.0.2\bin\instrument.dll
Event: 0.199 Loaded shared library C:\Users\ASUS\.jdks\openjdk-22.0.2\bin\net.dll
Event: 0.200 Loaded shared library C:\Users\ASUS\.jdks\openjdk-22.0.2\bin\nio.dll
Event: 0.205 Loaded shared library C:\Users\ASUS\.jdks\openjdk-22.0.2\bin\zip.dll
Event: 0.517 Loaded shared library C:\Users\ASUS\.jdks\openjdk-22.0.2\bin\jimage.dll
Event: 0.586 Loaded shared library C:\Users\ASUS\.jdks\openjdk-22.0.2\bin\verify.dll
Event: 0.736 Loaded shared library C:\Users\ASUS\.gradle\native\c067742578af261105cb4f569cf0c3c89f3d7b1fecec35dd04571415982c5e48\windows-amd64\native-platform.dll
Event: 0.740 Loaded shared library C:\Users\ASUS\.gradle\native\38dada09dfb8b06ba9b0570ebf7e218e3eb74d4ef43ca46872605cf95ebc2f47\windows-amd64\native-platform-file-events.dll
Event: 1.554 Loaded shared library C:\Users\ASUS\.jdks\openjdk-22.0.2\bin\management.dll
Event: 1.556 Loaded shared library C:\Users\ASUS\.jdks\openjdk-22.0.2\bin\management_ext.dll
Event: 1.717 Loaded shared library C:\Users\ASUS\.jdks\openjdk-22.0.2\bin\extnet.dll
Event: 1.845 Loaded shared library C:\Users\ASUS\.jdks\openjdk-22.0.2\bin\sunmscapi.dll

Deoptimization events (20 events):
Event: 7.627 Thread 0x000002211ac26f70 Uncommon trap: trap_request=0xffffffde fr.pc=0x0000022172bcf900 relative=0x00000000000029e0
Event: 7.627 Thread 0x000002211ac26f70 Uncommon trap: reason=class_check action=maybe_recompile pc=0x0000022172bcf900 method=java.util.regex.Pattern$CharProperty.study(Ljava/util/regex/Pattern$TreeInfo;)Z @ 25 c2
Event: 7.627 Thread 0x000002211ac26f70 DEOPT PACKING pc=0x0000022172bcf900 sp=0x000000b9888f9770
Event: 7.627 Thread 0x000002211ac26f70 DEOPT UNPACKING pc=0x00000221725f46a2 sp=0x000000b9888f9668 mode 2
Event: 7.676 Thread 0x000002211ac26f70 Uncommon trap: trap_request=0xffffff45 fr.pc=0x0000022172d3d6a0 relative=0x00000000000003a0
Event: 7.676 Thread 0x000002211ac26f70 Uncommon trap: reason=unstable_if action=reinterpret pc=0x0000022172d3d6a0 method=org.gradle.internal.reflect.PropertyAccessorType.isGetGetterName(Ljava/lang/String;)Z @ 14 c2
Event: 7.676 Thread 0x000002211ac26f70 DEOPT PACKING pc=0x0000022172d3d6a0 sp=0x000000b9888f8430
Event: 7.676 Thread 0x000002211ac26f70 DEOPT UNPACKING pc=0x00000221725f46a2 sp=0x000000b9888f8388 mode 2
Event: 7.713 Thread 0x000002211ac26f70 Uncommon trap: trap_request=0xffffff45 fr.pc=0x0000022172e25b9c relative=0x00000000000014fc
Event: 7.713 Thread 0x000002211ac26f70 Uncommon trap: reason=unstable_if action=reinterpret pc=0x0000022172e25b9c method=java.util.concurrent.ConcurrentHashMap.computeIfAbsent(Ljava/lang/Object;Ljava/util/function/Function;)Ljava/lang/Object; @ 123 c2
Event: 7.713 Thread 0x000002211ac26f70 DEOPT PACKING pc=0x0000022172e25b9c sp=0x000000b9888f9330
Event: 7.713 Thread 0x000002211ac26f70 DEOPT UNPACKING pc=0x00000221725f46a2 sp=0x000000b9888f92b0 mode 2
Event: 7.738 Thread 0x000002211ac26f70 Uncommon trap: trap_request=0xffffff45 fr.pc=0x0000022172bad5c0 relative=0x0000000000000200
Event: 7.738 Thread 0x000002211ac26f70 Uncommon trap: reason=unstable_if action=reinterpret pc=0x0000022172bad5c0 method=java.net.URI$Parser.scan(IILjava/lang/String;)I @ 26 c2
Event: 7.738 Thread 0x000002211ac26f70 DEOPT PACKING pc=0x0000022172bad5c0 sp=0x000000b9888f8a40
Event: 7.738 Thread 0x000002211ac26f70 DEOPT UNPACKING pc=0x00000221725f46a2 sp=0x000000b9888f89d0 mode 2
Event: 7.738 Thread 0x000002211ac26f70 Uncommon trap: trap_request=0xffffff45 fr.pc=0x0000022172bd8f5c relative=0x00000000000000bc
Event: 7.738 Thread 0x000002211ac26f70 Uncommon trap: reason=unstable_if action=reinterpret pc=0x0000022172bd8f5c method=java.net.URI.match(CJJ)Z @ 45 c2
Event: 7.738 Thread 0x000002211ac26f70 DEOPT PACKING pc=0x0000022172bd8f5c sp=0x000000b9888f8700
Event: 7.738 Thread 0x000002211ac26f70 DEOPT UNPACKING pc=0x00000221725f46a2 sp=0x000000b9888f8668 mode 2

Classes loaded (20 events):
Event: 7.672 Loading class java/util/function/LongUnaryOperator
Event: 7.672 Loading class java/util/function/LongUnaryOperator done
Event: 7.740 Loading class javax/net/ssl/HostnameVerifier
Event: 7.741 Loading class javax/net/ssl/HostnameVerifier done
Event: 7.742 Loading class javax/net/ssl/TrustManager
Event: 7.742 Loading class javax/net/ssl/TrustManager done
Event: 7.743 Loading class javax/net/ssl/X509TrustManager
Event: 7.743 Loading class javax/net/ssl/X509TrustManager done
Event: 7.745 Loading class javax/net/ssl/SSLException
Event: 7.746 Loading class javax/net/ssl/SSLException done
Event: 7.746 Loading class java/security/cert/CertificateParsingException
Event: 7.746 Loading class java/security/cert/CertificateException
Event: 7.746 Loading class java/security/cert/CertificateException done
Event: 7.746 Loading class java/security/cert/CertificateParsingException done
Event: 7.746 Loading class javax/net/ssl/SSLPeerUnverifiedException
Event: 7.747 Loading class javax/net/ssl/SSLPeerUnverifiedException done
Event: 7.747 Loading class javax/naming/NamingException
Event: 7.747 Loading class javax/naming/NamingException done
Event: 7.747 Loading class javax/naming/InvalidNameException
Event: 7.748 Loading class javax/naming/InvalidNameException done

Classes unloaded (0 events):
No events

Classes redefined (0 events):
No events

Internal exceptions (20 events):
Event: 7.439 Thread 0x000002211ac26f70 Exception <a 'java/lang/ClassNotFoundException'{0x00000000e96d96c0}: java/lang/StringBeanInfo> (0x00000000e96d96c0) 
thrown [s\open\src\hotspot\share\classfile\systemDictionary.cpp, line 313]
Event: 7.439 Thread 0x000002211ac26f70 Exception <a 'java/lang/ClassNotFoundException'{0x00000000e96dd358}: java/lang/StringCustomizer> (0x00000000e96dd358) 
thrown [s\open\src\hotspot\share\classfile\systemDictionary.cpp, line 313]
Event: 7.547 Thread 0x000002211ac26f70 Exception <a 'java/lang/ClassNotFoundException'{0x00000000e819e610}: org/gradle/api/internal/project/DefaultProject_DecoratedBeanInfo> (0x00000000e819e610) 
thrown [s\open\src\hotspot\share\classfile\systemDictionary.cpp, line 313]
Event: 7.547 Thread 0x000002211ac26f70 Exception <a 'java/lang/ClassNotFoundException'{0x00000000e81aaee0}: org/gradle/api/internal/project/DefaultProjectBeanInfo> (0x00000000e81aaee0) 
thrown [s\open\src\hotspot\share\classfile\systemDictionary.cpp, line 313]
Event: 7.548 Thread 0x000002211ac26f70 Exception <a 'java/lang/ClassNotFoundException'{0x00000000e81b6d18}: org/gradle/api/internal/project/DefaultProjectCustomizer> (0x00000000e81b6d18) 
thrown [s\open\src\hotspot\share\classfile\systemDictionary.cpp, line 313]
Event: 7.552 Thread 0x000002211ac26f70 Exception <a 'java/lang/ClassNotFoundException'{0x00000000e806b3e0}: org/gradle/api/internal/project/DefaultProject_DecoratedCustomizer> (0x00000000e806b3e0) 
thrown [s\open\src\hotspot\share\classfile\systemDictionary.cpp, line 313]
Event: 7.606 Thread 0x000002211ac26f70 Exception <a 'java/lang/ClassNotFoundException'{0x00000000e7bf4e10}: org/gradle/api/internal/plugins/DefaultPluginContainerBeanInfo> (0x00000000e7bf4e10) 
thrown [s\open\src\hotspot\share\classfile\systemDictionary.cpp, line 313]
Event: 7.606 Thread 0x000002211ac26f70 Exception <a 'java/lang/ClassNotFoundException'{0x00000000e7a01d20}: org/gradle/api/internal/plugins/DefaultPluginCollectionBeanInfo> (0x00000000e7a01d20) 
thrown [s\open\src\hotspot\share\classfile\systemDictionary.cpp, line 313]
Event: 7.607 Thread 0x000002211ac26f70 Exception <a 'java/lang/ClassNotFoundException'{0x00000000e7a0e890}: org/gradle/api/internal/DefaultDomainObjectSetBeanInfo> (0x00000000e7a0e890) 
thrown [s\open\src\hotspot\share\classfile\systemDictionary.cpp, line 313]
Event: 7.607 Thread 0x000002211ac26f70 Exception <a 'java/lang/ClassNotFoundException'{0x00000000e7a1b4c0}: org/gradle/api/internal/DefaultDomainObjectCollectionBeanInfo> (0x00000000e7a1b4c0) 
thrown [s\open\src\hotspot\share\classfile\systemDictionary.cpp, line 313]
Event: 7.607 Thread 0x000002211ac26f70 Exception <a 'java/lang/ClassNotFoundException'{0x00000000e7a227e8}: java/util/AbstractCollectionBeanInfo> (0x00000000e7a227e8) 
thrown [s\open\src\hotspot\share\classfile\systemDictionary.cpp, line 313]
Event: 7.608 Thread 0x000002211ac26f70 Exception <a 'java/lang/ClassNotFoundException'{0x00000000e7a29ae8}: java/util/AbstractCollectionCustomizer> (0x00000000e7a29ae8) 
thrown [s\open\src\hotspot\share\classfile\systemDictionary.cpp, line 313]
Event: 7.609 Thread 0x000002211ac26f70 Exception <a 'java/lang/ClassNotFoundException'{0x00000000e7a460f8}: org/gradle/api/internal/DefaultDomainObjectCollectionCustomizer> (0x00000000e7a460f8) 
thrown [s\open\src\hotspot\share\classfile\systemDictionary.cpp, line 313]
Event: 7.611 Thread 0x000002211ac26f70 Exception <a 'java/lang/ClassNotFoundException'{0x00000000e7a78eb0}: org/gradle/api/internal/DefaultDomainObjectSetCustomizer> (0x00000000e7a78eb0) 
thrown [s\open\src\hotspot\share\classfile\systemDictionary.cpp, line 313]
Event: 7.612 Thread 0x000002211ac26f70 Exception <a 'java/lang/ClassNotFoundException'{0x00000000e7a9fca0}: org/gradle/api/internal/plugins/DefaultPluginCollectionCustomizer> (0x00000000e7a9fca0) 
thrown [s\open\src\hotspot\share\classfile\systemDictionary.cpp, line 313]
Event: 7.614 Thread 0x000002211ac26f70 Exception <a 'java/lang/ClassNotFoundException'{0x00000000e7ae4ee8}: org/gradle/api/internal/plugins/DefaultPluginContainerCustomizer> (0x00000000e7ae4ee8) 
thrown [s\open\src\hotspot\share\classfile\systemDictionary.cpp, line 313]
Event: 7.673 Thread 0x000002211ac26f70 Exception <a 'java/lang/NoSuchMethodError'{0x00000000e755ba18}: 'long java.lang.invoke.DirectMethodHandle$Holder.invokeStatic(java.lang.Object, long)'> (0x00000000e755ba18) 
thrown [s\open\src\hotspot\share\interpreter\linkResolver.cpp, line 774]
Event: 7.735 Thread 0x000002211ac26f70 Exception <a 'java/lang/NoSuchMethodError'{0x00000000e713fa70}: 'java.lang.Object java.lang.invoke.DirectMethodHandle$Holder.invokeVirtual(java.lang.Object, java.lang.Object, java.lang.Object, java.lang.Object, java.lang.Object, java.lang.Object, java.lang.Object, java.lang.Object, java.lang.Object, java.lang.Object, java.lang.Object, java.lang.Object, java.lang.Object, java.lang.Object, java.lang.Object, java.lang.Object, java.lang.Object)'> (0x00000000e713fa70) 
thrown [s\open\src\hotspot\share\interpret
Event: 7.735 Thread 0x000002211ac26f70 Exception <a 'java/lang/NoSuchMethodError'{0x00000000e7145cf8}: 'java.lang.Object java.lang.invoke.DirectMethodHandle$Holder.invokeSpecial(java.lang.Object, java.lang.Object, java.lang.Object, java.lang.Object, java.lang.Object, java.lang.Object, java.lang.Object, java.lang.Object, java.lang.Object, java.lang.Object, java.lang.Object, java.lang.Object, java.lang.Object, java.lang.Object, java.lang.Object, java.lang.Object, java.lang.Object, java.lang.Object)'> (0x00000000e7145cf8) 
thrown [s\open\src\hotsp
Event: 7.736 Thread 0x000002211ac26f70 Exception <a 'java/lang/NoSuchMethodError'{0x00000000e714b4f0}: 'java.lang.Object java.lang.invoke.DelegatingMethodHandle$Holder.reinvoke_L(java.lang.Object, java.lang.Object, java.lang.Object, java.lang.Object, java.lang.Object, java.lang.Object, java.lang.Object, java.lang.Object, java.lang.Object, java.lang.Object, java.lang.Object, java.lang.Object, java.lang.Object, java.lang.Object, java.lang.Object, java.lang.Object, java.lang.Object)'> (0x00000000e714b4f0) 
thrown [s\open\src\hotspot\share\interpre

ZGC Phase Switch (0 events):
No events

VM Operations (20 events):
Event: 5.191 Executing VM operation: HandshakeAllThreads (Deoptimize)
Event: 5.191 Executing VM operation: HandshakeAllThreads (Deoptimize) done
Event: 5.198 Executing VM operation: HandshakeAllThreads (Deoptimize)
Event: 5.198 Executing VM operation: HandshakeAllThreads (Deoptimize) done
Event: 5.309 Executing VM operation: HandshakeAllThreads (Deoptimize)
Event: 5.309 Executing VM operation: HandshakeAllThreads (Deoptimize) done
Event: 5.508 Executing VM operation: ICBufferFull
Event: 5.508 Executing VM operation: ICBufferFull done
Event: 5.514 Executing VM operation: HandshakeAllThreads (Deoptimize)
Event: 5.514 Executing VM operation: HandshakeAllThreads (Deoptimize) done
Event: 5.672 Executing VM operation: HandshakeAllThreads (Deoptimize)
Event: 5.672 Executing VM operation: HandshakeAllThreads (Deoptimize) done
Event: 6.682 Executing VM operation: Cleanup
Event: 6.682 Executing VM operation: Cleanup done
Event: 7.325 Executing VM operation: HandshakeAllThreads (Deoptimize)
Event: 7.325 Executing VM operation: HandshakeAllThreads (Deoptimize) done
Event: 7.504 Executing VM operation: HandshakeAllThreads (Deoptimize)
Event: 7.504 Executing VM operation: HandshakeAllThreads (Deoptimize) done
Event: 7.522 Executing VM operation: ICBufferFull
Event: 7.522 Executing VM operation: ICBufferFull done

Memory protections (0 events):
No events

Nmethod flushes (20 events):
Event: 4.732 Thread 0x000002217cf74520 flushing  nmethod 0x000002216b12ca10
Event: 4.732 Thread 0x000002217cf74520 flushing  nmethod 0x000002216b133810
Event: 4.732 Thread 0x000002217cf74520 flushing  nmethod 0x000002216b134410
Event: 4.732 Thread 0x000002217cf74520 flushing  nmethod 0x000002216b134b90
Event: 4.732 Thread 0x000002217cf74520 flushing  nmethod 0x000002216b135d90
Event: 4.732 Thread 0x000002217cf74520 flushing  nmethod 0x000002216b137b10
Event: 4.732 Thread 0x000002217cf74520 flushing  nmethod 0x000002216b137e90
Event: 4.732 Thread 0x000002217cf74520 flushing  nmethod 0x000002216b138210
Event: 4.732 Thread 0x000002217cf74520 flushing  nmethod 0x000002216b138a10
Event: 4.732 Thread 0x000002217cf74520 flushing  nmethod 0x000002216b201310
Event: 4.732 Thread 0x000002217cf74520 flushing  nmethod 0x000002216b205910
Event: 4.732 Thread 0x000002217cf74520 flushing  nmethod 0x000002216b216890
Event: 4.732 Thread 0x000002217cf74520 flushing  nmethod 0x000002216b2e4410
Event: 4.732 Thread 0x000002217cf74520 flushing  nmethod 0x000002216b3de910
Event: 4.732 Thread 0x000002217cf74520 flushing  nmethod 0x000002216b3dfe10
Event: 4.732 Thread 0x000002217cf74520 flushing  nmethod 0x000002216b3e0690
Event: 4.732 Thread 0x000002217cf74520 flushing  nmethod 0x000002216b411a90
Event: 4.732 Thread 0x000002217cf74520 flushing  nmethod 0x000002216b424e10
Event: 4.732 Thread 0x000002217cf74520 flushing  nmethod 0x000002216b42aa90
Event: 4.732 Thread 0x000002217cf74520 flushing  nmethod 0x000002216b54ef10

Events (20 events):
Event: 1.924 Thread 0x000002211ac26f70 Thread added: 0x000002211ac296d0
Event: 2.239 Thread 0x000002211ac26f70 Thread added: 0x000002211ac27600
Event: 2.248 Thread 0x000002211ac26f70 Thread added: 0x000002211ac28320
Event: 2.277 Thread 0x000002211ac26f70 Thread added: 0x000002211ac289b0
Event: 3.210 Thread 0x000002211ac26f70 Thread added: 0x000002211ccc7580
Event: 3.431 Thread 0x000002211ac26f70 Thread added: 0x000002211ccc4790
Event: 3.437 Thread 0x000002211ac26f70 Thread added: 0x000002211ccc4e20
Event: 3.513 Thread 0x000002211ac26f70 Thread added: 0x000002211ccc6ef0
Event: 3.514 Thread 0x000002211ac26f70 Thread added: 0x000002211ccc61d0
Event: 3.514 Thread 0x000002211ac26f70 Thread added: 0x000002211ccc7c10
Event: 3.514 Thread 0x000002211ac26f70 Thread added: 0x000002211ccc54b0
Event: 3.831 Thread 0x000002211ac26f70 Thread added: 0x000002211ccc5b40
Event: 3.894 Thread 0x000002211ac26f70 Thread added: 0x000002211ccc33e0
Event: 3.904 Thread 0x000002211ac26f70 Thread added: 0x000002211ccc8fc0
Event: 4.079 Thread 0x000002211ac26f70 Thread added: 0x000002211ccc82a0
Event: 5.544 Thread 0x000002211ac26f70 Thread added: 0x000002211ccc9650
Event: 5.545 Thread 0x000002211ac26f70 Thread added: 0x000002211ccc2d50
Event: 5.546 Thread 0x000002211ac26f70 Thread added: 0x000002211ccca370
Event: 5.995 Thread 0x000002211941c830 Thread exited: 0x000002211941c830
Event: 7.188 Thread 0x000002217cfb6b40 Thread added: 0x000002211941c830


Dynamic libraries:
0x00007ff69d560000 - 0x00007ff69d56e000 	C:\Users\ASUS\.jdks\openjdk-22.0.2\bin\java.exe
0x00007fff9ebf0000 - 0x00007fff9ede8000 	C:\Windows\SYSTEM32\ntdll.dll
0x00007fff9e770000 - 0x00007fff9e82f000 	C:\Windows\System32\KERNEL32.DLL
0x00007fff9c640000 - 0x00007fff9c912000 	C:\Windows\System32\KERNELBASE.dll
0x00007fff9c490000 - 0x00007fff9c590000 	C:\Windows\System32\ucrtbase.dll
0x00007fff80b70000 - 0x00007fff80b87000 	C:\Users\ASUS\.jdks\openjdk-22.0.2\bin\jli.dll
0x00007fff75f50000 - 0x00007fff75f6b000 	C:\Users\ASUS\.jdks\openjdk-22.0.2\bin\VCRUNTIME140.dll
0x00007fff9daa0000 - 0x00007fff9dc41000 	C:\Windows\System32\USER32.dll
0x00007fff84860000 - 0x00007fff84afa000 	C:\Windows\WinSxS\amd64_microsoft.windows.common-controls_6595b64144ccf1df_6.0.19041.1110_none_60b5254171f9507e\COMCTL32.dll
0x00007fff9d590000 - 0x00007fff9d62e000 	C:\Windows\System32\msvcrt.dll
0x00007fff9cb60000 - 0x00007fff9cb82000 	C:\Windows\System32\win32u.dll
0x00007fff9dc50000 - 0x00007fff9dc7b000 	C:\Windows\System32\GDI32.dll
0x00007fff9c920000 - 0x00007fff9ca2f000 	C:\Windows\System32\gdi32full.dll
0x00007fff9ca30000 - 0x00007fff9cacd000 	C:\Windows\System32\msvcp_win.dll
0x00007fff9e8c0000 - 0x00007fff9e8f2000 	C:\Windows\System32\IMM32.DLL
0x00007fff98050000 - 0x00007fff9805c000 	C:\Users\ASUS\.jdks\openjdk-22.0.2\bin\vcruntime140_1.dll
0x00007fff6db50000 - 0x00007fff6dbde000 	C:\Users\ASUS\.jdks\openjdk-22.0.2\bin\msvcp140.dll
0x00007fff2d8f0000 - 0x00007fff2e639000 	C:\Users\ASUS\.jdks\openjdk-22.0.2\bin\server\jvm.dll
0x00007fff9de20000 - 0x00007fff9dece000 	C:\Windows\System32\ADVAPI32.dll
0x00007fff9e1b0000 - 0x00007fff9e24c000 	C:\Windows\System32\sechost.dll
0x00007fff9e080000 - 0x00007fff9e1a5000 	C:\Windows\System32\RPCRT4.dll
0x00007fff9dc80000 - 0x00007fff9dceb000 	C:\Windows\System32\WS2_32.dll
0x00007fff9b8a0000 - 0x00007fff9b8eb000 	C:\Windows\SYSTEM32\POWRPROF.dll
0x00007fff91cf0000 - 0x00007fff91d17000 	C:\Windows\SYSTEM32\WINMM.dll
0x00007fff960e0000 - 0x00007fff960ea000 	C:\Windows\SYSTEM32\VERSION.dll
0x00007fff9b720000 - 0x00007fff9b732000 	C:\Windows\SYSTEM32\UMPDC.dll
0x00007fff9a1a0000 - 0x00007fff9a1b2000 	C:\Windows\SYSTEM32\kernel.appcore.dll
0x00007fff96750000 - 0x00007fff9675a000 	C:\Users\ASUS\.jdks\openjdk-22.0.2\bin\jimage.dll
0x00007fff86620000 - 0x00007fff86804000 	C:\Windows\SYSTEM32\DBGHELP.DLL
0x00007fff85630000 - 0x00007fff85665000 	C:\Windows\SYSTEM32\dbgcore.DLL
0x00007fff9cad0000 - 0x00007fff9cb52000 	C:\Windows\System32\bcryptPrimitives.dll
0x00007fff75f40000 - 0x00007fff75f4f000 	C:\Users\ASUS\.jdks\openjdk-22.0.2\bin\instrument.dll
0x00007fff75f20000 - 0x00007fff75f3e000 	C:\Users\ASUS\.jdks\openjdk-22.0.2\bin\java.dll
0x00007fff9cdd0000 - 0x00007fff9d515000 	C:\Windows\System32\SHELL32.dll
0x00007fff9dcf0000 - 0x00007fff9de1a000 	C:\Windows\System32\ole32.dll
0x00007fff9e330000 - 0x00007fff9e685000 	C:\Windows\System32\combase.dll
0x00007fff9a3a0000 - 0x00007fff9ab32000 	C:\Windows\SYSTEM32\windows.storage.dll
0x00007fff9bd40000 - 0x00007fff9bd70000 	C:\Windows\SYSTEM32\Wldp.dll
0x00007fff9e900000 - 0x00007fff9e9ad000 	C:\Windows\System32\SHCORE.dll
0x00007fff9ea80000 - 0x00007fff9ead5000 	C:\Windows\System32\shlwapi.dll
0x00007fff9c220000 - 0x00007fff9c23f000 	C:\Windows\SYSTEM32\profapi.dll
0x00007fff6b8e0000 - 0x00007fff6b9b7000 	C:\Users\ASUS\.jdks\openjdk-22.0.2\bin\jsvml.dll
0x00007fff74fe0000 - 0x00007fff74ff7000 	C:\Users\ASUS\.jdks\openjdk-22.0.2\bin\zip.dll
0x00007fff75d30000 - 0x00007fff75d40000 	C:\Users\ASUS\.jdks\openjdk-22.0.2\bin\net.dll
0x00007fff9baa0000 - 0x00007fff9bb0a000 	C:\Windows\system32\mswsock.dll
0x00007fff6f580000 - 0x00007fff6f596000 	C:\Users\ASUS\.jdks\openjdk-22.0.2\bin\nio.dll
0x00007fff75b30000 - 0x00007fff75b40000 	C:\Users\ASUS\.jdks\openjdk-22.0.2\bin\verify.dll
0x00007fff43fc0000 - 0x00007fff43fe7000 	C:\Users\ASUS\.gradle\native\c067742578af261105cb4f569cf0c3c89f3d7b1fecec35dd04571415982c5e48\windows-amd64\native-platform.dll
0x00007fff6cb20000 - 0x00007fff6cc64000 	C:\Users\ASUS\.gradle\native\38dada09dfb8b06ba9b0570ebf7e218e3eb74d4ef43ca46872605cf95ebc2f47\windows-amd64\native-platform-file-events.dll
0x00007fff75060000 - 0x00007fff7506a000 	C:\Users\ASUS\.jdks\openjdk-22.0.2\bin\management.dll
0x00007fff74f70000 - 0x00007fff74f7b000 	C:\Users\ASUS\.jdks\openjdk-22.0.2\bin\management_ext.dll
0x00007fff9d520000 - 0x00007fff9d528000 	C:\Windows\System32\PSAPI.DLL
0x00007fff9bc90000 - 0x00007fff9bca8000 	C:\Windows\SYSTEM32\CRYPTSP.dll
0x00007fff9b2e0000 - 0x00007fff9b314000 	C:\Windows\system32\rsaenh.dll
0x00007fff9cb90000 - 0x00007fff9cbb7000 	C:\Windows\System32\bcrypt.dll
0x00007fff9c1e0000 - 0x00007fff9c20e000 	C:\Windows\SYSTEM32\USERENV.dll
0x00007fff9bcb0000 - 0x00007fff9bcbc000 	C:\Windows\SYSTEM32\CRYPTBASE.dll
0x00007fff9b740000 - 0x00007fff9b77b000 	C:\Windows\SYSTEM32\IPHLPAPI.DLL
0x00007fff9ea10000 - 0x00007fff9ea18000 	C:\Windows\System32\NSI.dll
0x00007fff72a90000 - 0x00007fff72a99000 	C:\Users\ASUS\.jdks\openjdk-22.0.2\bin\extnet.dll
0x00007fff6f690000 - 0x00007fff6f69e000 	C:\Users\ASUS\.jdks\openjdk-22.0.2\bin\sunmscapi.dll
0x00007fff9c2e0000 - 0x00007fff9c436000 	C:\Windows\System32\CRYPT32.dll
0x00007fff9bdb0000 - 0x00007fff9bdd7000 	C:\Windows\SYSTEM32\ncrypt.dll
0x00007fff9bd70000 - 0x00007fff9bdab000 	C:\Windows\SYSTEM32\NTASN1.dll
0x00007fff68540000 - 0x00007fff68547000 	C:\Windows\system32\wshunix.dll

dbghelp: loaded successfully - version: 4.0.5 - missing functions: none
symbol engine: initialized successfully - sym options: 0x614 - pdb path: .;C:\Users\ASUS\.jdks\openjdk-22.0.2\bin;C:\Windows\SYSTEM32;C:\Windows\WinSxS\amd64_microsoft.windows.common-controls_6595b64144ccf1df_6.0.19041.1110_none_60b5254171f9507e;C:\Users\ASUS\.jdks\openjdk-22.0.2\bin\server;C:\Users\ASUS\.gradle\native\c067742578af261105cb4f569cf0c3c89f3d7b1fecec35dd04571415982c5e48\windows-amd64;C:\Users\ASUS\.gradle\native\38dada09dfb8b06ba9b0570ebf7e218e3eb74d4ef43ca46872605cf95ebc2f47\windows-amd64

VM Arguments:
jvm_args: --add-opens=java.base/java.util=ALL-UNNAMED --add-opens=java.base/java.lang=ALL-UNNAMED --add-opens=java.base/java.lang.invoke=ALL-UNNAMED --add-opens=java.prefs/java.util.prefs=ALL-UNNAMED --add-opens=java.base/java.nio.charset=ALL-UNNAMED --add-opens=java.base/java.net=ALL-UNNAMED --add-opens=java.base/java.util.concurrent.atomic=ALL-UNNAMED -XX:MaxMetaspaceSize=384m -XX:+HeapDumpOnOutOfMemoryError -Xms256m -Xmx512m -Dfile.encoding=windows-1252 -Duser.country=US -Duser.language=en -Duser.variant -javaagent:C:\Users\ASUS\.gradle\wrapper\dists\gradle-8.7-bin\bhs2wmbdwecv87pi65oeuq5iu\gradle-8.7\lib\agents\gradle-instrumentation-agent-8.7.jar 
java_command: org.gradle.launcher.daemon.bootstrap.GradleDaemon 8.7
java_class_path (initial): C:\Users\ASUS\.gradle\wrapper\dists\gradle-8.7-bin\bhs2wmbdwecv87pi65oeuq5iu\gradle-8.7\lib\gradle-launcher-8.7.jar
Launcher Type: SUN_STANDARD

[Global flags]
     intx CICompilerCount                          = 3                                         {product} {ergonomic}
   size_t CompressedClassSpaceSize                 = 335544320                                 {product} {ergonomic}
     uint ConcGCThreads                            = 1                                         {product} {ergonomic}
     uint G1ConcRefinementThreads                  = 4                                         {product} {ergonomic}
   size_t G1HeapRegionSize                         = 1048576                                   {product} {ergonomic}
     bool HeapDumpOnOutOfMemoryError               = true                                   {manageable} {command line}
   size_t InitialHeapSize                          = 268435456                                 {product} {command line}
   size_t MarkStackSize                            = 4194304                                   {product} {ergonomic}
   size_t MaxHeapSize                              = 536870912                                 {product} {command line}
   size_t MaxMetaspaceSize                         = 402653184                                 {product} {command line}
   size_t MaxNewSize                               = 321912832                                 {product} {ergonomic}
   size_t MinHeapDeltaBytes                        = 1048576                                   {product} {ergonomic}
   size_t MinHeapSize                              = 268435456                                 {product} {command line}
    uintx NonNMethodCodeHeapSize                   = 5832780                                {pd product} {ergonomic}
    uintx NonProfiledCodeHeapSize                  = 122912730                              {pd product} {ergonomic}
    uintx ProfiledCodeHeapSize                     = 122912730                              {pd product} {ergonomic}
    uintx ReservedCodeCacheSize                    = 251658240                              {pd product} {ergonomic}
     bool SegmentedCodeCache                       = true                                      {product} {ergonomic}
   size_t SoftMaxHeapSize                          = 536870912                              {manageable} {ergonomic}
     bool UseCompressedOops                        = true                           {product lp64_product} {ergonomic}
     bool UseG1GC                                  = true                                      {product} {ergonomic}
     bool UseLargePagesIndividualAllocation        = false                                  {pd product} {ergonomic}

Logging:
Log output configuration:
 #0: stdout all=warning uptime,level,tags foldmultilines=false
 #1: stderr all=off uptime,level,tags foldmultilines=false

Environment Variables:
PATH=C:\Windows\system32;C:\Windows;C:\Windows\System32\Wbem;C:\Windows\System32\WindowsPowerShell\v1.0\;C:\Windows\System32\OpenSSH\;C:\Program Files\Git\cmd;C:\Users\ASUS\AppData\Local\Microsoft\WindowsApps;;D:\WebStorm 2024.1.5\bin;
USERNAME=ASUS
OS=Windows_NT
PROCESSOR_IDENTIFIER=Intel64 Family 6 Model 158 Stepping 9, GenuineIntel
TMP=C:\Users\ASUS\AppData\Local\Temp
TEMP=C:\Users\ASUS\AppData\Local\Temp




Periodic native trim disabled

---------------  S Y S T E M  ---------------

OS:
 Windows 10 , 64 bit Build 19041 (10.0.19041.2546)
OS uptime: 1 days 23:01 hours

CPU: total 4 (initial active 4) (4 cores per cpu, 1 threads per core) family 6 model 158 stepping 9 microcode 0xb4, cx8, cmov, fxsr, mmx, 3dnowpref, sse, sse2, sse3, ssse3, sse4.1, sse4.2, popcnt, lzcnt, tsc, tscinvbit, avx, avx2, aes, erms, clmul, bmi1, bmi2, adx, fma, vzeroupper, clflush, clflushopt, rdtscp, f16c
Processor Information for all 4 processors :
  Max Mhz: 2501, Current Mhz: 2501, Mhz Limit: 2501

Memory: 4k page, system-wide physical 8076M (399M free)
TotalPageFile size 16542M (AvailPageFile size 2M)
current process WorkingSet (physical memory assigned to process): 353M, peak: 353M
current process commit charge ("private bytes"): 460M, peak: 464M

vm_info: OpenJDK 64-Bit Server VM (22.0.2+9-70) for windows-amd64 JRE (22.0.2+9-70), built on 2024-06-04T16:52:23Z by "mach5one" with MS VC++ 17.6 (VS2022)

END.
