#
# There is insufficient memory for the Java Runtime Environment to continue.
# Native memory allocation (malloc) failed to allocate 1039216 bytes. Error detail: Chunk::new
# Possible reasons:
#   The system is out of physical RAM or swap space
#   This process is running with CompressedOops enabled, and the Java Heap may be blocking the growth of the native heap
# Possible solutions:
#   Reduce memory load on the system
#   Increase physical memory or swap space
#   Check if swap backing store is full
#   Decrease Java heap size (-Xmx/-Xms)
#   Decrease number of Java threads
#   Decrease Java thread stack sizes (-Xss)
#   Set larger code cache with -XX:ReservedCodeCacheSize=
#   JVM is running with Unscaled Compressed Oops mode in which the Java heap is
#     placed in the first 4GB address space. The Java Heap base address is the
#     maximum limit for the native heap growth. Please use -XX:HeapBaseMinAddress
#     to set the Java Heap base and to place the Java Heap above 4GB virtual address.
# This output file may be truncated or incomplete.
#
#  Out of Memory Error (arena.cpp:150), pid=15636, tid=8680
#
# JRE version: OpenJDK Runtime Environment (22.0.2+9) (build 22.0.2+9-70)
# Java VM: OpenJDK 64-Bit Server VM (22.0.2+9-70, mixed mode, sharing, tiered, compressed oops, compressed class ptrs, g1 gc, windows-amd64)
# No core dump will be written. Minidumps are not enabled by default on client versions of Windows
#

---------------  S U M M A R Y ------------

Command Line: --add-opens=java.base/java.util=ALL-UNNAMED --add-opens=java.base/java.lang=ALL-UNNAMED --add-opens=java.base/java.lang.invoke=ALL-UNNAMED --add-opens=java.prefs/java.util.prefs=ALL-UNNAMED --add-opens=java.base/java.nio.charset=ALL-UNNAMED --add-opens=java.base/java.net=ALL-UNNAMED --add-opens=java.base/java.util.concurrent.atomic=ALL-UNNAMED -XX:MaxMetaspaceSize=384m -XX:+HeapDumpOnOutOfMemoryError -Xms256m -Xmx512m -Dfile.encoding=windows-1252 -Duser.country=US -Duser.language=en -Duser.variant -javaagent:C:\Users\ASUS\.gradle\wrapper\dists\gradle-8.7-bin\bhs2wmbdwecv87pi65oeuq5iu\gradle-8.7\lib\agents\gradle-instrumentation-agent-8.7.jar org.gradle.launcher.daemon.bootstrap.GradleDaemon 8.7

Host: Intel(R) Core(TM) i5-7300HQ CPU @ 2.50GHz, 4 cores, 7G,  Windows 10 , 64 bit Build 19041 (10.0.19041.2546)
Time: Tue Dec 10 23:57:28 2024 SE Asia Standard Time elapsed time: 6.971616 seconds (0d 0h 0m 6s)

---------------  T H R E A D  ---------------

Current thread (0x0000024a5871e0f0):  JavaThread "C2 CompilerThread0" daemon [_thread_in_native, id=8680, stack(0x000000f42b900000,0x000000f42ba00000) (1024K)]


Current CompileTask:
C2:6971 4798       4       java.lang.invoke.MethodType::makeImpl (109 bytes)

Stack: [0x000000f42b900000,0x000000f42ba00000]
Native frames: (J=compiled Java code, j=interpreted, Vv=VM code, C=native code)
V  [jvm.dll+0x6e26e9]  (no source info available)
V  [jvm.dll+0x875753]  (no source info available)
V  [jvm.dll+0x877b7e]  (no source info available)
V  [jvm.dll+0x878253]  (no source info available)
V  [jvm.dll+0x27fc86]  (no source info available)
V  [jvm.dll+0xc3d0f]  (no source info available)
V  [jvm.dll+0xc3f6b]  (no source info available)
V  [jvm.dll+0x2f3c7f]  (no source info available)
V  [jvm.dll+0x60c0fa]  (no source info available)
V  [jvm.dll+0x250c92]  (no source info available)
V  [jvm.dll+0x24937c]  (no source info available)
V  [jvm.dll+0x246da6]  (no source info available)
V  [jvm.dll+0x1c4e80]  (no source info available)
V  [jvm.dll+0x2568f3]  (no source info available)
V  [jvm.dll+0x254baa]  (no source info available)
V  [jvm.dll+0x3f57a6]  (no source info available)
V  [jvm.dll+0x81dc0b]  (no source info available)
V  [jvm.dll+0x6e0d85]  (no source info available)
C  [ucrtbase.dll+0x21bb2]  (no source info available)
C  [KERNEL32.DLL+0x17614]  (no source info available)
C  [ntdll.dll+0x526a1]  (no source info available)


---------------  P R O C E S S  ---------------

Threads class SMR info:
_java_thread_list=0x0000024a76533550, length=39, elements={
0x0000024a3c2f0460, 0x0000024a58716100, 0x0000024a58718e30, 0x0000024a5871a2d0,
0x0000024a5871bea0, 0x0000024a5871c900, 0x0000024a5871d360, 0x0000024a5871e0f0,
0x0000024a58736ca0, 0x0000024a586e9890, 0x0000024a589b1fd0, 0x0000024a72bdd840,
0x0000024a73bf0a30, 0x0000024a737a7f40, 0x0000024a73bbf0a0, 0x0000024a73695c60,
0x0000024a739a4050, 0x0000024a739a74d0, 0x0000024a739a46e0, 0x0000024a739a4d70,
0x0000024a739a5400, 0x0000024a739a5a90, 0x0000024a739a6120, 0x0000024a739a67b0,
0x0000024a751cb7a0, 0x0000024a751cc4c0, 0x0000024a751c9040, 0x0000024a751ccb50,
0x0000024a751c96d0, 0x0000024a751c5bc0, 0x0000024a751cb110, 0x0000024a751c68e0,
0x0000024a751cbe30, 0x0000024a751c6f70, 0x0000024a751c7600, 0x0000024a7628f010,
0x0000024a751c7c90, 0x0000024a751c8320, 0x0000024a751c89b0
}

Java Threads: ( => current thread )
  0x0000024a3c2f0460 JavaThread "main"                              [_thread_blocked, id=12724, stack(0x000000f42ab00000,0x000000f42ac00000) (1024K)]
  0x0000024a58716100 JavaThread "Reference Handler"          daemon [_thread_blocked, id=5828, stack(0x000000f42b300000,0x000000f42b400000) (1024K)]
  0x0000024a58718e30 JavaThread "Finalizer"                  daemon [_thread_blocked, id=16328, stack(0x000000f42b400000,0x000000f42b500000) (1024K)]
  0x0000024a5871a2d0 JavaThread "Signal Dispatcher"          daemon [_thread_blocked, id=4792, stack(0x000000f42b500000,0x000000f42b600000) (1024K)]
  0x0000024a5871bea0 JavaThread "Attach Listener"            daemon [_thread_blocked, id=14652, stack(0x000000f42b600000,0x000000f42b700000) (1024K)]
  0x0000024a5871c900 JavaThread "Service Thread"             daemon [_thread_blocked, id=16780, stack(0x000000f42b700000,0x000000f42b800000) (1024K)]
  0x0000024a5871d360 JavaThread "Monitor Deflation Thread"   daemon [_thread_blocked, id=7560, stack(0x000000f42b800000,0x000000f42b900000) (1024K)]
=>0x0000024a5871e0f0 JavaThread "C2 CompilerThread0"         daemon [_thread_in_native, id=8680, stack(0x000000f42b900000,0x000000f42ba00000) (1024K)]
  0x0000024a58736ca0 JavaThread "C1 CompilerThread0"         daemon [_thread_blocked, id=12144, stack(0x000000f42ba00000,0x000000f42bb00000) (1024K)]
  0x0000024a586e9890 JavaThread "Common-Cleaner"             daemon [_thread_blocked, id=7032, stack(0x000000f42bb00000,0x000000f42bc00000) (1024K)]
  0x0000024a589b1fd0 JavaThread "Notification Thread"        daemon [_thread_blocked, id=8128, stack(0x000000f42bd00000,0x000000f42be00000) (1024K)]
  0x0000024a72bdd840 JavaThread "Daemon health stats"               [_thread_blocked, id=7536, stack(0x000000f42c100000,0x000000f42c200000) (1024K)]
  0x0000024a73bf0a30 JavaThread "Incoming local TCP Connector on port 53344"        [_thread_in_native, id=15476, stack(0x000000f42c200000,0x000000f42c300000) (1024K)]
  0x0000024a737a7f40 JavaThread "Daemon periodic checks"            [_thread_blocked, id=10252, stack(0x000000f42c300000,0x000000f42c400000) (1024K)]
  0x0000024a73bbf0a0 JavaThread "Daemon"                            [_thread_blocked, id=3960, stack(0x000000f42c400000,0x000000f42c500000) (1024K)]
  0x0000024a73695c60 JavaThread "Handler for socket connection from /127.0.0.1:53344 to /127.0.0.1:53345"        [_thread_in_native, id=11180, stack(0x000000f42c500000,0x000000f42c600000) (1024K)]
  0x0000024a739a4050 JavaThread "Cancel handler"                    [_thread_blocked, id=14208, stack(0x000000f42c600000,0x000000f42c700000) (1024K)]
  0x0000024a739a74d0 JavaThread "Daemon worker"                     [_thread_in_vm, id=12936, stack(0x000000f42c700000,0x000000f42c800000) (1024K)]
  0x0000024a739a46e0 JavaThread "Asynchronous log dispatcher for DefaultDaemonConnection: socket connection from /127.0.0.1:53344 to /127.0.0.1:53345"        [_thread_blocked, id=16564, stack(0x000000f42c800000,0x000000f42c900000) (1024K)]
  0x0000024a739a4d70 JavaThread "Stdin handler"                     [_thread_blocked, id=15524, stack(0x000000f42c900000,0x000000f42ca00000) (1024K)]
  0x0000024a739a5400 JavaThread "Daemon client event forwarder"        [_thread_blocked, id=9324, stack(0x000000f42ca00000,0x000000f42cb00000) (1024K)]
  0x0000024a739a5a90 JavaThread "Cache worker for journal cache (C:\Users\ASUS\.gradle\caches\journal-1)"        [_thread_blocked, id=14144, stack(0x000000f42cb00000,0x000000f42cc00000) (1024K)]
  0x0000024a739a6120 JavaThread "File lock request listener"        [_thread_in_native, id=13004, stack(0x000000f42cc00000,0x000000f42cd00000) (1024K)]
  0x0000024a739a67b0 JavaThread "Cache worker for file hash cache (C:\Users\ASUS\.gradle\caches\8.7\fileHashes)"        [_thread_blocked, id=15672, stack(0x000000f42cd00000,0x000000f42ce00000) (1024K)]
  0x0000024a751cb7a0 JavaThread "Cache worker for file hash cache (D:\codegym\thi_module_3\exam\demo\.gradle\8.7\fileHashes)"        [_thread_blocked, id=14528, stack(0x000000f42ce00000,0x000000f42cf00000) (1024K)]
  0x0000024a751cc4c0 JavaThread "File watcher server"        daemon [_thread_in_native, id=7556, stack(0x000000f42cf00000,0x000000f42d000000) (1024K)]
  0x0000024a751c9040 JavaThread "File watcher consumer"      daemon [_thread_blocked, id=16588, stack(0x000000f42d000000,0x000000f42d100000) (1024K)]
  0x0000024a751ccb50 JavaThread "jar transforms"                    [_thread_blocked, id=15208, stack(0x000000f42d100000,0x000000f42d200000) (1024K)]
  0x0000024a751c96d0 JavaThread "jar transforms Thread 2"           [_thread_blocked, id=1184, stack(0x000000f42d200000,0x000000f42d300000) (1024K)]
  0x0000024a751c5bc0 JavaThread "jar transforms Thread 3"           [_thread_blocked, id=9104, stack(0x000000f42d300000,0x000000f42d400000) (1024K)]
  0x0000024a751cb110 JavaThread "jar transforms Thread 4"           [_thread_blocked, id=15292, stack(0x000000f42d400000,0x000000f42d500000) (1024K)]
  0x0000024a751c68e0 JavaThread "Cache worker for checksums cache (D:\codegym\thi_module_3\exam\demo\.gradle\8.7\checksums)"        [_thread_blocked, id=9520, stack(0x000000f42d500000,0x000000f42d600000) (1024K)]
  0x0000024a751cbe30 JavaThread "Cache worker for cache directory md-supplier (C:\Users\ASUS\.gradle\caches\8.7\md-supplier)"        [_thread_blocked, id=12364, stack(0x000000f42d600000,0x000000f42d700000) (1024K)]
  0x0000024a751c6f70 JavaThread "Cache worker for cache directory md-rule (C:\Users\ASUS\.gradle\caches\8.7\md-rule)"        [_thread_blocked, id=16352, stack(0x000000f42d700000,0x000000f42d800000) (1024K)]
  0x0000024a751c7600 JavaThread "Cache worker for file content cache (C:\Users\ASUS\.gradle\caches\8.7\fileContent)"        [_thread_blocked, id=12352, stack(0x000000f42d800000,0x000000f42d900000) (1024K)]
  0x0000024a7628f010 JavaThread "C2 CompilerThread1"         daemon [_thread_in_native, id=16292, stack(0x000000f42bc00000,0x000000f42bd00000) (1024K)]
  0x0000024a751c7c90 JavaThread "Unconstrained build operations"        [_thread_blocked, id=13508, stack(0x000000f42d900000,0x000000f42da00000) (1024K)]
  0x0000024a751c8320 JavaThread "Unconstrained build operations Thread 2"        [_thread_blocked, id=17164, stack(0x000000f42da00000,0x000000f42db00000) (1024K)]
  0x0000024a751c89b0 JavaThread "Unconstrained build operations Thread 3"        [_thread_blocked, id=1000, stack(0x000000f42db00000,0x000000f42dc00000) (1024K)]
Total: 39

Other Threads:
  0x0000024a586fa9f0 VMThread "VM Thread"                           [id=15056, stack(0x000000f42b200000,0x000000f42b300000) (1024K)]
  0x0000024a586e84b0 WatcherThread "VM Periodic Task Thread"        [id=12224, stack(0x000000f42b100000,0x000000f42b200000) (1024K)]
  0x0000024a3e49d010 WorkerThread "GC Thread#0"                     [id=11352, stack(0x000000f42ac00000,0x000000f42ad00000) (1024K)]
  0x0000024a7242ce90 WorkerThread "GC Thread#1"                     [id=6316, stack(0x000000f42be00000,0x000000f42bf00000) (1024K)]
  0x0000024a7220e030 WorkerThread "GC Thread#2"                     [id=14544, stack(0x000000f42bf00000,0x000000f42c000000) (1024K)]
  0x0000024a7220e3e0 WorkerThread "GC Thread#3"                     [id=16304, stack(0x000000f42c000000,0x000000f42c100000) (1024K)]
  0x0000024a3e4ae840 ConcurrentGCThread "G1 Main Marker"            [id=5592, stack(0x000000f42ad00000,0x000000f42ae00000) (1024K)]
  0x0000024a3e4afa70 WorkerThread "G1 Conc#0"                       [id=14196, stack(0x000000f42ae00000,0x000000f42af00000) (1024K)]
  0x0000024a585ba270 ConcurrentGCThread "G1 Refine#0"               [id=13740, stack(0x000000f42af00000,0x000000f42b000000) (1024K)]
  0x0000024a585baaa0 ConcurrentGCThread "G1 Service"                [id=6356, stack(0x000000f42b000000,0x000000f42b100000) (1024K)]
Total: 10

Threads with active compile tasks:
C2 CompilerThread0  7092 4798       4       java.lang.invoke.MethodType::makeImpl (109 bytes)
C1 CompilerThread0  7092 4977       3       groovyjarjarasm.asm.Frame::getLocal (46 bytes)
C2 CompilerThread1  7092 4965       4       java.util.stream.AbstractPipeline::wrapAndCopyInto (18 bytes)
Total: 3

VM state: not at safepoint (normal execution)

VM Mutex/Monitor currently owned by a thread: None

Heap address: 0x00000000e0000000, size: 512 MB, Compressed Oops mode: 32-bit

CDS archive(s) mapped at: [0x0000024a59000000-0x0000024a59c60000-0x0000024a59c60000), size 12976128, SharedBaseAddress: 0x0000024a59000000, ArchiveRelocationMode: 1.
Compressed class space mapped at: 0x0000024a5a000000-0x0000024a6e000000, reserved size: 335544320
Narrow klass base: 0x0000024a59000000, Narrow klass shift: 0, Narrow klass range: 0x15000000

GC Precious Log:
 CardTable entry size: 512
 Card Set container configuration: InlinePtr #cards 5 size 8 Array Of Cards #cards 12 size 40 Howl #buckets 4 coarsen threshold 1843 Howl Bitmap #cards 512 size 80 coarsen threshold 460 Card regions per heap region 1 cards per card region 2048
 CPUs: 4 total, 4 available
 Memory: 8076M
 Large Page Support: Disabled
 NUMA Support: Disabled
 Compressed Oops: Enabled (32-bit)
 Heap Region Size: 1M
 Heap Min Capacity: 256M
 Heap Initial Capacity: 256M
 Heap Max Capacity: 512M
 Pre-touch: Disabled
 Parallel Workers: 4
 Concurrent Workers: 1
 Concurrent Refinement Workers: 4
 Periodic GC: Disabled

Heap:
 garbage-first heap   total reserved 524288K, committed 262144K, used 131182K [0x00000000e0000000, 0x0000000100000000)
  region size 1024K, 84 young (86016K), 9 survivors (9216K)
 Metaspace       used 41537K, committed 43072K, reserved 393216K
  class space    used 6102K, committed 6848K, reserved 327680K

Heap Regions: E=young(eden), S=young(survivor), O=old, HS=humongous(starts), HC=humongous(continues), CS=collection set, F=free, TAMS=top-at-mark-start, PB=parsable bottom
|   0|0x00000000e0000000, 0x00000000e0100000, 0x00000000e0100000|100%| O|  |TAMS 0x00000000e0000000| PB 0x00000000e0000000| Untracked |  0
|   1|0x00000000e0100000, 0x00000000e0200000, 0x00000000e0200000|100%| O|  |TAMS 0x00000000e0100000| PB 0x00000000e0100000| Untracked |  0
|   2|0x00000000e0200000, 0x00000000e0300000, 0x00000000e0300000|100%|HS|  |TAMS 0x00000000e0200000| PB 0x00000000e0200000| Complete |  0
|   3|0x00000000e0300000, 0x00000000e0400000, 0x00000000e0400000|100%|HC|  |TAMS 0x00000000e0300000| PB 0x00000000e0300000| Complete |  0
|   4|0x00000000e0400000, 0x00000000e0500000, 0x00000000e0500000|100%|HC|  |TAMS 0x00000000e0400000| PB 0x00000000e0400000| Complete |  0
|   5|0x00000000e0500000, 0x00000000e0600000, 0x00000000e0600000|100%|HC|  |TAMS 0x00000000e0500000| PB 0x00000000e0500000| Complete |  0
|   6|0x00000000e0600000, 0x00000000e0700000, 0x00000000e0700000|100%| O|  |TAMS 0x00000000e0600000| PB 0x00000000e0600000| Untracked |  0
|   7|0x00000000e0700000, 0x00000000e0800000, 0x00000000e0800000|100%|HS|  |TAMS 0x00000000e0700000| PB 0x00000000e0700000| Complete |  0
|   8|0x00000000e0800000, 0x00000000e0900000, 0x00000000e0900000|100%| O|  |TAMS 0x00000000e0800000| PB 0x00000000e0800000| Untracked |  0
|   9|0x00000000e0900000, 0x00000000e0a00000, 0x00000000e0a00000|100%| O|  |TAMS 0x00000000e0900000| PB 0x00000000e0900000| Untracked |  0
|  10|0x00000000e0a00000, 0x00000000e0b00000, 0x00000000e0b00000|100%| O|  |TAMS 0x00000000e0a00000| PB 0x00000000e0a00000| Untracked |  0
|  11|0x00000000e0b00000, 0x00000000e0c00000, 0x00000000e0c00000|100%| O|Cm|TAMS 0x00000000e0b00000| PB 0x00000000e0b00000| Complete |  0
|  12|0x00000000e0c00000, 0x00000000e0d00000, 0x00000000e0d00000|100%|HS|  |TAMS 0x00000000e0c00000| PB 0x00000000e0c00000| Complete |  0
|  13|0x00000000e0d00000, 0x00000000e0e00000, 0x00000000e0e00000|100%|HC|  |TAMS 0x00000000e0d00000| PB 0x00000000e0d00000| Complete |  0
|  14|0x00000000e0e00000, 0x00000000e0f00000, 0x00000000e0f00000|100%|HC|  |TAMS 0x00000000e0e00000| PB 0x00000000e0e00000| Complete |  0
|  15|0x00000000e0f00000, 0x00000000e1000000, 0x00000000e1000000|100%|HC|  |TAMS 0x00000000e0f00000| PB 0x00000000e0f00000| Complete |  0
|  16|0x00000000e1000000, 0x00000000e1100000, 0x00000000e1100000|100%|HC|  |TAMS 0x00000000e1000000| PB 0x00000000e1000000| Complete |  0
|  17|0x00000000e1100000, 0x00000000e1200000, 0x00000000e1200000|100%|HS|  |TAMS 0x00000000e1100000| PB 0x00000000e1100000| Complete |  0
|  18|0x00000000e1200000, 0x00000000e1300000, 0x00000000e1300000|100%|HC|  |TAMS 0x00000000e1200000| PB 0x00000000e1200000| Complete |  0
|  19|0x00000000e1300000, 0x00000000e1400000, 0x00000000e1400000|100%|HC|  |TAMS 0x00000000e1300000| PB 0x00000000e1300000| Complete |  0
|  20|0x00000000e1400000, 0x00000000e1500000, 0x00000000e1500000|100%|HS|  |TAMS 0x00000000e1400000| PB 0x00000000e1400000| Complete |  0
|  21|0x00000000e1500000, 0x00000000e1600000, 0x00000000e1600000|100%|HC|  |TAMS 0x00000000e1500000| PB 0x00000000e1500000| Complete |  0
|  22|0x00000000e1600000, 0x00000000e1700000, 0x00000000e1700000|100%|HC|  |TAMS 0x00000000e1600000| PB 0x00000000e1600000| Complete |  0
|  23|0x00000000e1700000, 0x00000000e1800000, 0x00000000e1800000|100%| O|  |TAMS 0x00000000e1700000| PB 0x00000000e1700000| Untracked |  0
|  24|0x00000000e1800000, 0x00000000e1900000, 0x00000000e1900000|100%| O|  |TAMS 0x00000000e1800000| PB 0x00000000e1800000| Untracked |  0
|  25|0x00000000e1900000, 0x00000000e1a00000, 0x00000000e1a00000|100%| O|  |TAMS 0x00000000e1900000| PB 0x00000000e1900000| Untracked |  0
|  26|0x00000000e1a00000, 0x00000000e1b00000, 0x00000000e1b00000|100%| O|  |TAMS 0x00000000e1a00000| PB 0x00000000e1a00000| Untracked |  0
|  27|0x00000000e1b00000, 0x00000000e1c00000, 0x00000000e1c00000|100%| O|  |TAMS 0x00000000e1b00000| PB 0x00000000e1b00000| Untracked |  0
|  28|0x00000000e1c00000, 0x00000000e1d00000, 0x00000000e1d00000|100%| O|  |TAMS 0x00000000e1c00000| PB 0x00000000e1c00000| Untracked |  0
|  29|0x00000000e1d00000, 0x00000000e1e00000, 0x00000000e1e00000|100%| O|  |TAMS 0x00000000e1d00000| PB 0x00000000e1d00000| Untracked |  0
|  30|0x00000000e1e00000, 0x00000000e1f00000, 0x00000000e1f00000|100%| O|  |TAMS 0x00000000e1e00000| PB 0x00000000e1e00000| Untracked |  0
|  31|0x00000000e1f00000, 0x00000000e2000000, 0x00000000e2000000|100%| O|  |TAMS 0x00000000e1f00000| PB 0x00000000e1f00000| Untracked |  0
|  32|0x00000000e2000000, 0x00000000e2100000, 0x00000000e2100000|100%| O|  |TAMS 0x00000000e2000000| PB 0x00000000e2000000| Untracked |  0
|  33|0x00000000e2100000, 0x00000000e2200000, 0x00000000e2200000|100%| O|  |TAMS 0x00000000e2100000| PB 0x00000000e2100000| Untracked |  0
|  34|0x00000000e2200000, 0x00000000e224ede0, 0x00000000e2300000| 30%| O|  |TAMS 0x00000000e2200000| PB 0x00000000e2200000| Untracked |  0
|  35|0x00000000e2300000, 0x00000000e2400000, 0x00000000e2400000|100%|HS|  |TAMS 0x00000000e2300000| PB 0x00000000e2300000| Complete |  0
|  36|0x00000000e2400000, 0x00000000e2500000, 0x00000000e2500000|100%|HC|  |TAMS 0x00000000e2400000| PB 0x00000000e2400000| Complete |  0
|  37|0x00000000e2500000, 0x00000000e2600000, 0x00000000e2600000|100%|HS|  |TAMS 0x00000000e2500000| PB 0x00000000e2500000| Complete |  0
|  38|0x00000000e2600000, 0x00000000e2700000, 0x00000000e2700000|100%|HC|  |TAMS 0x00000000e2600000| PB 0x00000000e2600000| Complete |  0
|  39|0x00000000e2700000, 0x00000000e2800000, 0x00000000e2800000|100%|HS|  |TAMS 0x00000000e2700000| PB 0x00000000e2700000| Complete |  0
|  40|0x00000000e2800000, 0x00000000e2900000, 0x00000000e2900000|100%|HC|  |TAMS 0x00000000e2800000| PB 0x00000000e2800000| Complete |  0
|  41|0x00000000e2900000, 0x00000000e2a00000, 0x00000000e2a00000|100%|HC|  |TAMS 0x00000000e2900000| PB 0x00000000e2900000| Complete |  0
|  42|0x00000000e2a00000, 0x00000000e2b00000, 0x00000000e2b00000|100%|HC|  |TAMS 0x00000000e2a00000| PB 0x00000000e2a00000| Complete |  0
|  43|0x00000000e2b00000, 0x00000000e2c00000, 0x00000000e2c00000|100%|HC|  |TAMS 0x00000000e2b00000| PB 0x00000000e2b00000| Complete |  0
|  44|0x00000000e2c00000, 0x00000000e2d00000, 0x00000000e2d00000|100%|HS|  |TAMS 0x00000000e2c00000| PB 0x00000000e2c00000| Complete |  0
|  45|0x00000000e2d00000, 0x00000000e2e00000, 0x00000000e2e00000|100%|HC|  |TAMS 0x00000000e2d00000| PB 0x00000000e2d00000| Complete |  0
|  46|0x00000000e2e00000, 0x00000000e2f00000, 0x00000000e2f00000|100%|HC|  |TAMS 0x00000000e2e00000| PB 0x00000000e2e00000| Complete |  0
|  47|0x00000000e2f00000, 0x00000000e2f00000, 0x00000000e3000000|  0%| F|  |TAMS 0x00000000e2f00000| PB 0x00000000e2f00000| Untracked |  0
|  48|0x00000000e3000000, 0x00000000e3000000, 0x00000000e3100000|  0%| F|  |TAMS 0x00000000e3000000| PB 0x00000000e3000000| Untracked |  0
|  49|0x00000000e3100000, 0x00000000e3100000, 0x00000000e3200000|  0%| F|  |TAMS 0x00000000e3100000| PB 0x00000000e3100000| Untracked |  0
|  50|0x00000000e3200000, 0x00000000e3200000, 0x00000000e3300000|  0%| F|  |TAMS 0x00000000e3200000| PB 0x00000000e3200000| Untracked |  0
|  51|0x00000000e3300000, 0x00000000e3300000, 0x00000000e3400000|  0%| F|  |TAMS 0x00000000e3300000| PB 0x00000000e3300000| Untracked |  0
|  52|0x00000000e3400000, 0x00000000e3400000, 0x00000000e3500000|  0%| F|  |TAMS 0x00000000e3400000| PB 0x00000000e3400000| Untracked |  0
|  53|0x00000000e3500000, 0x00000000e3500000, 0x00000000e3600000|  0%| F|  |TAMS 0x00000000e3500000| PB 0x00000000e3500000| Untracked |  0
|  54|0x00000000e3600000, 0x00000000e3600000, 0x00000000e3700000|  0%| F|  |TAMS 0x00000000e3600000| PB 0x00000000e3600000| Untracked |  0
|  55|0x00000000e3700000, 0x00000000e3700000, 0x00000000e3800000|  0%| F|  |TAMS 0x00000000e3700000| PB 0x00000000e3700000| Untracked |  0
|  56|0x00000000e3800000, 0x00000000e3800000, 0x00000000e3900000|  0%| F|  |TAMS 0x00000000e3800000| PB 0x00000000e3800000| Untracked |  0
|  57|0x00000000e3900000, 0x00000000e3900000, 0x00000000e3a00000|  0%| F|  |TAMS 0x00000000e3900000| PB 0x00000000e3900000| Untracked |  0
|  58|0x00000000e3a00000, 0x00000000e3a00000, 0x00000000e3b00000|  0%| F|  |TAMS 0x00000000e3a00000| PB 0x00000000e3a00000| Untracked |  0
|  59|0x00000000e3b00000, 0x00000000e3b00000, 0x00000000e3c00000|  0%| F|  |TAMS 0x00000000e3b00000| PB 0x00000000e3b00000| Untracked |  0
|  60|0x00000000e3c00000, 0x00000000e3c00000, 0x00000000e3d00000|  0%| F|  |TAMS 0x00000000e3c00000| PB 0x00000000e3c00000| Untracked |  0
|  61|0x00000000e3d00000, 0x00000000e3d00000, 0x00000000e3e00000|  0%| F|  |TAMS 0x00000000e3d00000| PB 0x00000000e3d00000| Untracked |  0
|  62|0x00000000e3e00000, 0x00000000e3e00000, 0x00000000e3f00000|  0%| F|  |TAMS 0x00000000e3e00000| PB 0x00000000e3e00000| Untracked |  0
|  63|0x00000000e3f00000, 0x00000000e3f00000, 0x00000000e4000000|  0%| F|  |TAMS 0x00000000e3f00000| PB 0x00000000e3f00000| Untracked |  0
|  64|0x00000000e4000000, 0x00000000e4000000, 0x00000000e4100000|  0%| F|  |TAMS 0x00000000e4000000| PB 0x00000000e4000000| Untracked |  0
|  65|0x00000000e4100000, 0x00000000e4100000, 0x00000000e4200000|  0%| F|  |TAMS 0x00000000e4100000| PB 0x00000000e4100000| Untracked |  0
|  66|0x00000000e4200000, 0x00000000e4200000, 0x00000000e4300000|  0%| F|  |TAMS 0x00000000e4200000| PB 0x00000000e4200000| Untracked |  0
|  67|0x00000000e4300000, 0x00000000e4300000, 0x00000000e4400000|  0%| F|  |TAMS 0x00000000e4300000| PB 0x00000000e4300000| Untracked |  0
|  68|0x00000000e4400000, 0x00000000e4400000, 0x00000000e4500000|  0%| F|  |TAMS 0x00000000e4400000| PB 0x00000000e4400000| Untracked |  0
|  69|0x00000000e4500000, 0x00000000e4500000, 0x00000000e4600000|  0%| F|  |TAMS 0x00000000e4500000| PB 0x00000000e4500000| Untracked |  0
|  70|0x00000000e4600000, 0x00000000e4600000, 0x00000000e4700000|  0%| F|  |TAMS 0x00000000e4600000| PB 0x00000000e4600000| Untracked |  0
|  71|0x00000000e4700000, 0x00000000e4700000, 0x00000000e4800000|  0%| F|  |TAMS 0x00000000e4700000| PB 0x00000000e4700000| Untracked |  0
|  72|0x00000000e4800000, 0x00000000e4800000, 0x00000000e4900000|  0%| F|  |TAMS 0x00000000e4800000| PB 0x00000000e4800000| Untracked |  0
|  73|0x00000000e4900000, 0x00000000e4900000, 0x00000000e4a00000|  0%| F|  |TAMS 0x00000000e4900000| PB 0x00000000e4900000| Untracked |  0
|  74|0x00000000e4a00000, 0x00000000e4a00000, 0x00000000e4b00000|  0%| F|  |TAMS 0x00000000e4a00000| PB 0x00000000e4a00000| Untracked |  0
|  75|0x00000000e4b00000, 0x00000000e4b00000, 0x00000000e4c00000|  0%| F|  |TAMS 0x00000000e4b00000| PB 0x00000000e4b00000| Untracked |  0
|  76|0x00000000e4c00000, 0x00000000e4c00000, 0x00000000e4d00000|  0%| F|  |TAMS 0x00000000e4c00000| PB 0x00000000e4c00000| Untracked |  0
|  77|0x00000000e4d00000, 0x00000000e4d00000, 0x00000000e4e00000|  0%| F|  |TAMS 0x00000000e4d00000| PB 0x00000000e4d00000| Untracked |  0
|  78|0x00000000e4e00000, 0x00000000e4e00000, 0x00000000e4f00000|  0%| F|  |TAMS 0x00000000e4e00000| PB 0x00000000e4e00000| Untracked |  0
|  79|0x00000000e4f00000, 0x00000000e4f00000, 0x00000000e5000000|  0%| F|  |TAMS 0x00000000e4f00000| PB 0x00000000e4f00000| Untracked |  0
|  80|0x00000000e5000000, 0x00000000e5000000, 0x00000000e5100000|  0%| F|  |TAMS 0x00000000e5000000| PB 0x00000000e5000000| Untracked |  0
|  81|0x00000000e5100000, 0x00000000e5100000, 0x00000000e5200000|  0%| F|  |TAMS 0x00000000e5100000| PB 0x00000000e5100000| Untracked |  0
|  82|0x00000000e5200000, 0x00000000e5200000, 0x00000000e5300000|  0%| F|  |TAMS 0x00000000e5200000| PB 0x00000000e5200000| Untracked |  0
|  83|0x00000000e5300000, 0x00000000e5300000, 0x00000000e5400000|  0%| F|  |TAMS 0x00000000e5300000| PB 0x00000000e5300000| Untracked |  0
|  84|0x00000000e5400000, 0x00000000e5400000, 0x00000000e5500000|  0%| F|  |TAMS 0x00000000e5400000| PB 0x00000000e5400000| Untracked |  0
|  85|0x00000000e5500000, 0x00000000e5500000, 0x00000000e5600000|  0%| F|  |TAMS 0x00000000e5500000| PB 0x00000000e5500000| Untracked |  0
|  86|0x00000000e5600000, 0x00000000e5600000, 0x00000000e5700000|  0%| F|  |TAMS 0x00000000e5600000| PB 0x00000000e5600000| Untracked |  0
|  87|0x00000000e5700000, 0x00000000e5700000, 0x00000000e5800000|  0%| F|  |TAMS 0x00000000e5700000| PB 0x00000000e5700000| Untracked |  0
|  88|0x00000000e5800000, 0x00000000e5800000, 0x00000000e5900000|  0%| F|  |TAMS 0x00000000e5800000| PB 0x00000000e5800000| Untracked |  0
|  89|0x00000000e5900000, 0x00000000e5900000, 0x00000000e5a00000|  0%| F|  |TAMS 0x00000000e5900000| PB 0x00000000e5900000| Untracked |  0
|  90|0x00000000e5a00000, 0x00000000e5a00000, 0x00000000e5b00000|  0%| F|  |TAMS 0x00000000e5a00000| PB 0x00000000e5a00000| Untracked |  0
|  91|0x00000000e5b00000, 0x00000000e5b00000, 0x00000000e5c00000|  0%| F|  |TAMS 0x00000000e5b00000| PB 0x00000000e5b00000| Untracked |  0
|  92|0x00000000e5c00000, 0x00000000e5c00000, 0x00000000e5d00000|  0%| F|  |TAMS 0x00000000e5c00000| PB 0x00000000e5c00000| Untracked |  0
|  93|0x00000000e5d00000, 0x00000000e5d00000, 0x00000000e5e00000|  0%| F|  |TAMS 0x00000000e5d00000| PB 0x00000000e5d00000| Untracked |  0
|  94|0x00000000e5e00000, 0x00000000e5e00000, 0x00000000e5f00000|  0%| F|  |TAMS 0x00000000e5e00000| PB 0x00000000e5e00000| Untracked |  0
|  95|0x00000000e5f00000, 0x00000000e5f00000, 0x00000000e6000000|  0%| F|  |TAMS 0x00000000e5f00000| PB 0x00000000e5f00000| Untracked |  0
|  96|0x00000000e6000000, 0x00000000e6000000, 0x00000000e6100000|  0%| F|  |TAMS 0x00000000e6000000| PB 0x00000000e6000000| Untracked |  0
|  97|0x00000000e6100000, 0x00000000e6100000, 0x00000000e6200000|  0%| F|  |TAMS 0x00000000e6100000| PB 0x00000000e6100000| Untracked |  0
|  98|0x00000000e6200000, 0x00000000e6200000, 0x00000000e6300000|  0%| F|  |TAMS 0x00000000e6200000| PB 0x00000000e6200000| Untracked |  0
|  99|0x00000000e6300000, 0x00000000e6300000, 0x00000000e6400000|  0%| F|  |TAMS 0x00000000e6300000| PB 0x00000000e6300000| Untracked |  0
| 100|0x00000000e6400000, 0x00000000e6400000, 0x00000000e6500000|  0%| F|  |TAMS 0x00000000e6400000| PB 0x00000000e6400000| Untracked |  0
| 101|0x00000000e6500000, 0x00000000e6500000, 0x00000000e6600000|  0%| F|  |TAMS 0x00000000e6500000| PB 0x00000000e6500000| Untracked |  0
| 102|0x00000000e6600000, 0x00000000e6600000, 0x00000000e6700000|  0%| F|  |TAMS 0x00000000e6600000| PB 0x00000000e6600000| Untracked |  0
| 103|0x00000000e6700000, 0x00000000e6700000, 0x00000000e6800000|  0%| F|  |TAMS 0x00000000e6700000| PB 0x00000000e6700000| Untracked |  0
| 104|0x00000000e6800000, 0x00000000e6800000, 0x00000000e6900000|  0%| F|  |TAMS 0x00000000e6800000| PB 0x00000000e6800000| Untracked |  0
| 105|0x00000000e6900000, 0x00000000e6900000, 0x00000000e6a00000|  0%| F|  |TAMS 0x00000000e6900000| PB 0x00000000e6900000| Untracked |  0
| 106|0x00000000e6a00000, 0x00000000e6a00000, 0x00000000e6b00000|  0%| F|  |TAMS 0x00000000e6a00000| PB 0x00000000e6a00000| Untracked |  0
| 107|0x00000000e6b00000, 0x00000000e6b00000, 0x00000000e6c00000|  0%| F|  |TAMS 0x00000000e6b00000| PB 0x00000000e6b00000| Untracked |  0
| 108|0x00000000e6c00000, 0x00000000e6c00000, 0x00000000e6d00000|  0%| F|  |TAMS 0x00000000e6c00000| PB 0x00000000e6c00000| Untracked |  0
| 109|0x00000000e6d00000, 0x00000000e6d00000, 0x00000000e6e00000|  0%| F|  |TAMS 0x00000000e6d00000| PB 0x00000000e6d00000| Untracked |  0
| 110|0x00000000e6e00000, 0x00000000e6e00000, 0x00000000e6f00000|  0%| F|  |TAMS 0x00000000e6e00000| PB 0x00000000e6e00000| Untracked |  0
| 111|0x00000000e6f00000, 0x00000000e6f00000, 0x00000000e7000000|  0%| F|  |TAMS 0x00000000e6f00000| PB 0x00000000e6f00000| Untracked |  0
| 112|0x00000000e7000000, 0x00000000e7000000, 0x00000000e7100000|  0%| F|  |TAMS 0x00000000e7000000| PB 0x00000000e7000000| Untracked |  0
| 113|0x00000000e7100000, 0x00000000e7100000, 0x00000000e7200000|  0%| F|  |TAMS 0x00000000e7100000| PB 0x00000000e7100000| Untracked |  0
| 114|0x00000000e7200000, 0x00000000e7200000, 0x00000000e7300000|  0%| F|  |TAMS 0x00000000e7200000| PB 0x00000000e7200000| Untracked |  0
| 115|0x00000000e7300000, 0x00000000e7300000, 0x00000000e7400000|  0%| F|  |TAMS 0x00000000e7300000| PB 0x00000000e7300000| Untracked |  0
| 116|0x00000000e7400000, 0x00000000e7400000, 0x00000000e7500000|  0%| F|  |TAMS 0x00000000e7400000| PB 0x00000000e7400000| Untracked |  0
| 117|0x00000000e7500000, 0x00000000e7500000, 0x00000000e7600000|  0%| F|  |TAMS 0x00000000e7500000| PB 0x00000000e7500000| Untracked |  0
| 118|0x00000000e7600000, 0x00000000e7600000, 0x00000000e7700000|  0%| F|  |TAMS 0x00000000e7600000| PB 0x00000000e7600000| Untracked |  0
| 119|0x00000000e7700000, 0x00000000e7700000, 0x00000000e7800000|  0%| F|  |TAMS 0x00000000e7700000| PB 0x00000000e7700000| Untracked |  0
| 120|0x00000000e7800000, 0x00000000e7800000, 0x00000000e7900000|  0%| F|  |TAMS 0x00000000e7800000| PB 0x00000000e7800000| Untracked |  0
| 121|0x00000000e7900000, 0x00000000e7900000, 0x00000000e7a00000|  0%| F|  |TAMS 0x00000000e7900000| PB 0x00000000e7900000| Untracked |  0
| 122|0x00000000e7a00000, 0x00000000e7a00000, 0x00000000e7b00000|  0%| F|  |TAMS 0x00000000e7a00000| PB 0x00000000e7a00000| Untracked |  0
| 123|0x00000000e7b00000, 0x00000000e7b00000, 0x00000000e7c00000|  0%| F|  |TAMS 0x00000000e7b00000| PB 0x00000000e7b00000| Untracked |  0
| 124|0x00000000e7c00000, 0x00000000e7c00000, 0x00000000e7d00000|  0%| F|  |TAMS 0x00000000e7c00000| PB 0x00000000e7c00000| Untracked |  0
| 125|0x00000000e7d00000, 0x00000000e7d00000, 0x00000000e7e00000|  0%| F|  |TAMS 0x00000000e7d00000| PB 0x00000000e7d00000| Untracked |  0
| 126|0x00000000e7e00000, 0x00000000e7e00000, 0x00000000e7f00000|  0%| F|  |TAMS 0x00000000e7e00000| PB 0x00000000e7e00000| Untracked |  0
| 127|0x00000000e7f00000, 0x00000000e7f00000, 0x00000000e8000000|  0%| F|  |TAMS 0x00000000e7f00000| PB 0x00000000e7f00000| Untracked |  0
| 128|0x00000000e8000000, 0x00000000e8000000, 0x00000000e8100000|  0%| F|  |TAMS 0x00000000e8000000| PB 0x00000000e8000000| Untracked |  0
| 129|0x00000000e8100000, 0x00000000e8100000, 0x00000000e8200000|  0%| F|  |TAMS 0x00000000e8100000| PB 0x00000000e8100000| Untracked |  0
| 130|0x00000000e8200000, 0x00000000e8200000, 0x00000000e8300000|  0%| F|  |TAMS 0x00000000e8200000| PB 0x00000000e8200000| Untracked |  0
| 131|0x00000000e8300000, 0x00000000e8300000, 0x00000000e8400000|  0%| F|  |TAMS 0x00000000e8300000| PB 0x00000000e8300000| Untracked |  0
| 132|0x00000000e8400000, 0x00000000e8400000, 0x00000000e8500000|  0%| F|  |TAMS 0x00000000e8400000| PB 0x00000000e8400000| Untracked |  0
| 133|0x00000000e8500000, 0x00000000e8500000, 0x00000000e8600000|  0%| F|  |TAMS 0x00000000e8500000| PB 0x00000000e8500000| Untracked |  0
| 134|0x00000000e8600000, 0x00000000e8600000, 0x00000000e8700000|  0%| F|  |TAMS 0x00000000e8600000| PB 0x00000000e8600000| Untracked |  0
| 135|0x00000000e8700000, 0x00000000e8700000, 0x00000000e8800000|  0%| F|  |TAMS 0x00000000e8700000| PB 0x00000000e8700000| Untracked |  0
| 136|0x00000000e8800000, 0x00000000e8800000, 0x00000000e8900000|  0%| F|  |TAMS 0x00000000e8800000| PB 0x00000000e8800000| Untracked |  0
| 137|0x00000000e8900000, 0x00000000e8900000, 0x00000000e8a00000|  0%| F|  |TAMS 0x00000000e8900000| PB 0x00000000e8900000| Untracked |  0
| 138|0x00000000e8a00000, 0x00000000e8a00000, 0x00000000e8b00000|  0%| F|  |TAMS 0x00000000e8a00000| PB 0x00000000e8a00000| Untracked |  0
| 139|0x00000000e8b00000, 0x00000000e8b00000, 0x00000000e8c00000|  0%| F|  |TAMS 0x00000000e8b00000| PB 0x00000000e8b00000| Untracked |  0
| 140|0x00000000e8c00000, 0x00000000e8c00000, 0x00000000e8d00000|  0%| F|  |TAMS 0x00000000e8c00000| PB 0x00000000e8c00000| Untracked |  0
| 141|0x00000000e8d00000, 0x00000000e8d00000, 0x00000000e8e00000|  0%| F|  |TAMS 0x00000000e8d00000| PB 0x00000000e8d00000| Untracked |  0
| 142|0x00000000e8e00000, 0x00000000e8e00000, 0x00000000e8f00000|  0%| F|  |TAMS 0x00000000e8e00000| PB 0x00000000e8e00000| Untracked |  0
| 143|0x00000000e8f00000, 0x00000000e8f00000, 0x00000000e9000000|  0%| F|  |TAMS 0x00000000e8f00000| PB 0x00000000e8f00000| Untracked |  0
| 144|0x00000000e9000000, 0x00000000e9000000, 0x00000000e9100000|  0%| F|  |TAMS 0x00000000e9000000| PB 0x00000000e9000000| Untracked |  0
| 145|0x00000000e9100000, 0x00000000e9100000, 0x00000000e9200000|  0%| F|  |TAMS 0x00000000e9100000| PB 0x00000000e9100000| Untracked |  0
| 146|0x00000000e9200000, 0x00000000e9200000, 0x00000000e9300000|  0%| F|  |TAMS 0x00000000e9200000| PB 0x00000000e9200000| Untracked |  0
| 147|0x00000000e9300000, 0x00000000e9300000, 0x00000000e9400000|  0%| F|  |TAMS 0x00000000e9300000| PB 0x00000000e9300000| Untracked |  0
| 148|0x00000000e9400000, 0x00000000e9400000, 0x00000000e9500000|  0%| F|  |TAMS 0x00000000e9400000| PB 0x00000000e9400000| Untracked |  0
| 149|0x00000000e9500000, 0x00000000e9500000, 0x00000000e9600000|  0%| F|  |TAMS 0x00000000e9500000| PB 0x00000000e9500000| Untracked |  0
| 150|0x00000000e9600000, 0x00000000e9600000, 0x00000000e9700000|  0%| F|  |TAMS 0x00000000e9600000| PB 0x00000000e9600000| Untracked |  0
| 151|0x00000000e9700000, 0x00000000e9700000, 0x00000000e9800000|  0%| F|  |TAMS 0x00000000e9700000| PB 0x00000000e9700000| Untracked |  0
| 152|0x00000000e9800000, 0x00000000e9800000, 0x00000000e9900000|  0%| F|  |TAMS 0x00000000e9800000| PB 0x00000000e9800000| Untracked |  0
| 153|0x00000000e9900000, 0x00000000e9900000, 0x00000000e9a00000|  0%| F|  |TAMS 0x00000000e9900000| PB 0x00000000e9900000| Untracked |  0
| 154|0x00000000e9a00000, 0x00000000e9a00000, 0x00000000e9b00000|  0%| F|  |TAMS 0x00000000e9a00000| PB 0x00000000e9a00000| Untracked |  0
| 155|0x00000000e9b00000, 0x00000000e9b00000, 0x00000000e9c00000|  0%| F|  |TAMS 0x00000000e9b00000| PB 0x00000000e9b00000| Untracked |  0
| 156|0x00000000e9c00000, 0x00000000e9c00000, 0x00000000e9d00000|  0%| F|  |TAMS 0x00000000e9c00000| PB 0x00000000e9c00000| Untracked |  0
| 157|0x00000000e9d00000, 0x00000000e9d00000, 0x00000000e9e00000|  0%| F|  |TAMS 0x00000000e9d00000| PB 0x00000000e9d00000| Untracked |  0
| 158|0x00000000e9e00000, 0x00000000e9e00000, 0x00000000e9f00000|  0%| F|  |TAMS 0x00000000e9e00000| PB 0x00000000e9e00000| Untracked |  0
| 159|0x00000000e9f00000, 0x00000000e9f00000, 0x00000000ea000000|  0%| F|  |TAMS 0x00000000e9f00000| PB 0x00000000e9f00000| Untracked |  0
| 160|0x00000000ea000000, 0x00000000ea000000, 0x00000000ea100000|  0%| F|  |TAMS 0x00000000ea000000| PB 0x00000000ea000000| Untracked |  0
| 161|0x00000000ea100000, 0x00000000ea100000, 0x00000000ea200000|  0%| F|  |TAMS 0x00000000ea100000| PB 0x00000000ea100000| Untracked |  0
| 162|0x00000000ea200000, 0x00000000ea200000, 0x00000000ea300000|  0%| F|  |TAMS 0x00000000ea200000| PB 0x00000000ea200000| Untracked |  0
| 163|0x00000000ea300000, 0x00000000ea300000, 0x00000000ea400000|  0%| F|  |TAMS 0x00000000ea300000| PB 0x00000000ea300000| Untracked |  0
| 164|0x00000000ea400000, 0x00000000ea400000, 0x00000000ea500000|  0%| F|  |TAMS 0x00000000ea400000| PB 0x00000000ea400000| Untracked |  0
| 165|0x00000000ea500000, 0x00000000ea500000, 0x00000000ea600000|  0%| F|  |TAMS 0x00000000ea500000| PB 0x00000000ea500000| Untracked |  0
| 166|0x00000000ea600000, 0x00000000ea600000, 0x00000000ea700000|  0%| F|  |TAMS 0x00000000ea600000| PB 0x00000000ea600000| Untracked |  0
| 167|0x00000000ea700000, 0x00000000ea700000, 0x00000000ea800000|  0%| F|  |TAMS 0x00000000ea700000| PB 0x00000000ea700000| Untracked |  0
| 168|0x00000000ea800000, 0x00000000ea800000, 0x00000000ea900000|  0%| F|  |TAMS 0x00000000ea800000| PB 0x00000000ea800000| Untracked |  0
| 169|0x00000000ea900000, 0x00000000ea900000, 0x00000000eaa00000|  0%| F|  |TAMS 0x00000000ea900000| PB 0x00000000ea900000| Untracked |  0
| 170|0x00000000eaa00000, 0x00000000eaa00000, 0x00000000eab00000|  0%| F|  |TAMS 0x00000000eaa00000| PB 0x00000000eaa00000| Untracked |  0
| 171|0x00000000eab00000, 0x00000000eab80000, 0x00000000eac00000| 50%| E|  |TAMS 0x00000000eab00000| PB 0x00000000eab00000| Complete |  0
| 172|0x00000000eac00000, 0x00000000ead00000, 0x00000000ead00000|100%| E|CS|TAMS 0x00000000eac00000| PB 0x00000000eac00000| Complete |  0
| 173|0x00000000ead00000, 0x00000000eae00000, 0x00000000eae00000|100%| E|CS|TAMS 0x00000000ead00000| PB 0x00000000ead00000| Complete |  0
| 174|0x00000000eae00000, 0x00000000eaf00000, 0x00000000eaf00000|100%| E|CS|TAMS 0x00000000eae00000| PB 0x00000000eae00000| Complete |  0
| 175|0x00000000eaf00000, 0x00000000eb000000, 0x00000000eb000000|100%| E|CS|TAMS 0x00000000eaf00000| PB 0x00000000eaf00000| Complete |  0
| 176|0x00000000eb000000, 0x00000000eb100000, 0x00000000eb100000|100%| E|  |TAMS 0x00000000eb000000| PB 0x00000000eb000000| Complete |  0
| 177|0x00000000eb100000, 0x00000000eb200000, 0x00000000eb200000|100%| E|CS|TAMS 0x00000000eb100000| PB 0x00000000eb100000| Complete |  0
| 178|0x00000000eb200000, 0x00000000eb300000, 0x00000000eb300000|100%| E|CS|TAMS 0x00000000eb200000| PB 0x00000000eb200000| Complete |  0
| 179|0x00000000eb300000, 0x00000000eb400000, 0x00000000eb400000|100%| E|CS|TAMS 0x00000000eb300000| PB 0x00000000eb300000| Complete |  0
| 180|0x00000000eb400000, 0x00000000eb500000, 0x00000000eb500000|100%| E|CS|TAMS 0x00000000eb400000| PB 0x00000000eb400000| Complete |  0
| 181|0x00000000eb500000, 0x00000000eb600000, 0x00000000eb600000|100%| E|CS|TAMS 0x00000000eb500000| PB 0x00000000eb500000| Complete |  0
| 182|0x00000000eb600000, 0x00000000eb700000, 0x00000000eb700000|100%| E|CS|TAMS 0x00000000eb600000| PB 0x00000000eb600000| Complete |  0
| 183|0x00000000eb700000, 0x00000000eb800000, 0x00000000eb800000|100%| E|CS|TAMS 0x00000000eb700000| PB 0x00000000eb700000| Complete |  0
| 184|0x00000000eb800000, 0x00000000eb900000, 0x00000000eb900000|100%| E|CS|TAMS 0x00000000eb800000| PB 0x00000000eb800000| Complete |  0
| 185|0x00000000eb900000, 0x00000000eba00000, 0x00000000eba00000|100%| E|CS|TAMS 0x00000000eb900000| PB 0x00000000eb900000| Complete |  0
| 186|0x00000000eba00000, 0x00000000ebb00000, 0x00000000ebb00000|100%| E|CS|TAMS 0x00000000eba00000| PB 0x00000000eba00000| Complete |  0
| 187|0x00000000ebb00000, 0x00000000ebc00000, 0x00000000ebc00000|100%| E|CS|TAMS 0x00000000ebb00000| PB 0x00000000ebb00000| Complete |  0
| 188|0x00000000ebc00000, 0x00000000ebd00000, 0x00000000ebd00000|100%| E|CS|TAMS 0x00000000ebc00000| PB 0x00000000ebc00000| Complete |  0
| 189|0x00000000ebd00000, 0x00000000ebe00000, 0x00000000ebe00000|100%| E|CS|TAMS 0x00000000ebd00000| PB 0x00000000ebd00000| Complete |  0
| 190|0x00000000ebe00000, 0x00000000ebf00000, 0x00000000ebf00000|100%| E|CS|TAMS 0x00000000ebe00000| PB 0x00000000ebe00000| Complete |  0
| 191|0x00000000ebf00000, 0x00000000ec000000, 0x00000000ec000000|100%| E|CS|TAMS 0x00000000ebf00000| PB 0x00000000ebf00000| Complete |  0
| 192|0x00000000ec000000, 0x00000000ec100000, 0x00000000ec100000|100%| E|CS|TAMS 0x00000000ec000000| PB 0x00000000ec000000| Complete |  0
| 193|0x00000000ec100000, 0x00000000ec200000, 0x00000000ec200000|100%| E|CS|TAMS 0x00000000ec100000| PB 0x00000000ec100000| Complete |  0
| 194|0x00000000ec200000, 0x00000000ec300000, 0x00000000ec300000|100%| E|CS|TAMS 0x00000000ec200000| PB 0x00000000ec200000| Complete |  0
| 195|0x00000000ec300000, 0x00000000ec400000, 0x00000000ec400000|100%| E|CS|TAMS 0x00000000ec300000| PB 0x00000000ec300000| Complete |  0
| 196|0x00000000ec400000, 0x00000000ec500000, 0x00000000ec500000|100%| E|CS|TAMS 0x00000000ec400000| PB 0x00000000ec400000| Complete |  0
| 197|0x00000000ec500000, 0x00000000ec600000, 0x00000000ec600000|100%| E|CS|TAMS 0x00000000ec500000| PB 0x00000000ec500000| Complete |  0
| 198|0x00000000ec600000, 0x00000000ec700000, 0x00000000ec700000|100%| E|CS|TAMS 0x00000000ec600000| PB 0x00000000ec600000| Complete |  0
| 199|0x00000000ec700000, 0x00000000ec800000, 0x00000000ec800000|100%| E|CS|TAMS 0x00000000ec700000| PB 0x00000000ec700000| Complete |  0
| 200|0x00000000ec800000, 0x00000000ec900000, 0x00000000ec900000|100%| E|CS|TAMS 0x00000000ec800000| PB 0x00000000ec800000| Complete |  0
| 201|0x00000000ec900000, 0x00000000eca00000, 0x00000000eca00000|100%| E|CS|TAMS 0x00000000ec900000| PB 0x00000000ec900000| Complete |  0
| 202|0x00000000eca00000, 0x00000000ecb00000, 0x00000000ecb00000|100%| E|CS|TAMS 0x00000000eca00000| PB 0x00000000eca00000| Complete |  0
| 203|0x00000000ecb00000, 0x00000000ecc00000, 0x00000000ecc00000|100%| E|CS|TAMS 0x00000000ecb00000| PB 0x00000000ecb00000| Complete |  0
| 204|0x00000000ecc00000, 0x00000000ecd00000, 0x00000000ecd00000|100%| E|CS|TAMS 0x00000000ecc00000| PB 0x00000000ecc00000| Complete |  0
| 205|0x00000000ecd00000, 0x00000000ece00000, 0x00000000ece00000|100%| E|CS|TAMS 0x00000000ecd00000| PB 0x00000000ecd00000| Complete |  0
| 206|0x00000000ece00000, 0x00000000ecf00000, 0x00000000ecf00000|100%| E|CS|TAMS 0x00000000ece00000| PB 0x00000000ece00000| Complete |  0
| 207|0x00000000ecf00000, 0x00000000ed000000, 0x00000000ed000000|100%| E|CS|TAMS 0x00000000ecf00000| PB 0x00000000ecf00000| Complete |  0
| 208|0x00000000ed000000, 0x00000000ed100000, 0x00000000ed100000|100%| E|CS|TAMS 0x00000000ed000000| PB 0x00000000ed000000| Complete |  0
| 209|0x00000000ed100000, 0x00000000ed200000, 0x00000000ed200000|100%| E|CS|TAMS 0x00000000ed100000| PB 0x00000000ed100000| Complete |  0
| 210|0x00000000ed200000, 0x00000000ed300000, 0x00000000ed300000|100%| E|CS|TAMS 0x00000000ed200000| PB 0x00000000ed200000| Complete |  0
| 211|0x00000000ed300000, 0x00000000ed400000, 0x00000000ed400000|100%| E|CS|TAMS 0x00000000ed300000| PB 0x00000000ed300000| Complete |  0
| 212|0x00000000ed400000, 0x00000000ed500000, 0x00000000ed500000|100%| E|CS|TAMS 0x00000000ed400000| PB 0x00000000ed400000| Complete |  0
| 213|0x00000000ed500000, 0x00000000ed600000, 0x00000000ed600000|100%| E|CS|TAMS 0x00000000ed500000| PB 0x00000000ed500000| Complete |  0
| 214|0x00000000ed600000, 0x00000000ed700000, 0x00000000ed700000|100%| E|CS|TAMS 0x00000000ed600000| PB 0x00000000ed600000| Complete |  0
| 215|0x00000000ed700000, 0x00000000ed800000, 0x00000000ed800000|100%| E|CS|TAMS 0x00000000ed700000| PB 0x00000000ed700000| Complete |  0
| 216|0x00000000ed800000, 0x00000000ed900000, 0x00000000ed900000|100%| E|CS|TAMS 0x00000000ed800000| PB 0x00000000ed800000| Complete |  0
| 217|0x00000000ed900000, 0x00000000eda00000, 0x00000000eda00000|100%| E|CS|TAMS 0x00000000ed900000| PB 0x00000000ed900000| Complete |  0
| 218|0x00000000eda00000, 0x00000000edb00000, 0x00000000edb00000|100%| E|CS|TAMS 0x00000000eda00000| PB 0x00000000eda00000| Complete |  0
| 219|0x00000000edb00000, 0x00000000edc00000, 0x00000000edc00000|100%| E|CS|TAMS 0x00000000edb00000| PB 0x00000000edb00000| Complete |  0
| 220|0x00000000edc00000, 0x00000000edd00000, 0x00000000edd00000|100%| E|CS|TAMS 0x00000000edc00000| PB 0x00000000edc00000| Complete |  0
| 221|0x00000000edd00000, 0x00000000ede00000, 0x00000000ede00000|100%| E|CS|TAMS 0x00000000edd00000| PB 0x00000000edd00000| Complete |  0
| 222|0x00000000ede00000, 0x00000000edf00000, 0x00000000edf00000|100%| E|CS|TAMS 0x00000000ede00000| PB 0x00000000ede00000| Complete |  0
| 223|0x00000000edf00000, 0x00000000ee000000, 0x00000000ee000000|100%| E|CS|TAMS 0x00000000edf00000| PB 0x00000000edf00000| Complete |  0
| 224|0x00000000ee000000, 0x00000000ee100000, 0x00000000ee100000|100%| E|CS|TAMS 0x00000000ee000000| PB 0x00000000ee000000| Complete |  0
| 225|0x00000000ee100000, 0x00000000ee200000, 0x00000000ee200000|100%| E|CS|TAMS 0x00000000ee100000| PB 0x00000000ee100000| Complete |  0
| 226|0x00000000ee200000, 0x00000000ee300000, 0x00000000ee300000|100%| E|CS|TAMS 0x00000000ee200000| PB 0x00000000ee200000| Complete |  0
| 227|0x00000000ee300000, 0x00000000ee400000, 0x00000000ee400000|100%| E|CS|TAMS 0x00000000ee300000| PB 0x00000000ee300000| Complete |  0
| 228|0x00000000ee400000, 0x00000000ee500000, 0x00000000ee500000|100%| E|CS|TAMS 0x00000000ee400000| PB 0x00000000ee400000| Complete |  0
| 229|0x00000000ee500000, 0x00000000ee600000, 0x00000000ee600000|100%| E|CS|TAMS 0x00000000ee500000| PB 0x00000000ee500000| Complete |  0
| 230|0x00000000ee600000, 0x00000000ee700000, 0x00000000ee700000|100%| E|CS|TAMS 0x00000000ee600000| PB 0x00000000ee600000| Complete |  0
| 231|0x00000000ee700000, 0x00000000ee800000, 0x00000000ee800000|100%| E|CS|TAMS 0x00000000ee700000| PB 0x00000000ee700000| Complete |  0
| 232|0x00000000ee800000, 0x00000000ee900000, 0x00000000ee900000|100%| E|CS|TAMS 0x00000000ee800000| PB 0x00000000ee800000| Complete |  0
| 233|0x00000000ee900000, 0x00000000eea00000, 0x00000000eea00000|100%| E|CS|TAMS 0x00000000ee900000| PB 0x00000000ee900000| Complete |  0
| 234|0x00000000eea00000, 0x00000000eeb00000, 0x00000000eeb00000|100%| E|CS|TAMS 0x00000000eea00000| PB 0x00000000eea00000| Complete |  0
| 235|0x00000000eeb00000, 0x00000000eec00000, 0x00000000eec00000|100%| E|CS|TAMS 0x00000000eeb00000| PB 0x00000000eeb00000| Complete |  0
| 236|0x00000000eec00000, 0x00000000eecccac0, 0x00000000eed00000| 79%| S|CS|TAMS 0x00000000eec00000| PB 0x00000000eec00000| Complete |  0
| 237|0x00000000eed00000, 0x00000000eee00000, 0x00000000eee00000|100%| S|CS|TAMS 0x00000000eed00000| PB 0x00000000eed00000| Complete |  0
| 238|0x00000000eee00000, 0x00000000eef00000, 0x00000000eef00000|100%| S|CS|TAMS 0x00000000eee00000| PB 0x00000000eee00000| Complete |  0
| 239|0x00000000eef00000, 0x00000000ef000000, 0x00000000ef000000|100%| S|CS|TAMS 0x00000000eef00000| PB 0x00000000eef00000| Complete |  0
| 240|0x00000000ef000000, 0x00000000ef100000, 0x00000000ef100000|100%| S|CS|TAMS 0x00000000ef000000| PB 0x00000000ef000000| Complete |  0
| 241|0x00000000ef100000, 0x00000000ef200000, 0x00000000ef200000|100%| S|CS|TAMS 0x00000000ef100000| PB 0x00000000ef100000| Complete |  0
| 242|0x00000000ef200000, 0x00000000ef300000, 0x00000000ef300000|100%| E|CS|TAMS 0x00000000ef200000| PB 0x00000000ef200000| Complete |  0
| 243|0x00000000ef300000, 0x00000000ef400000, 0x00000000ef400000|100%| E|CS|TAMS 0x00000000ef300000| PB 0x00000000ef300000| Complete |  0
| 244|0x00000000ef400000, 0x00000000ef500000, 0x00000000ef500000|100%| E|CS|TAMS 0x00000000ef400000| PB 0x00000000ef400000| Complete |  0
| 245|0x00000000ef500000, 0x00000000ef600000, 0x00000000ef600000|100%| E|CS|TAMS 0x00000000ef500000| PB 0x00000000ef500000| Complete |  0
| 246|0x00000000ef600000, 0x00000000ef700000, 0x00000000ef700000|100%| E|CS|TAMS 0x00000000ef600000| PB 0x00000000ef600000| Complete |  0
| 247|0x00000000ef700000, 0x00000000ef800000, 0x00000000ef800000|100%| E|CS|TAMS 0x00000000ef700000| PB 0x00000000ef700000| Complete |  0
| 248|0x00000000ef800000, 0x00000000ef900000, 0x00000000ef900000|100%| E|CS|TAMS 0x00000000ef800000| PB 0x00000000ef800000| Complete |  0
| 249|0x00000000ef900000, 0x00000000efa00000, 0x00000000efa00000|100%| E|CS|TAMS 0x00000000ef900000| PB 0x00000000ef900000| Complete |  0
| 250|0x00000000efa00000, 0x00000000efb00000, 0x00000000efb00000|100%| E|CS|TAMS 0x00000000efa00000| PB 0x00000000efa00000| Complete |  0
| 251|0x00000000efb00000, 0x00000000efc00000, 0x00000000efc00000|100%| E|CS|TAMS 0x00000000efb00000| PB 0x00000000efb00000| Complete |  0
| 252|0x00000000efc00000, 0x00000000efd00000, 0x00000000efd00000|100%| S|CS|TAMS 0x00000000efc00000| PB 0x00000000efc00000| Complete |  0
| 253|0x00000000efd00000, 0x00000000efe00000, 0x00000000efe00000|100%| S|CS|TAMS 0x00000000efd00000| PB 0x00000000efd00000| Complete |  0
| 254|0x00000000efe00000, 0x00000000eff00000, 0x00000000eff00000|100%| S|CS|TAMS 0x00000000efe00000| PB 0x00000000efe00000| Complete |  0
| 255|0x00000000eff00000, 0x00000000f0000000, 0x00000000f0000000|100%| E|CS|TAMS 0x00000000eff00000| PB 0x00000000eff00000| Complete |  0

Card table byte_map: [0x0000024a557c0000,0x0000024a558c0000] _byte_map_base: 0x0000024a550c0000

Marking Bits: (CMBitMap*) 0x0000024a3e49d630
 Bits: [0x0000024a558c0000, 0x0000024a560c0000)

Polling page: 0x0000024a3c3d0000

Metaspace:

Usage:
  Non-class:     34.61 MB used.
      Class:      5.96 MB used.
       Both:     40.57 MB used.

Virtual space:
  Non-class space:       64.00 MB reserved,      35.38 MB ( 55%) committed,  1 nodes.
      Class space:      320.00 MB reserved,       6.69 MB (  2%) committed,  1 nodes.
             Both:      384.00 MB reserved,      42.06 MB ( 11%) committed. 

Chunk freelists:
   Non-Class:  12.22 MB
       Class:  9.23 MB
        Both:  21.45 MB

MaxMetaspaceSize: 384.00 MB
CompressedClassSpaceSize: 320.00 MB
Initial GC threshold: 21.00 MB
Current GC threshold: 59.94 MB
CDS: on
 - commit_granule_bytes: 65536.
 - commit_granule_words: 8192.
 - virtual_space_node_default_size: 8388608.
 - enlarge_chunks_in_place: 1.
 - use_allocation_guard: 0.


Internal statistics:

num_allocs_failed_limit: 12.
num_arena_births: 2414.
num_arena_deaths: 0.
num_vsnodes_births: 2.
num_vsnodes_deaths: 0.
num_space_committed: 673.
num_space_uncommitted: 0.
num_chunks_returned_to_freelist: 12.
num_chunks_taken_from_freelist: 4177.
num_chunk_merges: 12.
num_chunk_splits: 2743.
num_chunks_enlarged: 1752.
num_inconsistent_stats: 0.

CodeHeap 'non-profiled nmethods': size=120000Kb used=2735Kb max_used=2735Kb free=117265Kb
 bounds [0x0000024a4e290000, 0x0000024a4e540000, 0x0000024a557c0000]
CodeHeap 'profiled nmethods': size=120000Kb used=8745Kb max_used=8745Kb free=111254Kb
 bounds [0x0000024a467c0000, 0x0000024a47050000, 0x0000024a4dcf0000]
CodeHeap 'non-nmethods': size=5760Kb used=2715Kb max_used=2792Kb free=3044Kb
 bounds [0x0000024a4dcf0000, 0x0000024a4dfb0000, 0x0000024a4e290000]
 total_blobs=5346 nmethods=4499 adapters=750
 compilation: enabled
              stopped_count=0, restarted_count=0
 full_count=0

Compilation events (20 events):
Event: 6.959 Thread 0x0000024a58736ca0 nmethod 4921 0x0000024a4e533a90 code [0x0000024a4e533c20, 0x0000024a4e533ce8]
Event: 6.959 Thread 0x0000024a58736ca0 4922       1       groovy.lang.MetaClassImpl$MethodIndexAction::skipClass (2 bytes)
Event: 6.959 Thread 0x0000024a58736ca0 nmethod 4922 0x0000024a4e533d90 code [0x0000024a4e533f20, 0x0000024a4e533fe8]
Event: 6.959 Thread 0x0000024a58736ca0 4920       1       java.lang.Class::getClassLoader0 (5 bytes)
Event: 6.959 Thread 0x0000024a58736ca0 nmethod 4920 0x0000024a4e534090 code [0x0000024a4e534220, 0x0000024a4e5342e8]
Event: 6.960 Thread 0x0000024a58736ca0 4924       3       com.sun.beans.util.Cache$Kind$Soft::getReferent (5 bytes)
Event: 6.960 Thread 0x0000024a58736ca0 nmethod 4924 0x0000024a47027890 code [0x0000024a47027a40, 0x0000024a47027c00]
Event: 6.961 Thread 0x0000024a58736ca0 4926       3       org.codehaus.groovy.util.ComplexKeyHashMap$1::<init> (64 bytes)
Event: 6.961 Thread 0x0000024a58736ca0 nmethod 4926 0x0000024a47027c90 code [0x0000024a47027e40, 0x0000024a47028180]
Event: 6.961 Thread 0x0000024a58736ca0 4925       3       org.codehaus.groovy.util.ComplexKeyHashMap::getEntrySetIterator (9 bytes)
Event: 6.961 Thread 0x0000024a7628f010 nmethod 4885 0x0000024a4e534390 code [0x0000024a4e534560, 0x0000024a4e5349c8]
Event: 6.961 Thread 0x0000024a58736ca0 nmethod 4925 0x0000024a47028310 code [0x0000024a470284c0, 0x0000024a47028668]
Event: 6.961 Thread 0x0000024a7628f010 4876       4       java.lang.invoke.Invokers$Holder::linkToTargetMethod (10 bytes)
Event: 6.962 Thread 0x0000024a7628f010 nmethod 4876 0x0000024a4e534d90 code [0x0000024a4e534f20, 0x0000024a4e535020]
Event: 6.962 Thread 0x0000024a7628f010 4839       4       java.lang.ref.WeakReference::<init> (7 bytes)
Event: 6.964 Thread 0x0000024a7628f010 nmethod 4839 0x0000024a4e535110 code [0x0000024a4e5352a0, 0x0000024a4e535510]
Event: 6.964 Thread 0x0000024a7628f010 4871       4       java.util.stream.AbstractPipeline::sourceSpliterator (262 bytes)
Event: 6.965 Thread 0x0000024a7628f010 nmethod 4871 0x0000024a4e535590 code [0x0000024a4e535720, 0x0000024a4e535898]
Event: 6.965 Thread 0x0000024a7628f010 4923       4       java.lang.PublicMethods$Key::hashCode (19 bytes)
Event: 6.967 Thread 0x0000024a7628f010 nmethod 4923 0x0000024a4e535990 code [0x0000024a4e535b20, 0x0000024a4e535d20]

GC Heap History (14 events):
Event: 0.633 GC heap before
{Heap before GC invocations=0 (full 0):
 garbage-first heap   total reserved 524288K, committed 262144K, used 14336K [0x00000000e0000000, 0x0000000100000000)
  region size 1024K, 14 young (14336K), 0 survivors (0K)
 Metaspace       used 1041K, committed 1152K, reserved 393216K
  class space    used 86K, committed 128K, reserved 327680K
}
Event: 0.637 GC heap after
{Heap after GC invocations=1 (full 0):
 garbage-first heap   total reserved 524288K, committed 262144K, used 3356K [0x00000000e0000000, 0x0000000100000000)
  region size 1024K, 2 young (2048K), 2 survivors (2048K)
 Metaspace       used 1041K, committed 1152K, reserved 393216K
  class space    used 86K, committed 128K, reserved 327680K
}
Event: 1.075 GC heap before
{Heap before GC invocations=1 (full 0):
 garbage-first heap   total reserved 524288K, committed 262144K, used 25884K [0x00000000e0000000, 0x0000000100000000)
  region size 1024K, 21 young (21504K), 2 survivors (2048K)
 Metaspace       used 4006K, committed 4224K, reserved 393216K
  class space    used 501K, committed 640K, reserved 327680K
}
Event: 1.079 GC heap after
{Heap after GC invocations=2 (full 0):
 garbage-first heap   total reserved 524288K, committed 262144K, used 10816K [0x00000000e0000000, 0x0000000100000000)
  region size 1024K, 3 young (3072K), 3 survivors (3072K)
 Metaspace       used 4006K, committed 4224K, reserved 393216K
  class space    used 501K, committed 640K, reserved 327680K
}
Event: 1.419 GC heap before
{Heap before GC invocations=2 (full 0):
 garbage-first heap   total reserved 524288K, committed 262144K, used 36416K [0x00000000e0000000, 0x0000000100000000)
  region size 1024K, 28 young (28672K), 3 survivors (3072K)
 Metaspace       used 4110K, committed 4288K, reserved 393216K
  class space    used 504K, committed 640K, reserved 327680K
}
Event: 1.425 GC heap after
{Heap after GC invocations=3 (full 0):
 garbage-first heap   total reserved 524288K, committed 262144K, used 15213K [0x00000000e0000000, 0x0000000100000000)
  region size 1024K, 4 young (4096K), 4 survivors (4096K)
 Metaspace       used 4110K, committed 4288K, reserved 393216K
  class space    used 504K, committed 640K, reserved 327680K
}
Event: 3.809 GC heap before
{Heap before GC invocations=3 (full 0):
 garbage-first heap   total reserved 524288K, committed 262144K, used 114541K [0x00000000e0000000, 0x0000000100000000)
  region size 1024K, 102 young (104448K), 4 survivors (4096K)
 Metaspace       used 20843K, committed 21504K, reserved 393216K
  class space    used 3079K, committed 3392K, reserved 327680K
}
Event: 3.823 GC heap after
{Heap after GC invocations=4 (full 0):
 garbage-first heap   total reserved 524288K, committed 262144K, used 23405K [0x00000000e0000000, 0x0000000100000000)
  region size 1024K, 12 young (12288K), 12 survivors (12288K)
 Metaspace       used 20843K, committed 21504K, reserved 393216K
  class space    used 3079K, committed 3392K, reserved 327680K
}
Event: 5.878 GC heap before
{Heap before GC invocations=5 (full 0):
 garbage-first heap   total reserved 524288K, committed 262144K, used 130925K [0x00000000e0000000, 0x0000000100000000)
  region size 1024K, 108 young (110592K), 12 survivors (12288K)
 Metaspace       used 34687K, committed 35968K, reserved 393216K
  class space    used 5188K, committed 5824K, reserved 327680K
}
Event: 5.897 GC heap after
{Heap after GC invocations=6 (full 0):
 garbage-first heap   total reserved 524288K, committed 262144K, used 42787K [0x00000000e0000000, 0x0000000100000000)
  region size 1024K, 16 young (16384K), 16 survivors (16384K)
 Metaspace       used 34687K, committed 35968K, reserved 393216K
  class space    used 5188K, committed 5824K, reserved 327680K
}
Event: 5.922 GC heap before
{Heap before GC invocations=6 (full 0):
 garbage-first heap   total reserved 524288K, committed 262144K, used 44835K [0x00000000e0000000, 0x0000000100000000)
  region size 1024K, 20 young (20480K), 16 survivors (16384K)
 Metaspace       used 35063K, committed 36288K, reserved 393216K
  class space    used 5221K, committed 5824K, reserved 327680K
}
Event: 5.936 GC heap after
{Heap after GC invocations=7 (full 0):
 garbage-first heap   total reserved 524288K, committed 262144K, used 43835K [0x00000000e0000000, 0x0000000100000000)
  region size 1024K, 10 young (10240K), 10 survivors (10240K)
 Metaspace       used 35063K, committed 36288K, reserved 393216K
  class space    used 5221K, committed 5824K, reserved 327680K
}
Event: 5.965 GC heap before
{Heap before GC invocations=7 (full 0):
 garbage-first heap   total reserved 524288K, committed 262144K, used 43835K [0x00000000e0000000, 0x0000000100000000)
  region size 1024K, 11 young (11264K), 10 survivors (10240K)
 Metaspace       used 35376K, committed 36608K, reserved 393216K
  class space    used 5254K, committed 5888K, reserved 327680K
}
Event: 5.972 GC heap after
{Heap after GC invocations=8 (full 0):
 garbage-first heap   total reserved 524288K, committed 262144K, used 43118K [0x00000000e0000000, 0x0000000100000000)
  region size 1024K, 9 young (9216K), 9 survivors (9216K)
 Metaspace       used 35376K, committed 36608K, reserved 393216K
  class space    used 5254K, committed 5888K, reserved 327680K
}

Dll operation events (15 events):
Event: 0.100 Loaded shared library C:\Users\ASUS\.jdks\openjdk-22.0.2\bin\java.dll
Event: 0.262 Loaded shared library C:\Users\ASUS\.jdks\openjdk-22.0.2\bin\jsvml.dll
Event: 0.330 Loaded shared library C:\Users\ASUS\.jdks\openjdk-22.0.2\bin\zip.dll
Event: 0.334 Loaded shared library C:\Users\ASUS\.jdks\openjdk-22.0.2\bin\instrument.dll
Event: 0.339 Loaded shared library C:\Users\ASUS\.jdks\openjdk-22.0.2\bin\net.dll
Event: 0.346 Loaded shared library C:\Users\ASUS\.jdks\openjdk-22.0.2\bin\nio.dll
Event: 0.352 Loaded shared library C:\Users\ASUS\.jdks\openjdk-22.0.2\bin\zip.dll
Event: 0.565 Loaded shared library C:\Users\ASUS\.jdks\openjdk-22.0.2\bin\jimage.dll
Event: 0.627 Loaded shared library C:\Users\ASUS\.jdks\openjdk-22.0.2\bin\verify.dll
Event: 0.766 Loaded shared library C:\Users\ASUS\.gradle\native\c067742578af261105cb4f569cf0c3c89f3d7b1fecec35dd04571415982c5e48\windows-amd64\native-platform.dll
Event: 0.770 Loaded shared library C:\Users\ASUS\.gradle\native\38dada09dfb8b06ba9b0570ebf7e218e3eb74d4ef43ca46872605cf95ebc2f47\windows-amd64\native-platform-file-events.dll
Event: 1.679 Loaded shared library C:\Users\ASUS\.jdks\openjdk-22.0.2\bin\management.dll
Event: 1.685 Loaded shared library C:\Users\ASUS\.jdks\openjdk-22.0.2\bin\management_ext.dll
Event: 1.914 Loaded shared library C:\Users\ASUS\.jdks\openjdk-22.0.2\bin\extnet.dll
Event: 2.117 Loaded shared library C:\Users\ASUS\.jdks\openjdk-22.0.2\bin\sunmscapi.dll

Deoptimization events (20 events):
Event: 6.883 Thread 0x0000024a751c89b0 DEOPT PACKING pc=0x0000024a4e3aa8ec sp=0x000000f42dbfe200
Event: 6.883 Thread 0x0000024a751c89b0 DEOPT UNPACKING pc=0x0000024a4dd446a2 sp=0x000000f42dbfe0c0 mode 2
Event: 6.883 Thread 0x0000024a751c8320 Uncommon trap: trap_request=0xffffff54 fr.pc=0x0000024a4e414288 relative=0x0000000000006168
Event: 6.883 Thread 0x0000024a751c8320 Uncommon trap: reason=speculate_null_assert action=make_not_entrant pc=0x0000024a4e414288 method=jdk.internal.util.ReferencedKeyMap.internKey(Ljdk/internal/util/ReferencedKeyMap;Ljava/lang/Object;)Ljava/lang/Object; @ 28 c2
Event: 6.883 Thread 0x0000024a751c8320 DEOPT PACKING pc=0x0000024a4e414288 sp=0x000000f42dafcfe0
Event: 6.883 Thread 0x0000024a751c8320 DEOPT UNPACKING pc=0x0000024a4dd446a2 sp=0x000000f42dafceb0 mode 2
Event: 6.912 Thread 0x0000024a739a74d0 DEOPT PACKING pc=0x0000024a46b9c3e7 sp=0x000000f42c7f6c60
Event: 6.912 Thread 0x0000024a739a74d0 DEOPT UNPACKING pc=0x0000024a4dd44e42 sp=0x000000f42c7f6148 mode 0
Event: 6.922 Thread 0x0000024a751c7c90 DEOPT PACKING pc=0x0000024a4688df94 sp=0x000000f42d9fd670
Event: 6.922 Thread 0x0000024a751c7c90 DEOPT UNPACKING pc=0x0000024a4dd44e42 sp=0x000000f42d9fcb70 mode 0
Event: 6.930 Thread 0x0000024a739a74d0 Uncommon trap: trap_request=0xffffffde fr.pc=0x0000024a4e3a7594 relative=0x00000000000002d4
Event: 6.930 Thread 0x0000024a739a74d0 Uncommon trap: reason=class_check action=maybe_recompile pc=0x0000024a4e3a7594 method=java.util.Collections$SetFromMap.remove(Ljava/lang/Object;)Z @ 5 c2
Event: 6.930 Thread 0x0000024a739a74d0 DEOPT PACKING pc=0x0000024a4e3a7594 sp=0x000000f42c7f89c0
Event: 6.930 Thread 0x0000024a739a74d0 DEOPT UNPACKING pc=0x0000024a4dd446a2 sp=0x000000f42c7f89a8 mode 2
Event: 6.931 Thread 0x0000024a739a74d0 Uncommon trap: trap_request=0xffffffde fr.pc=0x0000024a4e3a7594 relative=0x00000000000002d4
Event: 6.931 Thread 0x0000024a739a74d0 Uncommon trap: reason=class_check action=maybe_recompile pc=0x0000024a4e3a7594 method=java.util.Collections$SetFromMap.remove(Ljava/lang/Object;)Z @ 5 c2
Event: 6.931 Thread 0x0000024a739a74d0 DEOPT PACKING pc=0x0000024a4e3a7594 sp=0x000000f42c7f89b0
Event: 6.931 Thread 0x0000024a739a74d0 DEOPT UNPACKING pc=0x0000024a4dd446a2 sp=0x000000f42c7f8998 mode 2
Event: 6.964 Thread 0x0000024a739a74d0 DEOPT PACKING pc=0x0000024a46c40dfe sp=0x000000f42c7f80d0
Event: 6.964 Thread 0x0000024a739a74d0 DEOPT UNPACKING pc=0x0000024a4dd44e42 sp=0x000000f42c7f7650 mode 0

Classes loaded (20 events):
Event: 6.821 Loading class java/util/stream/DistinctOps$1$2
Event: 6.821 Loading class java/util/stream/DistinctOps$1$2 done
Event: 6.834 Loading class sun/reflect/ReflectionFactory
Event: 6.835 Loading class sun/reflect/ReflectionFactory done
Event: 6.835 Loading class sun/reflect/ReflectionFactory$1
Event: 6.835 Loading class sun/reflect/ReflectionFactory$1 done
Event: 6.877 Loading class java/nio/channels/Channels
Event: 6.878 Loading class java/nio/channels/Channels done
Event: 6.878 Loading class sun/nio/ch/Streams
Event: 6.879 Loading class sun/nio/ch/Streams done
Event: 6.879 Loading class sun/nio/ch/ChannelInputStream
Event: 6.879 Loading class sun/nio/ch/ChannelInputStream done
Event: 6.932 Loading class java/util/stream/SortedOps
Event: 6.933 Loading class java/util/stream/SortedOps done
Event: 6.933 Loading class java/util/stream/SortedOps$OfRef
Event: 6.933 Loading class java/util/stream/SortedOps$OfRef done
Event: 6.933 Loading class java/util/stream/SortedOps$SizedRefSortingSink
Event: 6.933 Loading class java/util/stream/SortedOps$AbstractRefSortingSink
Event: 6.934 Loading class java/util/stream/SortedOps$AbstractRefSortingSink done
Event: 6.934 Loading class java/util/stream/SortedOps$SizedRefSortingSink done

Classes unloaded (0 events):
No events

Classes redefined (0 events):
No events

Internal exceptions (20 events):
Event: 6.478 Thread 0x0000024a739a74d0 Exception <a 'java/lang/NoSuchMethodError'{0x00000000ecd24ce0}: 'java.lang.Object java.lang.invoke.DirectMethodHandle$Holder.newInvokeSpecial(java.lang.Object, java.lang.Object, java.lang.Object, java.lang.Object, java.lang.Object, java.lang.Object, java.lang.Object, java.lang.Object, java.lang.Object, java.lang.Object, java.lang.Object, java.lang.Object, java.lang.Object)'> (0x00000000ecd24ce0) 
thrown [s\open\src\hotspot\share\interpreter\linkResolver.cpp, line 774]
Event: 6.484 Thread 0x0000024a739a74d0 Exception <a 'java/lang/NoSuchMethodError'{0x00000000ecdb5f28}: 'java.lang.Object java.lang.invoke.DirectMethodHandle$Holder.newInvokeSpecial(java.lang.Object, java.lang.Object, java.lang.Object, java.lang.Object, int)'> (0x00000000ecdb5f28) 
thrown [s\open\src\hotspot\share\interpreter\linkResolver.cpp, line 774]
Event: 6.484 Thread 0x0000024a739a74d0 Exception <a 'java/lang/NoSuchMethodError'{0x00000000ecdbafb0}: 'java.lang.Object java.lang.invoke.DirectMethodHandle$Holder.invokeSpecial(java.lang.Object, java.lang.Object, java.lang.Object, java.lang.Object, java.lang.Object, int)'> (0x00000000ecdbafb0) 
thrown [s\open\src\hotspot\share\interpreter\linkResolver.cpp, line 774]
Event: 6.484 Thread 0x0000024a739a74d0 Exception <a 'java/lang/NoSuchMethodError'{0x00000000ecdbf9d0}: 'java.lang.Object java.lang.invoke.Invokers$Holder.linkToTargetMethod(java.lang.Object, java.lang.Object, java.lang.Object, int, java.lang.Object)'> (0x00000000ecdbf9d0) 
thrown [s\open\src\hotspot\share\interpreter\linkResolver.cpp, line 774]
Event: 6.511 Thread 0x0000024a739a74d0 Exception <a 'java/lang/NoSuchMethodError'{0x00000000ecb82030}: 'int java.lang.invoke.DirectMethodHandle$Holder.invokeInterface(java.lang.Object, java.lang.Object, java.lang.Object, java.lang.Object)'> (0x00000000ecb82030) 
thrown [s\open\src\hotspot\share\interpreter\linkResolver.cpp, line 774]
Event: 6.570 Thread 0x0000024a739a74d0 Exception <a 'java/lang/NoSuchMethodError'{0x00000000ec8ec068}: 'java.lang.Object java.lang.invoke.DirectMethodHandle$Holder.newInvokeSpecial(java.lang.Object, java.lang.Object, java.lang.Object, java.lang.Object, java.lang.Object, java.lang.Object, java.lang.Object, java.lang.Object, java.lang.Object, java.lang.Object, java.lang.Object, java.lang.Object, java.lang.Object, java.lang.Object, java.lang.Object, java.lang.Object, java.lang.Object, java.lang.Object, java.lang.Object, java.lang.Object, java.lang
Event: 6.570 Thread 0x0000024a739a74d0 Exception <a 'java/lang/NoSuchMethodError'{0x00000000ec8f3d80}: 'java.lang.Object java.lang.invoke.DirectMethodHandle$Holder.invokeSpecial(java.lang.Object, java.lang.Object, java.lang.Object, java.lang.Object, java.lang.Object, java.lang.Object, java.lang.Object, java.lang.Object, java.lang.Object, java.lang.Object, java.lang.Object, java.lang.Object, java.lang.Object, java.lang.Object, java.lang.Object, java.lang.Object, java.lang.Object, java.lang.Object, java.lang.Object, java.lang.Object, java.lang.Ob
Event: 6.570 Thread 0x0000024a739a74d0 Exception <a 'java/lang/NoSuchMethodError'{0x00000000ec8fa338}: 'java.lang.Object java.lang.invoke.DelegatingMethodHandle$Holder.reinvoke_L(java.lang.Object, java.lang.Object, java.lang.Object, java.lang.Object, java.lang.Object, java.lang.Object, java.lang.Object, java.lang.Object, java.lang.Object, java.lang.Object, java.lang.Object, java.lang.Object, java.lang.Object, java.lang.Object, java.lang.Object, java.lang.Object, java.lang.Object, java.lang.Object, java.lang.Object, java.lang.Object, java.lang.O
Event: 6.614 Thread 0x0000024a739a74d0 Exception <a 'java/lang/ClassNotFoundException'{0x00000000ec4d4a48}: org/gradle/api/internal/artifacts/dsl/dependencies/DefaultDependencyHandler_DecoratedBeanInfo> (0x00000000ec4d4a48) 
thrown [s\open\src\hotspot\share\classfile\systemDictionary.cpp, line 313]
Event: 6.615 Thread 0x0000024a739a74d0 Exception <a 'java/lang/ClassNotFoundException'{0x00000000ec4ea198}: org/gradle/api/internal/artifacts/dsl/dependencies/DefaultDependencyHandlerBeanInfo> (0x00000000ec4ea198) 
thrown [s\open\src\hotspot\share\classfile\systemDictionary.cpp, line 313]
Event: 6.615 Thread 0x0000024a739a74d0 Exception <a 'java/lang/ClassNotFoundException'{0x00000000ec4ffb58}: org/gradle/api/internal/artifacts/dsl/dependencies/DefaultDependencyHandlerCustomizer> (0x00000000ec4ffb58) 
thrown [s\open\src\hotspot\share\classfile\systemDictionary.cpp, line 313]
Event: 6.619 Thread 0x0000024a739a74d0 Exception <a 'java/lang/ClassNotFoundException'{0x00000000ec349b70}: org/gradle/api/internal/artifacts/dsl/dependencies/DefaultDependencyHandler_DecoratedCustomizer> (0x00000000ec349b70) 
thrown [s\open\src\hotspot\share\classfile\systemDictionary.cpp, line 313]
Event: 6.622 Thread 0x0000024a739a74d0 Exception <a 'java/lang/ClassNotFoundException'{0x00000000ec390280}: ijInit1_1hs6knqjmi03xokj2gosxytfy$_run_closure1BeanInfo> (0x00000000ec390280) 
thrown [s\open\src\hotspot\share\classfile\systemDictionary.cpp, line 313]
Event: 6.623 Thread 0x0000024a739a74d0 Exception <a 'java/lang/ClassNotFoundException'{0x00000000ec397348}: ijInit1_1hs6knqjmi03xokj2gosxytfy$_run_closure1Customizer> (0x00000000ec397348) 
thrown [s\open\src\hotspot\share\classfile\systemDictionary.cpp, line 313]
Event: 6.663 Thread 0x0000024a739a74d0 Exception <a 'java/lang/NoSuchMethodError'{0x00000000ec06e400}: 'java.lang.Object java.lang.invoke.DirectMethodHandle$Holder.newInvokeSpecial(java.lang.Object, java.lang.Object, java.lang.Object, java.lang.Object, java.lang.Object, java.lang.Object, java.lang.Object, java.lang.Object, java.lang.Object)'> (0x00000000ec06e400) 
thrown [s\open\src\hotspot\share\interpreter\linkResolver.cpp, line 774]
Event: 6.666 Thread 0x0000024a739a74d0 Exception <a 'java/lang/NoSuchMethodError'{0x00000000ec0afb98}: 'java.lang.Object java.lang.invoke.DirectMethodHandle$Holder.newInvokeSpecial(java.lang.Object, int, java.lang.Object)'> (0x00000000ec0afb98) 
thrown [s\open\src\hotspot\share\interpreter\linkResolver.cpp, line 774]
Event: 6.838 Thread 0x0000024a739a74d0 Exception <a 'java/lang/NoSuchMethodError'{0x00000000eb57f4a8}: 'java.lang.Object java.lang.invoke.DirectMethodHandle$Holder.newInvokeSpecial(java.lang.Object, java.lang.Object, java.lang.Object, java.lang.Object, int, java.lang.Object)'> (0x00000000eb57f4a8) 
thrown [s\open\src\hotspot\share\interpreter\linkResolver.cpp, line 774]
Event: 6.839 Thread 0x0000024a739a74d0 Exception <a 'java/lang/NoSuchMethodError'{0x00000000eb588048}: 'java.lang.Object java.lang.invoke.Invokers$Holder.linkToTargetMethod(java.lang.Object, java.lang.Object, java.lang.Object, int, java.lang.Object, java.lang.Object)'> (0x00000000eb588048) 
thrown [s\open\src\hotspot\share\interpreter\linkResolver.cpp, line 774]
Event: 6.957 Thread 0x0000024a739a74d0 Exception <a 'java/lang/ClassNotFoundException'{0x00000000eb041d70}: ijInit1_1hs6knqjmi03xokj2gosxytfyBeanInfo> (0x00000000eb041d70) 
thrown [s\open\src\hotspot\share\classfile\systemDictionary.cpp, line 313]
Event: 6.959 Thread 0x0000024a739a74d0 Exception <a 'java/lang/ClassNotFoundException'{0x00000000eb048300}: ijInit1_1hs6knqjmi03xokj2gosxytfyCustomizer> (0x00000000eb048300) 
thrown [s\open\src\hotspot\share\classfile\systemDictionary.cpp, line 313]

ZGC Phase Switch (0 events):
No events

VM Operations (20 events):
Event: 5.957 Executing VM operation: HandshakeAllThreads (Deoptimize)
Event: 5.957 Executing VM operation: HandshakeAllThreads (Deoptimize) done
Event: 5.965 Executing VM operation: CollectForMetadataAllocation (Metadata GC Threshold)
Event: 5.972 Executing VM operation: CollectForMetadataAllocation (Metadata GC Threshold) done
Event: 6.002 Executing VM operation: G1PauseRemark
Event: 6.005 Executing VM operation: G1PauseRemark done
Event: 6.014 Executing VM operation: G1PauseCleanup
Event: 6.015 Executing VM operation: G1PauseCleanup done
Event: 6.052 Executing VM operation: HandshakeAllThreads (Deoptimize)
Event: 6.052 Executing VM operation: HandshakeAllThreads (Deoptimize) done
Event: 6.342 Executing VM operation: ICBufferFull
Event: 6.343 Executing VM operation: ICBufferFull done
Event: 6.502 Executing VM operation: HandshakeAllThreads (Deoptimize)
Event: 6.502 Executing VM operation: HandshakeAllThreads (Deoptimize) done
Event: 6.510 Executing VM operation: HandshakeAllThreads (Deoptimize)
Event: 6.510 Executing VM operation: HandshakeAllThreads (Deoptimize) done
Event: 6.586 Executing VM operation: HandshakeAllThreads (Deoptimize)
Event: 6.586 Executing VM operation: HandshakeAllThreads (Deoptimize) done
Event: 6.821 Executing VM operation: HandshakeAllThreads (Deoptimize)
Event: 6.821 Executing VM operation: HandshakeAllThreads (Deoptimize) done

Memory protections (0 events):
No events

Nmethod flushes (20 events):
Event: 6.005 Thread 0x0000024a586fa9f0 flushing  nmethod 0x0000024a46a42e10
Event: 6.005 Thread 0x0000024a586fa9f0 flushing  nmethod 0x0000024a46a43b10
Event: 6.005 Thread 0x0000024a586fa9f0 flushing  nmethod 0x0000024a46a84390
Event: 6.005 Thread 0x0000024a586fa9f0 flushing  nmethod 0x0000024a46a86110
Event: 6.005 Thread 0x0000024a586fa9f0 flushing  nmethod 0x0000024a46a8a590
Event: 6.005 Thread 0x0000024a586fa9f0 flushing  nmethod 0x0000024a46a8b210
Event: 6.005 Thread 0x0000024a586fa9f0 flushing  nmethod 0x0000024a46ac3610
Event: 6.005 Thread 0x0000024a586fa9f0 flushing  nmethod 0x0000024a46ac4a10
Event: 6.005 Thread 0x0000024a586fa9f0 flushing  nmethod 0x0000024a46ac4e90
Event: 6.005 Thread 0x0000024a586fa9f0 flushing  nmethod 0x0000024a46ac8710
Event: 6.005 Thread 0x0000024a586fa9f0 flushing  nmethod 0x0000024a46adfc90
Event: 6.005 Thread 0x0000024a586fa9f0 flushing  nmethod 0x0000024a46b08310
Event: 6.005 Thread 0x0000024a586fa9f0 flushing  nmethod 0x0000024a46b09490
Event: 6.005 Thread 0x0000024a586fa9f0 flushing  nmethod 0x0000024a46b79490
Event: 6.005 Thread 0x0000024a586fa9f0 flushing  nmethod 0x0000024a46b79e10
Event: 6.005 Thread 0x0000024a586fa9f0 flushing  nmethod 0x0000024a46b7a310
Event: 6.005 Thread 0x0000024a586fa9f0 flushing  nmethod 0x0000024a46b7e690
Event: 6.005 Thread 0x0000024a586fa9f0 flushing  nmethod 0x0000024a46c02c90
Event: 6.005 Thread 0x0000024a586fa9f0 flushing  nmethod 0x0000024a46c9ec10
Event: 6.005 Thread 0x0000024a586fa9f0 flushing  nmethod 0x0000024a46ca7e90

Events (20 events):
Event: 2.251 Thread 0x0000024a739a74d0 Thread added: 0x0000024a739a5400
Event: 2.606 Thread 0x0000024a739a74d0 Thread added: 0x0000024a739a5a90
Event: 2.615 Thread 0x0000024a739a74d0 Thread added: 0x0000024a739a6120
Event: 2.650 Thread 0x0000024a739a74d0 Thread added: 0x0000024a739a67b0
Event: 3.778 Thread 0x0000024a739a74d0 Thread added: 0x0000024a751cb7a0
Event: 4.005 Thread 0x0000024a739a74d0 Thread added: 0x0000024a751cc4c0
Event: 4.011 Thread 0x0000024a739a74d0 Thread added: 0x0000024a751c9040
Event: 4.082 Thread 0x0000024a739a74d0 Thread added: 0x0000024a751ccb50
Event: 4.083 Thread 0x0000024a739a74d0 Thread added: 0x0000024a751c96d0
Event: 4.083 Thread 0x0000024a739a74d0 Thread added: 0x0000024a751c5bc0
Event: 4.083 Thread 0x0000024a739a74d0 Thread added: 0x0000024a751cb110
Event: 4.759 Thread 0x0000024a739a74d0 Thread added: 0x0000024a751c68e0
Event: 4.806 Thread 0x0000024a739a74d0 Thread added: 0x0000024a751cbe30
Event: 4.817 Thread 0x0000024a739a74d0 Thread added: 0x0000024a751c6f70
Event: 4.975 Thread 0x0000024a739a74d0 Thread added: 0x0000024a751c7600
Event: 5.325 Thread 0x0000024a588c8360 Thread exited: 0x0000024a588c8360
Event: 5.489 Thread 0x0000024a5871e0f0 Thread added: 0x0000024a7628f010
Event: 6.857 Thread 0x0000024a739a74d0 Thread added: 0x0000024a751c7c90
Event: 6.858 Thread 0x0000024a739a74d0 Thread added: 0x0000024a751c8320
Event: 6.859 Thread 0x0000024a739a74d0 Thread added: 0x0000024a751c89b0


Dynamic libraries:
0x00007ff69d560000 - 0x00007ff69d56e000 	C:\Users\ASUS\.jdks\openjdk-22.0.2\bin\java.exe
0x00007fff9ebf0000 - 0x00007fff9ede8000 	C:\Windows\SYSTEM32\ntdll.dll
0x00007fff9e770000 - 0x00007fff9e82f000 	C:\Windows\System32\KERNEL32.DLL
0x00007fff9c640000 - 0x00007fff9c912000 	C:\Windows\System32\KERNELBASE.dll
0x00007fff80b70000 - 0x00007fff80b87000 	C:\Users\ASUS\.jdks\openjdk-22.0.2\bin\jli.dll
0x00007fff75f50000 - 0x00007fff75f6b000 	C:\Users\ASUS\.jdks\openjdk-22.0.2\bin\VCRUNTIME140.dll
0x00007fff9c490000 - 0x00007fff9c590000 	C:\Windows\System32\ucrtbase.dll
0x00007fff9daa0000 - 0x00007fff9dc41000 	C:\Windows\System32\USER32.dll
0x00007fff9cb60000 - 0x00007fff9cb82000 	C:\Windows\System32\win32u.dll
0x00007fff9dc50000 - 0x00007fff9dc7b000 	C:\Windows\System32\GDI32.dll
0x00007fff9c920000 - 0x00007fff9ca2f000 	C:\Windows\System32\gdi32full.dll
0x00007fff9ca30000 - 0x00007fff9cacd000 	C:\Windows\System32\msvcp_win.dll
0x00007fff84860000 - 0x00007fff84afa000 	C:\Windows\WinSxS\amd64_microsoft.windows.common-controls_6595b64144ccf1df_6.0.19041.1110_none_60b5254171f9507e\COMCTL32.dll
0x00007fff9d590000 - 0x00007fff9d62e000 	C:\Windows\System32\msvcrt.dll
0x00007fff9e8c0000 - 0x00007fff9e8f2000 	C:\Windows\System32\IMM32.DLL
0x00007fff98050000 - 0x00007fff9805c000 	C:\Users\ASUS\.jdks\openjdk-22.0.2\bin\vcruntime140_1.dll
0x00007fff6db50000 - 0x00007fff6dbde000 	C:\Users\ASUS\.jdks\openjdk-22.0.2\bin\msvcp140.dll
0x00007fff2d8f0000 - 0x00007fff2e639000 	C:\Users\ASUS\.jdks\openjdk-22.0.2\bin\server\jvm.dll
0x00007fff9de20000 - 0x00007fff9dece000 	C:\Windows\System32\ADVAPI32.dll
0x00007fff9e1b0000 - 0x00007fff9e24c000 	C:\Windows\System32\sechost.dll
0x00007fff9e080000 - 0x00007fff9e1a5000 	C:\Windows\System32\RPCRT4.dll
0x00007fff9dc80000 - 0x00007fff9dceb000 	C:\Windows\System32\WS2_32.dll
0x00007fff9b8a0000 - 0x00007fff9b8eb000 	C:\Windows\SYSTEM32\POWRPROF.dll
0x00007fff91cf0000 - 0x00007fff91d17000 	C:\Windows\SYSTEM32\WINMM.dll
0x00007fff960e0000 - 0x00007fff960ea000 	C:\Windows\SYSTEM32\VERSION.dll
0x00007fff9b720000 - 0x00007fff9b732000 	C:\Windows\SYSTEM32\UMPDC.dll
0x00007fff9a1a0000 - 0x00007fff9a1b2000 	C:\Windows\SYSTEM32\kernel.appcore.dll
0x00007fff96750000 - 0x00007fff9675a000 	C:\Users\ASUS\.jdks\openjdk-22.0.2\bin\jimage.dll
0x00007fff86620000 - 0x00007fff86804000 	C:\Windows\SYSTEM32\DBGHELP.DLL
0x00007fff85630000 - 0x00007fff85665000 	C:\Windows\SYSTEM32\dbgcore.DLL
0x00007fff9cad0000 - 0x00007fff9cb52000 	C:\Windows\System32\bcryptPrimitives.dll
0x00007fff75f20000 - 0x00007fff75f2f000 	C:\Users\ASUS\.jdks\openjdk-22.0.2\bin\instrument.dll
0x00007fff74fe0000 - 0x00007fff74ffe000 	C:\Users\ASUS\.jdks\openjdk-22.0.2\bin\java.dll
0x00007fff9cdd0000 - 0x00007fff9d515000 	C:\Windows\System32\SHELL32.dll
0x00007fff9dcf0000 - 0x00007fff9de1a000 	C:\Windows\System32\ole32.dll
0x00007fff9e330000 - 0x00007fff9e685000 	C:\Windows\System32\combase.dll
0x00007fff9a3a0000 - 0x00007fff9ab32000 	C:\Windows\SYSTEM32\windows.storage.dll
0x00007fff9bd40000 - 0x00007fff9bd70000 	C:\Windows\SYSTEM32\Wldp.dll
0x00007fff9e900000 - 0x00007fff9e9ad000 	C:\Windows\System32\SHCORE.dll
0x00007fff9ea80000 - 0x00007fff9ead5000 	C:\Windows\System32\shlwapi.dll
0x00007fff9c220000 - 0x00007fff9c23f000 	C:\Windows\SYSTEM32\profapi.dll
0x00007fff6b8e0000 - 0x00007fff6b9b7000 	C:\Users\ASUS\.jdks\openjdk-22.0.2\bin\jsvml.dll
0x00007fff75f30000 - 0x00007fff75f47000 	C:\Users\ASUS\.jdks\openjdk-22.0.2\bin\zip.dll
0x00007fff75d30000 - 0x00007fff75d40000 	C:\Users\ASUS\.jdks\openjdk-22.0.2\bin\net.dll
0x00007fff9baa0000 - 0x00007fff9bb0a000 	C:\Windows\system32\mswsock.dll
0x00007fff6f580000 - 0x00007fff6f596000 	C:\Users\ASUS\.jdks\openjdk-22.0.2\bin\nio.dll
0x00007fff75b30000 - 0x00007fff75b40000 	C:\Users\ASUS\.jdks\openjdk-22.0.2\bin\verify.dll
0x00007fff43fc0000 - 0x00007fff43fe7000 	C:\Users\ASUS\.gradle\native\c067742578af261105cb4f569cf0c3c89f3d7b1fecec35dd04571415982c5e48\windows-amd64\native-platform.dll
0x00007fff6cb20000 - 0x00007fff6cc64000 	C:\Users\ASUS\.gradle\native\38dada09dfb8b06ba9b0570ebf7e218e3eb74d4ef43ca46872605cf95ebc2f47\windows-amd64\native-platform-file-events.dll
0x00007fff75060000 - 0x00007fff7506a000 	C:\Users\ASUS\.jdks\openjdk-22.0.2\bin\management.dll
0x00007fff74f70000 - 0x00007fff74f7b000 	C:\Users\ASUS\.jdks\openjdk-22.0.2\bin\management_ext.dll
0x00007fff9d520000 - 0x00007fff9d528000 	C:\Windows\System32\PSAPI.DLL
0x00007fff9bc90000 - 0x00007fff9bca8000 	C:\Windows\SYSTEM32\CRYPTSP.dll
0x00007fff9b2e0000 - 0x00007fff9b314000 	C:\Windows\system32\rsaenh.dll
0x00007fff9cb90000 - 0x00007fff9cbb7000 	C:\Windows\System32\bcrypt.dll
0x00007fff9c1e0000 - 0x00007fff9c20e000 	C:\Windows\SYSTEM32\USERENV.dll
0x00007fff9bcb0000 - 0x00007fff9bcbc000 	C:\Windows\SYSTEM32\CRYPTBASE.dll
0x00007fff9b740000 - 0x00007fff9b77b000 	C:\Windows\SYSTEM32\IPHLPAPI.DLL
0x00007fff9ea10000 - 0x00007fff9ea18000 	C:\Windows\System32\NSI.dll
0x00007fff72a90000 - 0x00007fff72a99000 	C:\Users\ASUS\.jdks\openjdk-22.0.2\bin\extnet.dll
0x00007fff6f690000 - 0x00007fff6f69e000 	C:\Users\ASUS\.jdks\openjdk-22.0.2\bin\sunmscapi.dll
0x00007fff9c2e0000 - 0x00007fff9c436000 	C:\Windows\System32\CRYPT32.dll
0x00007fff9bdb0000 - 0x00007fff9bdd7000 	C:\Windows\SYSTEM32\ncrypt.dll
0x00007fff9bd70000 - 0x00007fff9bdab000 	C:\Windows\SYSTEM32\NTASN1.dll
0x00007fff68540000 - 0x00007fff68547000 	C:\Windows\system32\wshunix.dll

dbghelp: loaded successfully - version: 4.0.5 - missing functions: none
symbol engine: initialized successfully - sym options: 0x614 - pdb path: .;C:\Users\ASUS\.jdks\openjdk-22.0.2\bin;C:\Windows\SYSTEM32;C:\Windows\WinSxS\amd64_microsoft.windows.common-controls_6595b64144ccf1df_6.0.19041.1110_none_60b5254171f9507e;C:\Users\ASUS\.jdks\openjdk-22.0.2\bin\server;C:\Users\ASUS\.gradle\native\c067742578af261105cb4f569cf0c3c89f3d7b1fecec35dd04571415982c5e48\windows-amd64;C:\Users\ASUS\.gradle\native\38dada09dfb8b06ba9b0570ebf7e218e3eb74d4ef43ca46872605cf95ebc2f47\windows-amd64

VM Arguments:
jvm_args: --add-opens=java.base/java.util=ALL-UNNAMED --add-opens=java.base/java.lang=ALL-UNNAMED --add-opens=java.base/java.lang.invoke=ALL-UNNAMED --add-opens=java.prefs/java.util.prefs=ALL-UNNAMED --add-opens=java.base/java.nio.charset=ALL-UNNAMED --add-opens=java.base/java.net=ALL-UNNAMED --add-opens=java.base/java.util.concurrent.atomic=ALL-UNNAMED -XX:MaxMetaspaceSize=384m -XX:+HeapDumpOnOutOfMemoryError -Xms256m -Xmx512m -Dfile.encoding=windows-1252 -Duser.country=US -Duser.language=en -Duser.variant -javaagent:C:\Users\ASUS\.gradle\wrapper\dists\gradle-8.7-bin\bhs2wmbdwecv87pi65oeuq5iu\gradle-8.7\lib\agents\gradle-instrumentation-agent-8.7.jar 
java_command: org.gradle.launcher.daemon.bootstrap.GradleDaemon 8.7
java_class_path (initial): C:\Users\ASUS\.gradle\wrapper\dists\gradle-8.7-bin\bhs2wmbdwecv87pi65oeuq5iu\gradle-8.7\lib\gradle-launcher-8.7.jar
Launcher Type: SUN_STANDARD

[Global flags]
     intx CICompilerCount                          = 3                                         {product} {ergonomic}
   size_t CompressedClassSpaceSize                 = 335544320                                 {product} {ergonomic}
     uint ConcGCThreads                            = 1                                         {product} {ergonomic}
     uint G1ConcRefinementThreads                  = 4                                         {product} {ergonomic}
   size_t G1HeapRegionSize                         = 1048576                                   {product} {ergonomic}
     bool HeapDumpOnOutOfMemoryError               = true                                   {manageable} {command line}
   size_t InitialHeapSize                          = 268435456                                 {product} {command line}
   size_t MarkStackSize                            = 4194304                                   {product} {ergonomic}
   size_t MaxHeapSize                              = 536870912                                 {product} {command line}
   size_t MaxMetaspaceSize                         = 402653184                                 {product} {command line}
   size_t MaxNewSize                               = 321912832                                 {product} {ergonomic}
   size_t MinHeapDeltaBytes                        = 1048576                                   {product} {ergonomic}
   size_t MinHeapSize                              = 268435456                                 {product} {command line}
    uintx NonNMethodCodeHeapSize                   = 5832780                                {pd product} {ergonomic}
    uintx NonProfiledCodeHeapSize                  = 122912730                              {pd product} {ergonomic}
    uintx ProfiledCodeHeapSize                     = 122912730                              {pd product} {ergonomic}
    uintx ReservedCodeCacheSize                    = 251658240                              {pd product} {ergonomic}
     bool SegmentedCodeCache                       = true                                      {product} {ergonomic}
   size_t SoftMaxHeapSize                          = 536870912                              {manageable} {ergonomic}
     bool UseCompressedOops                        = true                           {product lp64_product} {ergonomic}
     bool UseG1GC                                  = true                                      {product} {ergonomic}
     bool UseLargePagesIndividualAllocation        = false                                  {pd product} {ergonomic}

Logging:
Log output configuration:
 #0: stdout all=warning uptime,level,tags foldmultilines=false
 #1: stderr all=off uptime,level,tags foldmultilines=false

Environment Variables:
PATH=C:\Windows\system32;C:\Windows;C:\Windows\System32\Wbem;C:\Windows\System32\WindowsPowerShell\v1.0\;C:\Windows\System32\OpenSSH\;C:\Program Files\Git\cmd;C:\Users\ASUS\AppData\Local\Microsoft\WindowsApps;;D:\WebStorm 2024.1.5\bin;
USERNAME=ASUS
OS=Windows_NT
PROCESSOR_IDENTIFIER=Intel64 Family 6 Model 158 Stepping 9, GenuineIntel
TMP=C:\Users\ASUS\AppData\Local\Temp
TEMP=C:\Users\ASUS\AppData\Local\Temp




Periodic native trim disabled

---------------  S Y S T E M  ---------------

OS:
 Windows 10 , 64 bit Build 19041 (10.0.19041.2546)
OS uptime: 1 days 23:00 hours

CPU: total 4 (initial active 4) (4 cores per cpu, 1 threads per core) family 6 model 158 stepping 9 microcode 0xb4, cx8, cmov, fxsr, mmx, 3dnowpref, sse, sse2, sse3, ssse3, sse4.1, sse4.2, popcnt, lzcnt, tsc, tscinvbit, avx, avx2, aes, erms, clmul, bmi1, bmi2, adx, fma, vzeroupper, clflush, clflushopt, rdtscp, f16c
Processor Information for all 4 processors :
  Max Mhz: 2501, Current Mhz: 2501, Mhz Limit: 2501

Memory: 4k page, system-wide physical 8076M (465M free)
TotalPageFile size 16542M (AvailPageFile size 0M)
current process WorkingSet (physical memory assigned to process): 323M, peak: 323M
current process commit charge ("private bytes"): 448M, peak: 448M

vm_info: OpenJDK 64-Bit Server VM (22.0.2+9-70) for windows-amd64 JRE (22.0.2+9-70), built on 2024-06-04T16:52:23Z by "mach5one" with MS VC++ 17.6 (VS2022)

END.
